<?xml version="1.0" encoding="UTF-8"?>
<testsuite xmlns:xsi="http://www.w3.org/2001/XMLSchema-instance" xsi:noNamespaceSchemaLocation="https://maven.apache.org/surefire/maven-failsafe-plugin/xsd/failsafe-test-report-3.0.xsd" version="3.0" name="starter.CucumberTestSuite" time="55.106" tests="6" errors="0" skipped="0" failures="0">
  <properties>
[...]
</properties>
  <testcase name="Login with correct credentials" classname="Login to Sepulsa Account" time="11.083">
    <system-out><![CDATA[01:36:04.932 [main] DEBUG net.thucydides.core.guice.Injectors - Created injector for module net.thucydides.core.guice.ThucydidesModule
01:36:05.182 [main] DEBUG io.cucumber.core.plugin.SerenityReporter - Running feature from file:///C:/Users/WINDOWS%2010/Documents/GitHub/QE_Andira_Ms/11_Web_Programming_&_Testing/Praktikum/Testing_with_Serenity/Prioritas2/alta/src/test/resources/features/Login.feature
01:36:05.307 [main] DEBUG net.thucydides.core.guice.Injectors - Created injector for module net.thucydides.core.guice.webdriver.WebDriverModule
01:36:05.325 [main] INFO  - 

-------------------------------------------------------------------------------------
     _______. _______ .______       _______ .__   __.  __  .___________.____    ____ 
    /       ||   ____||   _  \     |   ____||  \ |  | |  | |           |\   \  /   / 
   |   (----`|  |__   |  |_)  |    |  |__   |   \|  | |  | `---|  |----` \   \/   /  
    \   \    |   __|  |      /     |   __|  |  . `  | |  |     |  |       \_    _/   
.----)   |   |  |____ |  |\  \----.|  |____ |  |\   | |  |     |  |         |  |     
|_______/    |_______|| _| `._____||_______||__| \__| |__|     |__|         |__|    
                                                                                     
 News and tutorials at http://www.serenity-bdd.info                                  
 Documentation at https://wakaleo.gitbooks.io/the-serenity-book/content/             
 Join the Serenity Community on Gitter: https://gitter.im/serenity-bdd/serenity-core 
 Serenity BDD Support and Training at http://serenity-bdd.info/#/trainingandsupport  
-------------------------------------------------------------------------------------

01:36:05.328 [main] DEBUG net.thucydides.core.steps.StepEventBus - Test suite started for story net.thucydides.core.model.Story@d124f7c
01:36:05.329 [main] INFO  - Test Suite Started: Login to Sepulsa Account
01:36:05.339 [main] DEBUG io.cucumber.core.plugin.SerenityReporter - Running feature from file:///C:/Users/WINDOWS%2010/Documents/GitHub/QE_Andira_Ms/11_Web_Programming_&_Testing/Praktikum/Testing_with_Serenity/Prioritas2/alta/src/test/resources/features/PaymentMethod.feature
01:36:05.343 [main] DEBUG net.thucydides.core.steps.StepEventBus - Test suite started for story net.thucydides.core.model.Story@1f3cee16
01:36:05.344 [main] INFO  - Test Suite Started: Select Payment Method
01:36:05.344 [main] DEBUG io.cucumber.core.plugin.SerenityReporter - Running feature from file:///C:/Users/WINDOWS%2010/Documents/GitHub/QE_Andira_Ms/11_Web_Programming_&_Testing/Praktikum/Testing_with_Serenity/Prioritas2/alta/src/test/resources/features/SelectProduct.feature
01:36:05.348 [main] DEBUG net.thucydides.core.steps.StepEventBus - Test suite started for story net.thucydides.core.model.Story@d891cf10
01:36:05.349 [main] INFO  - Test Suite Started: Select Product ListrikPLN
01:36:05.349 [main] DEBUG io.cucumber.core.plugin.SerenityReporter - Running feature from file:///C:/Users/WINDOWS%2010/Documents/GitHub/QE_Andira_Ms/11_Web_Programming_&_Testing/Praktikum/Testing_with_Serenity/Prioritas2/alta/src/test/resources/features/Login.feature
01:36:05.353 [main] DEBUG net.thucydides.core.steps.StepEventBus - Test suite started for story net.thucydides.core.model.Story@d124f7c
01:36:05.353 [main] INFO  - Test Suite Started: Login to Sepulsa Account

Scenario: Login with correct credentials                      &amp#27;[90m# src/test/resources/features/Login.feature:3&amp#27;[0m
01:36:05.420 [main] DEBUG io.cucumber.core.plugin.SerenityReporter - Running feature from file:///C:/Users/WINDOWS%2010/Documents/GitHub/QE_Andira_Ms/11_Web_Programming_&_Testing/Praktikum/Testing_with_Serenity/Prioritas2/alta/src/test/resources/features/Login.feature
01:36:05.501 [main] INFO  - 
  _____   ___   ___   _____     ___   _____     _     ___   _____   ___   ___  
 |_   _| | __| / __| |_   _|   / __| |_   _|   /_\   | _ \ |_   _| | __| |   \ 
   | |   | _|  \__ \   | |     \__ \   | |    / _ \  |   /   | |   | _|  | |) |
   |_|   |___| |___/   |_|     |___/   |_|   /_/ \_\ |_|_\   |_|   |___| |___/ 

Login with correct credentials(login-to-sepulsa-account;login-with-correct-credentials)
--------------------------------------------------------------------------------
01:36:05.550 [main] DEBUG net.thucydides.core.requirements.model.cucumber.CucumberParser - Loading feature C:\Users\WINDOWS 10\Documents\GitHub\QE_Andira_Ms\11_Web_Programming_&_Testing\Praktikum\Testing_with_Serenity\Prioritas2\alta\src\test\resources\features\Login.feature
01:36:05.569 [main] DEBUG net.thucydides.core.requirements.model.cucumber.CucumberParser - Loading feature C:\Users\WINDOWS 10\Documents\GitHub\QE_Andira_Ms\11_Web_Programming_&_Testing\Praktikum\Testing_with_Serenity\Prioritas2\alta\src\test\resources\features\PaymentMethod.feature
01:36:05.573 [main] DEBUG net.thucydides.core.requirements.model.cucumber.CucumberParser - Loading feature C:\Users\WINDOWS 10\Documents\GitHub\QE_Andira_Ms\11_Web_Programming_&_Testing\Praktikum\Testing_with_Serenity\Prioritas2\alta\src\test\resources\features\SelectProduct.feature
01:36:06.183 [main] DEBUG net.thucydides.core.steps.StepInterceptor - STARTING STEP: LoginSteps.onTheLoginPage - openPage
01:36:06.267 [main] INFO net.serenitybdd.core.webdriver.driverproviders.ChromeDriverProvider - Starting Chrome driver instance with capabilities:
01:36:06.270 [main] INFO net.serenitybdd.core.webdriver.driverproviders.ChromeDriverProvider - Capabilities {acceptInsecureCerts: false, browserName: chrome, goog:chromeOptions: {args: [remote-allow-origins=*], extensions: []}}
01:36:06.345 [main] DEBUG io.netty.util.internal.logging.InternalLoggerFactory - Using SLF4J as the default logging framework
01:36:06.348 [main] DEBUG io.netty.util.ResourceLeakDetector - -Dio.netty.leakDetection.level: simple
01:36:06.348 [main] DEBUG io.netty.util.ResourceLeakDetector - -Dio.netty.leakDetection.targetRecords: 4
01:36:06.351 [main] DEBUG io.netty.util.ResourceLeakDetectorFactory - Loaded default ResourceLeakDetector: io.netty.util.ResourceLeakDetector@2b6fb197
01:36:06.364 [main] DEBUG io.netty.util.internal.PlatformDependent0 - -Dio.netty.noUnsafe: false
01:36:06.364 [main] DEBUG io.netty.util.internal.PlatformDependent0 - Java version: 15
01:36:06.365 [main] DEBUG io.netty.util.internal.PlatformDependent0 - sun.misc.Unsafe.theUnsafe: available
01:36:06.365 [main] DEBUG io.netty.util.internal.PlatformDependent0 - sun.misc.Unsafe.copyMemory: available
01:36:06.366 [main] DEBUG io.netty.util.internal.PlatformDependent0 - sun.misc.Unsafe.storeFence: available
01:36:06.366 [main] DEBUG io.netty.util.internal.PlatformDependent0 - java.nio.Buffer.address: available
01:36:06.366 [main] DEBUG io.netty.util.internal.PlatformDependent0 - direct buffer constructor: unavailable: Reflective setAccessible(true) disabled
01:36:06.367 [main] DEBUG io.netty.util.internal.PlatformDependent0 - java.nio.Bits.unaligned: available, true
01:36:06.368 [main] DEBUG io.netty.util.internal.PlatformDependent0 - jdk.internal.misc.Unsafe.allocateUninitializedArray(int): unavailable: class io.netty.util.internal.PlatformDependent0$7 cannot access class jdk.internal.misc.Unsafe (in module java.base) because module java.base does not export jdk.internal.misc to unnamed module @5ed190be
01:36:06.369 [main] DEBUG io.netty.util.internal.PlatformDependent0 - java.nio.DirectByteBuffer.<init>(long, int): unavailable
01:36:06.369 [main] DEBUG io.netty.util.internal.PlatformDependent - sun.misc.Unsafe: available
01:36:06.370 [main] DEBUG io.netty.util.internal.PlatformDependent - maxDirectMemory: 4133486592 bytes (maybe)
01:36:06.370 [main] DEBUG io.netty.util.internal.PlatformDependent - -Dio.netty.tmpdir: C:\Users\WINDOW~1\AppData\Local\Temp (java.io.tmpdir)
01:36:06.370 [main] DEBUG io.netty.util.internal.PlatformDependent - -Dio.netty.bitMode: 64 (sun.arch.data.model)
01:36:06.370 [main] DEBUG io.netty.util.internal.PlatformDependent - Platform: Windows
01:36:06.371 [main] DEBUG io.netty.util.internal.PlatformDependent - -Dio.netty.maxDirectMemory: -1 bytes
01:36:06.371 [main] DEBUG io.netty.util.internal.PlatformDependent - -Dio.netty.uninitializedArrayAllocationThreshold: -1
01:36:06.372 [main] DEBUG io.netty.util.internal.CleanerJava9 - java.nio.ByteBuffer.cleaner(): available
01:36:06.372 [main] DEBUG io.netty.util.internal.PlatformDependent - -Dio.netty.noPreferDirect: false
01:36:06.379 [main] DEBUG io.netty.util.internal.PlatformDependent - org.jctools-core.MpscChunkedArrayQueue: available
01:36:06.393 [main] DEBUG io.netty.util.internal.InternalThreadLocalMap - -Dio.netty.threadLocalMap.stringBuilder.initialSize: 1024
01:36:06.393 [main] DEBUG io.netty.util.internal.InternalThreadLocalMap - -Dio.netty.threadLocalMap.stringBuilder.maxSize: 4096
01:36:06.522 [main] DEBUG io.netty.handler.ssl.JdkSslContext - Default protocols (JDK): [TLSv1.3, TLSv1.2, TLSv1.1, TLSv1] 
01:36:06.523 [main] DEBUG io.netty.handler.ssl.JdkSslContext - Default cipher suites (JDK): [TLS_ECDHE_ECDSA_WITH_AES_256_GCM_SHA384, TLS_ECDHE_ECDSA_WITH_AES_128_GCM_SHA256, TLS_ECDHE_RSA_WITH_AES_128_GCM_SHA256, TLS_ECDHE_RSA_WITH_AES_256_GCM_SHA384, TLS_ECDHE_RSA_WITH_AES_128_CBC_SHA, TLS_ECDHE_RSA_WITH_AES_256_CBC_SHA, TLS_RSA_WITH_AES_128_GCM_SHA256, TLS_RSA_WITH_AES_128_CBC_SHA, TLS_RSA_WITH_AES_256_CBC_SHA, TLS_AES_128_GCM_SHA256, TLS_AES_256_GCM_SHA384]
01:36:06.541 [main] DEBUG io.netty.channel.MultithreadEventLoopGroup - -Dio.netty.eventLoopThreads: 32
01:36:06.548 [main] DEBUG io.netty.channel.nio.NioEventLoop - -Dio.netty.noKeySetOptimization: false
01:36:06.549 [main] DEBUG io.netty.channel.nio.NioEventLoop - -Dio.netty.selectorAutoRebuildThreshold: 512
01:36:06.592 [main] DEBUG io.netty.buffer.PooledByteBufAllocator - -Dio.netty.allocator.numHeapArenas: 32
01:36:06.593 [main] DEBUG io.netty.buffer.PooledByteBufAllocator - -Dio.netty.allocator.numDirectArenas: 32
01:36:06.593 [main] DEBUG io.netty.buffer.PooledByteBufAllocator - -Dio.netty.allocator.pageSize: 8192
01:36:06.593 [main] DEBUG io.netty.buffer.PooledByteBufAllocator - -Dio.netty.allocator.maxOrder: 9
01:36:06.593 [main] DEBUG io.netty.buffer.PooledByteBufAllocator - -Dio.netty.allocator.chunkSize: 4194304
01:36:06.593 [main] DEBUG io.netty.buffer.PooledByteBufAllocator - -Dio.netty.allocator.smallCacheSize: 256
01:36:06.593 [main] DEBUG io.netty.buffer.PooledByteBufAllocator - -Dio.netty.allocator.normalCacheSize: 64
01:36:06.593 [main] DEBUG io.netty.buffer.PooledByteBufAllocator - -Dio.netty.allocator.maxCachedBufferCapacity: 32768
01:36:06.593 [main] DEBUG io.netty.buffer.PooledByteBufAllocator - -Dio.netty.allocator.cacheTrimInterval: 8192
01:36:06.593 [main] DEBUG io.netty.buffer.PooledByteBufAllocator - -Dio.netty.allocator.cacheTrimIntervalMillis: 0
01:36:06.593 [main] DEBUG io.netty.buffer.PooledByteBufAllocator - -Dio.netty.allocator.useCacheForAllThreads: false
01:36:06.593 [main] DEBUG io.netty.buffer.PooledByteBufAllocator - -Dio.netty.allocator.maxCachedByteBuffersPerChunk: 1023
01:36:06.602 [main] DEBUG io.netty.buffer.ByteBufUtil - -Dio.netty.allocator.type: pooled
01:36:06.602 [main] DEBUG io.netty.buffer.ByteBufUtil - -Dio.netty.threadLocalDirectBufferSize: 0
01:36:06.602 [main] DEBUG io.netty.buffer.ByteBufUtil - -Dio.netty.maxThreadLocalCharBufferSize: 16384
01:36:06.792 [Forwarding newSession on session null to remote] DEBUG io.netty.channel.DefaultChannelId - -Dio.netty.processId: 12132 (auto-detected)
01:36:06.794 [Forwarding newSession on session null to remote] DEBUG io.netty.util.NetUtil - -Djava.net.preferIPv4Stack: false
01:36:06.794 [Forwarding newSession on session null to remote] DEBUG io.netty.util.NetUtil - -Djava.net.preferIPv6Addresses: false
01:36:06.813 [Forwarding newSession on session null to remote] DEBUG io.netty.util.NetUtilInitializations - Loopback interface: lo (Software Loopback Interface 1, 127.0.0.1)
01:36:06.813 [Forwarding newSession on session null to remote] DEBUG io.netty.util.NetUtil - Failed to get SOMAXCONN from sysctl and file \proc\sys\net\core\somaxconn. Default: 200
01:36:06.858 [Forwarding newSession on session null to remote] DEBUG io.netty.channel.DefaultChannelId - -Dio.netty.machineId: 34:cf:f6:ff:fe:2b:0c:19 (auto-detected)
01:36:06.893 [AsyncHttpClient-1-2] DEBUG io.netty.buffer.AbstractByteBuf - -Dio.netty.buffer.checkAccessible: true
01:36:06.893 [AsyncHttpClient-1-2] DEBUG io.netty.buffer.AbstractByteBuf - -Dio.netty.buffer.checkBounds: true
01:36:06.893 [AsyncHttpClient-1-2] DEBUG io.netty.util.ResourceLeakDetectorFactory - Loaded default ResourceLeakDetector: io.netty.util.ResourceLeakDetector@1eaacb67
01:36:06.901 [AsyncHttpClient-1-2] DEBUG org.asynchttpclient.netty.channel.NettyConnectListener - Using new Channel '[id: 0xf524ebe9, L:/127.0.0.1:56994 - R:localhost/127.0.0.1:46761]' for 'POST' to '/session'
01:36:06.912 [AsyncHttpClient-1-2] DEBUG io.netty.util.Recycler - -Dio.netty.recycler.maxCapacityPerThread: 4096
01:36:06.912 [AsyncHttpClient-1-2] DEBUG io.netty.util.Recycler - -Dio.netty.recycler.ratio: 8
01:36:06.912 [AsyncHttpClient-1-2] DEBUG io.netty.util.Recycler - -Dio.netty.recycler.chunkSize: 32
01:36:06.912 [AsyncHttpClient-1-2] DEBUG io.netty.util.Recycler - -Dio.netty.recycler.blocking: false
01:36:07.545 [AsyncHttpClient-1-2] DEBUG io.netty.handler.codec.compression.Brotli - brotli4j not in the classpath; Brotli support will be unavailable.
01:36:07.545 [AsyncHttpClient-1-2] DEBUG org.asynchttpclient.netty.handler.HttpHandler - 

Request DefaultHttpRequest(decodeResult: success, version: HTTP/1.1)
POST /session HTTP/1.1
User-Agent: selenium/4.8.1 (java windows)
Content-Length: 507
Content-Type: application/json; charset=utf-8
host: localhost:46761
accept: */*

Response DefaultHttpResponse(decodeResult: success, version: HTTP/1.1)
HTTP/1.1 200 OK
Content-Length: 862
Content-Type: application/json; charset=utf-8
cache-control: no-cache

01:36:07.551 [AsyncHttpClient-1-2] DEBUG org.asynchttpclient.netty.channel.ChannelManager - Adding key: http://localhost:46761 for channel [id: 0xf524ebe9, L:/127.0.0.1:56994 - R:localhost/127.0.0.1:46761]
01:36:07.590 [AsyncHttpClient-1-1] DEBUG org.asynchttpclient.netty.channel.DefaultChannelPool - Entry count for : http://localhost:46761 : 1
01:36:07.602 [AsyncHttpClient-1-3] DEBUG org.asynchttpclient.netty.channel.NettyConnectListener - Using new Channel '[id: 0xb3b50cd7, L:/127.0.0.1:57002 - R:localhost/127.0.0.1:56996]' for 'GET' to '/json/version'
01:36:07.605 [AsyncHttpClient-1-3] DEBUG org.asynchttpclient.netty.handler.HttpHandler - 

Request DefaultFullHttpRequest(decodeResult: success, version: HTTP/1.1, content: EmptyByteBufBE)
GET /json/version HTTP/1.1
User-Agent: selenium/4.8.1 (java windows)
host: localhost:56996
accept: */*

Response DefaultHttpResponse(decodeResult: success, version: HTTP/1.1)
HTTP/1.1 200 OK
Content-Security-Policy: frame-ancestors 'none'
Content-Length: 422
Content-Type: application/json; charset=UTF-8

01:36:07.605 [AsyncHttpClient-1-3] DEBUG org.asynchttpclient.netty.channel.ChannelManager - Adding key: http://localhost:56996 for channel [id: 0xb3b50cd7, L:/127.0.0.1:57002 - R:localhost/127.0.0.1:56996]
01:36:07.612 [main] DEBUG io.netty.util.internal.ThreadLocalRandom - -Dio.netty.initialSeedUniquifier: 0x6edc502e09efb043
01:36:07.615 [AsyncHttpClient-1-4] DEBUG org.asynchttpclient.netty.channel.NettyConnectListener - Using new Channel '[id: 0xff9646d3, L:/127.0.0.1:57003 - R:localhost/127.0.0.1:56996]' for 'GET' to '/devtools/browser/09523886-5ecd-47e5-b27f-80bd169c1bdd'
01:36:07.617 [AsyncHttpClient-1-4] DEBUG org.asynchttpclient.netty.handler.WebSocketHandler - 

Request DefaultFullHttpRequest(decodeResult: success, version: HTTP/1.1, content: EmptyByteBufBE)
GET /devtools/browser/09523886-5ecd-47e5-b27f-80bd169c1bdd HTTP/1.1
upgrade: websocket
connection: upgrade
sec-websocket-key: X0ReP3XK3K+ZniPyJWuBrw==
sec-websocket-version: 13
origin: http://localhost:56996
host: localhost:56996
accept: */*
user-agent: AHC/2.1

Response DefaultHttpResponse(decodeResult: success, version: HTTP/1.1)
HTTP/1.1 101 WebSocket Protocol Handshake
Upgrade: WebSocket
Connection: Upgrade
Sec-WebSocket-Accept: l7wPN4TB5ClLr/2IPxkVovUc9Fo=

01:36:07.686 [Forwarding get on session 08c5ef6a9a8a9d7f95af7d56111a251a to remote] DEBUG org.asynchttpclient.netty.request.NettyRequestSender - Using pooled Channel '[id: 0xf524ebe9, L:/127.0.0.1:56994 - R:localhost/127.0.0.1:46761]' for 'POST' to 'http://localhost:46761/session/08c5ef6a9a8a9d7f95af7d56111a251a/url'
01:36:07.686 [Forwarding get on session 08c5ef6a9a8a9d7f95af7d56111a251a to remote] DEBUG org.asynchttpclient.netty.request.NettyRequestSender - Using open Channel [id: 0xf524ebe9, L:/127.0.0.1:56994 - R:localhost/127.0.0.1:46761] for POST '/session/08c5ef6a9a8a9d7f95af7d56111a251a/url'
01:36:08.683 [AsyncHttpClient-1-1] DEBUG org.asynchttpclient.netty.channel.DefaultChannelPool - Entry count for : http://localhost:56996 : 1
01:36:09.785 [AsyncHttpClient-1-1] DEBUG org.asynchttpclient.netty.channel.DefaultChannelPool - Entry count for : http://localhost:56996 : 1
01:36:10.883 [AsyncHttpClient-1-1] DEBUG org.asynchttpclient.netty.channel.DefaultChannelPool - Entry count for : http://localhost:56996 : 1
01:36:11.986 [AsyncHttpClient-1-1] DEBUG org.asynchttpclient.netty.channel.DefaultChannelPool - Entry count for : http://localhost:56996 : 1
01:36:13.084 [AsyncHttpClient-1-1] DEBUG org.asynchttpclient.netty.channel.DefaultChannelPool - Entry count for : http://localhost:56996 : 1
01:36:13.088 [AsyncHttpClient-1-2] DEBUG org.asynchttpclient.netty.handler.HttpHandler - 

Request DefaultHttpRequest(decodeResult: success, version: HTTP/1.1)
POST /session/08c5ef6a9a8a9d7f95af7d56111a251a/url HTTP/1.1
User-Agent: selenium/4.8.1 (java windows)
Content-Length: 54
Content-Type: application/json; charset=utf-8
host: localhost:46761
accept: */*

Response DefaultHttpResponse(decodeResult: success, version: HTTP/1.1)
HTTP/1.1 200 OK
Content-Length: 14
Content-Type: application/json; charset=utf-8
cache-control: no-cache

01:36:13.088 [AsyncHttpClient-1-2] DEBUG org.asynchttpclient.netty.channel.ChannelManager - Adding key: http://localhost:46761 for channel [id: 0xf524ebe9, L:/127.0.0.1:56994 - R:localhost/127.0.0.1:46761]
01:36:13.092 [Forwarding setTimeout on session 08c5ef6a9a8a9d7f95af7d56111a251a to remote] DEBUG org.asynchttpclient.netty.request.NettyRequestSender - Using pooled Channel '[id: 0xf524ebe9, L:/127.0.0.1:56994 - R:localhost/127.0.0.1:46761]' for 'POST' to 'http://localhost:46761/session/08c5ef6a9a8a9d7f95af7d56111a251a/timeouts'
01:36:13.092 [Forwarding setTimeout on session 08c5ef6a9a8a9d7f95af7d56111a251a to remote] DEBUG org.asynchttpclient.netty.request.NettyRequestSender - Using open Channel [id: 0xf524ebe9, L:/127.0.0.1:56994 - R:localhost/127.0.0.1:46761] for POST '/session/08c5ef6a9a8a9d7f95af7d56111a251a/timeouts'
01:36:13.094 [AsyncHttpClient-1-2] DEBUG org.asynchttpclient.netty.handler.HttpHandler - 

Request DefaultHttpRequest(decodeResult: success, version: HTTP/1.1)
POST /session/08c5ef6a9a8a9d7f95af7d56111a251a/timeouts HTTP/1.1
User-Agent: selenium/4.8.1 (java windows)
Content-Length: 22
Content-Type: application/json; charset=utf-8
host: localhost:46761
accept: */*

Response DefaultHttpResponse(decodeResult: success, version: HTTP/1.1)
HTTP/1.1 200 OK
Content-Length: 14
Content-Type: application/json; charset=utf-8
cache-control: no-cache

01:36:13.094 [AsyncHttpClient-1-2] DEBUG org.asynchttpclient.netty.channel.ChannelManager - Adding key: http://localhost:46761 for channel [id: 0xf524ebe9, L:/127.0.0.1:56994 - R:localhost/127.0.0.1:46761]
01:36:13.114 [main] DEBUG net.serenitybdd.core.photography.Darkroom - Opening darkroom
01:36:13.115 [Darkroom Processing Line] DEBUG net.serenitybdd.core.photography.DarkroomProcessingLine - Darkroom processing line starting up
01:36:13.123 [Forwarding getAlertText on session 08c5ef6a9a8a9d7f95af7d56111a251a to remote] DEBUG org.asynchttpclient.netty.request.NettyRequestSender - Using pooled Channel '[id: 0xf524ebe9, L:/127.0.0.1:56994 - R:localhost/127.0.0.1:46761]' for 'GET' to 'http://localhost:46761/session/08c5ef6a9a8a9d7f95af7d56111a251a/alert/text'
01:36:13.123 [Forwarding getAlertText on session 08c5ef6a9a8a9d7f95af7d56111a251a to remote] DEBUG org.asynchttpclient.netty.request.NettyRequestSender - Using open Channel [id: 0xf524ebe9, L:/127.0.0.1:56994 - R:localhost/127.0.0.1:46761] for GET '/session/08c5ef6a9a8a9d7f95af7d56111a251a/alert/text'
01:36:13.125 [AsyncHttpClient-1-2] DEBUG org.asynchttpclient.netty.handler.HttpHandler - 

Request DefaultFullHttpRequest(decodeResult: success, version: HTTP/1.1, content: EmptyByteBufBE)
GET /session/08c5ef6a9a8a9d7f95af7d56111a251a/alert/text HTTP/1.1
User-Agent: selenium/4.8.1 (java windows)
Cache-Control: no-cache
Content-Type: application/json; charset=utf-8
host: localhost:46761
accept: */*

Response DefaultHttpResponse(decodeResult: success, version: HTTP/1.1)
HTTP/1.1 404 Not Found
Content-Length: 835
Content-Type: application/json; charset=utf-8
cache-control: no-cache

01:36:13.125 [AsyncHttpClient-1-2] DEBUG org.asynchttpclient.netty.channel.ChannelManager - Adding key: http://localhost:46761 for channel [id: 0xf524ebe9, L:/127.0.0.1:56994 - R:localhost/127.0.0.1:46761]
01:36:13.132 [Forwarding getCurrentUrl on session 08c5ef6a9a8a9d7f95af7d56111a251a to remote] DEBUG org.asynchttpclient.netty.request.NettyRequestSender - Using pooled Channel '[id: 0xf524ebe9, L:/127.0.0.1:56994 - R:localhost/127.0.0.1:46761]' for 'GET' to 'http://localhost:46761/session/08c5ef6a9a8a9d7f95af7d56111a251a/url'
01:36:13.132 [Forwarding getCurrentUrl on session 08c5ef6a9a8a9d7f95af7d56111a251a to remote] DEBUG org.asynchttpclient.netty.request.NettyRequestSender - Using open Channel [id: 0xf524ebe9, L:/127.0.0.1:56994 - R:localhost/127.0.0.1:46761] for GET '/session/08c5ef6a9a8a9d7f95af7d56111a251a/url'
01:36:13.136 [AsyncHttpClient-1-2] DEBUG org.asynchttpclient.netty.handler.HttpHandler - 

Request DefaultFullHttpRequest(decodeResult: success, version: HTTP/1.1, content: EmptyByteBufBE)
GET /session/08c5ef6a9a8a9d7f95af7d56111a251a/url HTTP/1.1
User-Agent: selenium/4.8.1 (java windows)
Cache-Control: no-cache
Content-Type: application/json; charset=utf-8
host: localhost:46761
accept: */*

Response DefaultHttpResponse(decodeResult: success, version: HTTP/1.1)
HTTP/1.1 200 OK
Content-Length: 36
Content-Type: application/json; charset=utf-8
cache-control: no-cache

01:36:13.136 [AsyncHttpClient-1-2] DEBUG org.asynchttpclient.netty.channel.ChannelManager - Adding key: http://localhost:46761 for channel [id: 0xf524ebe9, L:/127.0.0.1:56994 - R:localhost/127.0.0.1:46761]
01:36:13.138 [Forwarding screenshot on session 08c5ef6a9a8a9d7f95af7d56111a251a to remote] DEBUG org.asynchttpclient.netty.request.NettyRequestSender - Using pooled Channel '[id: 0xf524ebe9, L:/127.0.0.1:56994 - R:localhost/127.0.0.1:46761]' for 'GET' to 'http://localhost:46761/session/08c5ef6a9a8a9d7f95af7d56111a251a/screenshot'
01:36:13.139 [Forwarding screenshot on session 08c5ef6a9a8a9d7f95af7d56111a251a to remote] DEBUG org.asynchttpclient.netty.request.NettyRequestSender - Using open Channel [id: 0xf524ebe9, L:/127.0.0.1:56994 - R:localhost/127.0.0.1:46761] for GET '/session/08c5ef6a9a8a9d7f95af7d56111a251a/screenshot'
01:36:13.297 [AsyncHttpClient-1-2] DEBUG org.asynchttpclient.netty.handler.HttpHandler - 

Request DefaultFullHttpRequest(decodeResult: success, version: HTTP/1.1, content: EmptyByteBufBE)
GET /session/08c5ef6a9a8a9d7f95af7d56111a251a/screenshot HTTP/1.1
User-Agent: selenium/4.8.1 (java windows)
Cache-Control: no-cache
Content-Type: application/json; charset=utf-8
host: localhost:46761
accept: */*

Response DefaultHttpResponse(decodeResult: success, version: HTTP/1.1)
HTTP/1.1 200 OK
Content-Length: 528708
Content-Type: application/json; charset=utf-8
cache-control: no-cache

01:36:13.300 [AsyncHttpClient-1-2] DEBUG org.asynchttpclient.netty.channel.ChannelManager - Adding key: http://localhost:46761 for channel [id: 0xf524ebe9, L:/127.0.0.1:56994 - R:localhost/127.0.0.1:46761]
01:36:13.360 [main] DEBUG net.serenitybdd.core.photography.Darkroom - Send negative for processing for target\site\serenity\208f4568a17452920c723be76a5654ada0dbfcaa4b9a8ef77e175606945f197f.png
01:36:13.361 [Darkroom Processing Line] DEBUG net.serenitybdd.core.photography.DarkroomProcessingLine - Processing screenshot image in /var/screenshots/screenshot-8965466073005222526
01:36:13.361 [Darkroom Processing Line] DEBUG net.serenitybdd.core.photography.DarkroomProcessingLine - Saving screenshot to target\site\serenity\208f4568a17452920c723be76a5654ada0dbfcaa4b9a8ef77e175606945f197f.png
01:36:13.363 [main] DEBUG net.thucydides.core.steps.StepInterceptor - STEP DONE: openPage
01:36:13.372 [Forwarding getPageSource on session 08c5ef6a9a8a9d7f95af7d56111a251a to remote] DEBUG org.asynchttpclient.netty.request.NettyRequestSender - Using pooled Channel '[id: 0xf524ebe9, L:/127.0.0.1:56994 - R:localhost/127.0.0.1:46761]' for 'POST' to 'http://localhost:46761/session/08c5ef6a9a8a9d7f95af7d56111a251a/execute/sync'
01:36:13.372 [Forwarding getPageSource on session 08c5ef6a9a8a9d7f95af7d56111a251a to remote] DEBUG org.asynchttpclient.netty.request.NettyRequestSender - Using open Channel [id: 0xf524ebe9, L:/127.0.0.1:56994 - R:localhost/127.0.0.1:46761] for POST '/session/08c5ef6a9a8a9d7f95af7d56111a251a/execute/sync'
01:36:13.387 [AsyncHttpClient-1-2] DEBUG org.asynchttpclient.netty.handler.HttpHandler - 

Request DefaultHttpRequest(decodeResult: success, version: HTTP/1.1)
POST /session/08c5ef6a9a8a9d7f95af7d56111a251a/execute/sync HTTP/1.1
User-Agent: selenium/4.8.1 (java windows)
Content-Length: 176
Content-Type: application/json; charset=utf-8
host: localhost:46761
accept: */*

Response DefaultHttpResponse(decodeResult: success, version: HTTP/1.1)
HTTP/1.1 200 OK
Content-Length: 182088
Content-Type: application/json; charset=utf-8
cache-control: no-cache

01:36:13.388 [AsyncHttpClient-1-2] DEBUG org.asynchttpclient.netty.channel.ChannelManager - Adding key: http://localhost:46761 for channel [id: 0xf524ebe9, L:/127.0.0.1:56994 - R:localhost/127.0.0.1:46761]
01:36:13.522 [Forwarding getCurrentUrl on session 08c5ef6a9a8a9d7f95af7d56111a251a to remote] DEBUG org.asynchttpclient.netty.request.NettyRequestSender - Using pooled Channel '[id: 0xf524ebe9, L:/127.0.0.1:56994 - R:localhost/127.0.0.1:46761]' for 'GET' to 'http://localhost:46761/session/08c5ef6a9a8a9d7f95af7d56111a251a/url'
01:36:13.522 [Forwarding getCurrentUrl on session 08c5ef6a9a8a9d7f95af7d56111a251a to remote] DEBUG org.asynchttpclient.netty.request.NettyRequestSender - Using open Channel [id: 0xf524ebe9, L:/127.0.0.1:56994 - R:localhost/127.0.0.1:46761] for GET '/session/08c5ef6a9a8a9d7f95af7d56111a251a/url'
01:36:13.525 [AsyncHttpClient-1-2] DEBUG org.asynchttpclient.netty.handler.HttpHandler - 

Request DefaultFullHttpRequest(decodeResult: success, version: HTTP/1.1, content: EmptyByteBufBE)
GET /session/08c5ef6a9a8a9d7f95af7d56111a251a/url HTTP/1.1
User-Agent: selenium/4.8.1 (java windows)
Cache-Control: no-cache
Content-Type: application/json; charset=utf-8
host: localhost:46761
accept: */*

Response DefaultHttpResponse(decodeResult: success, version: HTTP/1.1)
HTTP/1.1 200 OK
Content-Length: 36
Content-Type: application/json; charset=utf-8
cache-control: no-cache

01:36:13.525 [AsyncHttpClient-1-2] DEBUG org.asynchttpclient.netty.channel.ChannelManager - Adding key: http://localhost:46761 for channel [id: 0xf524ebe9, L:/127.0.0.1:56994 - R:localhost/127.0.0.1:46761]
01:36:13.528 [main] DEBUG net.thucydides.core.steps.StepInterceptor - STARTING STEP: LoginSteps.onTheLoginPage - validateOnLoginPage
01:36:13.536 [Forwarding findElement on session 08c5ef6a9a8a9d7f95af7d56111a251a to remote] DEBUG org.asynchttpclient.netty.request.NettyRequestSender - Using pooled Channel '[id: 0xf524ebe9, L:/127.0.0.1:56994 - R:localhost/127.0.0.1:46761]' for 'POST' to 'http://localhost:46761/session/08c5ef6a9a8a9d7f95af7d56111a251a/element'
01:36:13.536 [Forwarding findElement on session 08c5ef6a9a8a9d7f95af7d56111a251a to remote] DEBUG org.asynchttpclient.netty.request.NettyRequestSender - Using open Channel [id: 0xf524ebe9, L:/127.0.0.1:56994 - R:localhost/127.0.0.1:46761] for POST '/session/08c5ef6a9a8a9d7f95af7d56111a251a/element'
01:36:13.550 [AsyncHttpClient-1-2] DEBUG org.asynchttpclient.netty.handler.HttpHandler - 

Request DefaultHttpRequest(decodeResult: success, version: HTTP/1.1)
POST /session/08c5ef6a9a8a9d7f95af7d56111a251a/element HTTP/1.1
User-Agent: selenium/4.8.1 (java windows)
Content-Length: 62
Content-Type: application/json; charset=utf-8
host: localhost:46761
accept: */*

Response DefaultHttpResponse(decodeResult: success, version: HTTP/1.1)
HTTP/1.1 200 OK
Content-Length: 88
Content-Type: application/json; charset=utf-8
cache-control: no-cache

01:36:13.551 [AsyncHttpClient-1-2] DEBUG org.asynchttpclient.netty.channel.ChannelManager - Adding key: http://localhost:46761 for channel [id: 0xf524ebe9, L:/127.0.0.1:56994 - R:localhost/127.0.0.1:46761]
01:36:13.565 [Forwarding isElementDisplayed on session 08c5ef6a9a8a9d7f95af7d56111a251a to remote] DEBUG org.asynchttpclient.netty.request.NettyRequestSender - Using pooled Channel '[id: 0xf524ebe9, L:/127.0.0.1:56994 - R:localhost/127.0.0.1:46761]' for 'POST' to 'http://localhost:46761/session/08c5ef6a9a8a9d7f95af7d56111a251a/execute/sync'
01:36:13.565 [Forwarding isElementDisplayed on session 08c5ef6a9a8a9d7f95af7d56111a251a to remote] DEBUG org.asynchttpclient.netty.request.NettyRequestSender - Using open Channel [id: 0xf524ebe9, L:/127.0.0.1:56994 - R:localhost/127.0.0.1:46761] for POST '/session/08c5ef6a9a8a9d7f95af7d56111a251a/execute/sync'
01:36:13.581 [AsyncHttpClient-1-2] DEBUG org.asynchttpclient.netty.handler.HttpHandler - 

Request DefaultHttpRequest(decodeResult: success, version: HTTP/1.1)
POST /session/08c5ef6a9a8a9d7f95af7d56111a251a/execute/sync HTTP/1.1
User-Agent: selenium/4.8.1 (java windows)
Content-Length: 48807
Content-Type: application/json; charset=utf-8
host: localhost:46761
accept: */*

Response DefaultHttpResponse(decodeResult: success, version: HTTP/1.1)
HTTP/1.1 200 OK
Content-Length: 14
Content-Type: application/json; charset=utf-8
cache-control: no-cache

01:36:13.582 [AsyncHttpClient-1-2] DEBUG org.asynchttpclient.netty.channel.ChannelManager - Adding key: http://localhost:46761 for channel [id: 0xf524ebe9, L:/127.0.0.1:56994 - R:localhost/127.0.0.1:46761]
01:36:13.589 [Forwarding getAlertText on session 08c5ef6a9a8a9d7f95af7d56111a251a to remote] DEBUG org.asynchttpclient.netty.request.NettyRequestSender - Using pooled Channel '[id: 0xf524ebe9, L:/127.0.0.1:56994 - R:localhost/127.0.0.1:46761]' for 'GET' to 'http://localhost:46761/session/08c5ef6a9a8a9d7f95af7d56111a251a/alert/text'
01:36:13.589 [Forwarding getAlertText on session 08c5ef6a9a8a9d7f95af7d56111a251a to remote] DEBUG org.asynchttpclient.netty.request.NettyRequestSender - Using open Channel [id: 0xf524ebe9, L:/127.0.0.1:56994 - R:localhost/127.0.0.1:46761] for GET '/session/08c5ef6a9a8a9d7f95af7d56111a251a/alert/text'
01:36:13.592 [AsyncHttpClient-1-2] DEBUG org.asynchttpclient.netty.handler.HttpHandler - 

Request DefaultFullHttpRequest(decodeResult: success, version: HTTP/1.1, content: EmptyByteBufBE)
GET /session/08c5ef6a9a8a9d7f95af7d56111a251a/alert/text HTTP/1.1
User-Agent: selenium/4.8.1 (java windows)
Cache-Control: no-cache
Content-Type: application/json; charset=utf-8
host: localhost:46761
accept: */*

Response DefaultHttpResponse(decodeResult: success, version: HTTP/1.1)
HTTP/1.1 404 Not Found
Content-Length: 835
Content-Type: application/json; charset=utf-8
cache-control: no-cache

01:36:13.592 [AsyncHttpClient-1-2] DEBUG org.asynchttpclient.netty.channel.ChannelManager - Adding key: http://localhost:46761 for channel [id: 0xf524ebe9, L:/127.0.0.1:56994 - R:localhost/127.0.0.1:46761]
01:36:13.596 [Forwarding getCurrentUrl on session 08c5ef6a9a8a9d7f95af7d56111a251a to remote] DEBUG org.asynchttpclient.netty.request.NettyRequestSender - Using pooled Channel '[id: 0xf524ebe9, L:/127.0.0.1:56994 - R:localhost/127.0.0.1:46761]' for 'GET' to 'http://localhost:46761/session/08c5ef6a9a8a9d7f95af7d56111a251a/url'
01:36:13.596 [Forwarding getCurrentUrl on session 08c5ef6a9a8a9d7f95af7d56111a251a to remote] DEBUG org.asynchttpclient.netty.request.NettyRequestSender - Using open Channel [id: 0xf524ebe9, L:/127.0.0.1:56994 - R:localhost/127.0.0.1:46761] for GET '/session/08c5ef6a9a8a9d7f95af7d56111a251a/url'
01:36:13.601 [AsyncHttpClient-1-2] DEBUG org.asynchttpclient.netty.handler.HttpHandler - 

Request DefaultFullHttpRequest(decodeResult: success, version: HTTP/1.1, content: EmptyByteBufBE)
GET /session/08c5ef6a9a8a9d7f95af7d56111a251a/url HTTP/1.1
User-Agent: selenium/4.8.1 (java windows)
Cache-Control: no-cache
Content-Type: application/json; charset=utf-8
host: localhost:46761
accept: */*

Response DefaultHttpResponse(decodeResult: success, version: HTTP/1.1)
HTTP/1.1 200 OK
Content-Length: 36
Content-Type: application/json; charset=utf-8
cache-control: no-cache

01:36:13.602 [AsyncHttpClient-1-2] DEBUG org.asynchttpclient.netty.channel.ChannelManager - Adding key: http://localhost:46761 for channel [id: 0xf524ebe9, L:/127.0.0.1:56994 - R:localhost/127.0.0.1:46761]
01:36:13.604 [Forwarding screenshot on session 08c5ef6a9a8a9d7f95af7d56111a251a to remote] DEBUG org.asynchttpclient.netty.request.NettyRequestSender - Using pooled Channel '[id: 0xf524ebe9, L:/127.0.0.1:56994 - R:localhost/127.0.0.1:46761]' for 'GET' to 'http://localhost:46761/session/08c5ef6a9a8a9d7f95af7d56111a251a/screenshot'
01:36:13.604 [Forwarding screenshot on session 08c5ef6a9a8a9d7f95af7d56111a251a to remote] DEBUG org.asynchttpclient.netty.request.NettyRequestSender - Using open Channel [id: 0xf524ebe9, L:/127.0.0.1:56994 - R:localhost/127.0.0.1:46761] for GET '/session/08c5ef6a9a8a9d7f95af7d56111a251a/screenshot'
01:36:13.758 [AsyncHttpClient-1-2] DEBUG org.asynchttpclient.netty.handler.HttpHandler - 

Request DefaultFullHttpRequest(decodeResult: success, version: HTTP/1.1, content: EmptyByteBufBE)
GET /session/08c5ef6a9a8a9d7f95af7d56111a251a/screenshot HTTP/1.1
User-Agent: selenium/4.8.1 (java windows)
Cache-Control: no-cache
Content-Type: application/json; charset=utf-8
host: localhost:46761
accept: */*

Response DefaultHttpResponse(decodeResult: success, version: HTTP/1.1)
HTTP/1.1 200 OK
Content-Length: 528708
Content-Type: application/json; charset=utf-8
cache-control: no-cache

01:36:13.761 [AsyncHttpClient-1-2] DEBUG org.asynchttpclient.netty.channel.ChannelManager - Adding key: http://localhost:46761 for channel [id: 0xf524ebe9, L:/127.0.0.1:56994 - R:localhost/127.0.0.1:46761]
01:36:13.771 [main] DEBUG net.serenitybdd.core.photography.Darkroom - Send negative for processing for target\site\serenity\208f4568a17452920c723be76a5654ada0dbfcaa4b9a8ef77e175606945f197f.png
01:36:13.772 [main] DEBUG net.thucydides.core.steps.StepInterceptor - STEP DONE: validateOnLoginPage
  &amp#27;[32mGiven &amp#27;[0m&amp#27;[32mI am on the Sepulsa login page&amp#27;[0m                        &amp#27;[90m# starter.stepdefintions.LoginSteps.onTheLoginPage()&amp#27;[0m
01:36:13.786 [Forwarding getPageSource on session 08c5ef6a9a8a9d7f95af7d56111a251a to remote] DEBUG org.asynchttpclient.netty.request.NettyRequestSender - Using pooled Channel '[id: 0xf524ebe9, L:/127.0.0.1:56994 - R:localhost/127.0.0.1:46761]' for 'POST' to 'http://localhost:46761/session/08c5ef6a9a8a9d7f95af7d56111a251a/execute/sync'
01:36:13.787 [Forwarding getPageSource on session 08c5ef6a9a8a9d7f95af7d56111a251a to remote] DEBUG org.asynchttpclient.netty.request.NettyRequestSender - Using open Channel [id: 0xf524ebe9, L:/127.0.0.1:56994 - R:localhost/127.0.0.1:46761] for POST '/session/08c5ef6a9a8a9d7f95af7d56111a251a/execute/sync'
01:36:13.803 [AsyncHttpClient-1-2] DEBUG org.asynchttpclient.netty.handler.HttpHandler - 

Request DefaultHttpRequest(decodeResult: success, version: HTTP/1.1)
POST /session/08c5ef6a9a8a9d7f95af7d56111a251a/execute/sync HTTP/1.1
User-Agent: selenium/4.8.1 (java windows)
Content-Length: 176
Content-Type: application/json; charset=utf-8
host: localhost:46761
accept: */*

Response DefaultHttpResponse(decodeResult: success, version: HTTP/1.1)
HTTP/1.1 200 OK
Content-Length: 182088
Content-Type: application/json; charset=utf-8
cache-control: no-cache

01:36:13.804 [AsyncHttpClient-1-2] DEBUG org.asynchttpclient.netty.channel.ChannelManager - Adding key: http://localhost:46761 for channel [id: 0xf524ebe9, L:/127.0.0.1:56994 - R:localhost/127.0.0.1:46761]
01:36:13.818 [Forwarding getCurrentUrl on session 08c5ef6a9a8a9d7f95af7d56111a251a to remote] DEBUG org.asynchttpclient.netty.request.NettyRequestSender - Using pooled Channel '[id: 0xf524ebe9, L:/127.0.0.1:56994 - R:localhost/127.0.0.1:46761]' for 'GET' to 'http://localhost:46761/session/08c5ef6a9a8a9d7f95af7d56111a251a/url'
01:36:13.818 [Forwarding getCurrentUrl on session 08c5ef6a9a8a9d7f95af7d56111a251a to remote] DEBUG org.asynchttpclient.netty.request.NettyRequestSender - Using open Channel [id: 0xf524ebe9, L:/127.0.0.1:56994 - R:localhost/127.0.0.1:46761] for GET '/session/08c5ef6a9a8a9d7f95af7d56111a251a/url'
01:36:13.822 [AsyncHttpClient-1-2] DEBUG org.asynchttpclient.netty.handler.HttpHandler - 

Request DefaultFullHttpRequest(decodeResult: success, version: HTTP/1.1, content: EmptyByteBufBE)
GET /session/08c5ef6a9a8a9d7f95af7d56111a251a/url HTTP/1.1
User-Agent: selenium/4.8.1 (java windows)
Cache-Control: no-cache
Content-Type: application/json; charset=utf-8
host: localhost:46761
accept: */*

Response DefaultHttpResponse(decodeResult: success, version: HTTP/1.1)
HTTP/1.1 200 OK
Content-Length: 36
Content-Type: application/json; charset=utf-8
cache-control: no-cache

01:36:13.822 [AsyncHttpClient-1-2] DEBUG org.asynchttpclient.netty.channel.ChannelManager - Adding key: http://localhost:46761 for channel [id: 0xf524ebe9, L:/127.0.0.1:56994 - R:localhost/127.0.0.1:46761]
01:36:13.832 [Forwarding getAlertText on session 08c5ef6a9a8a9d7f95af7d56111a251a to remote] DEBUG org.asynchttpclient.netty.request.NettyRequestSender - Using pooled Channel '[id: 0xf524ebe9, L:/127.0.0.1:56994 - R:localhost/127.0.0.1:46761]' for 'GET' to 'http://localhost:46761/session/08c5ef6a9a8a9d7f95af7d56111a251a/alert/text'
01:36:13.832 [Forwarding getAlertText on session 08c5ef6a9a8a9d7f95af7d56111a251a to remote] DEBUG org.asynchttpclient.netty.request.NettyRequestSender - Using open Channel [id: 0xf524ebe9, L:/127.0.0.1:56994 - R:localhost/127.0.0.1:46761] for GET '/session/08c5ef6a9a8a9d7f95af7d56111a251a/alert/text'
01:36:13.833 [AsyncHttpClient-1-2] DEBUG org.asynchttpclient.netty.handler.HttpHandler - 

Request DefaultFullHttpRequest(decodeResult: success, version: HTTP/1.1, content: EmptyByteBufBE)
GET /session/08c5ef6a9a8a9d7f95af7d56111a251a/alert/text HTTP/1.1
User-Agent: selenium/4.8.1 (java windows)
Cache-Control: no-cache
Content-Type: application/json; charset=utf-8
host: localhost:46761
accept: */*

Response DefaultHttpResponse(decodeResult: success, version: HTTP/1.1)
HTTP/1.1 404 Not Found
Content-Length: 835
Content-Type: application/json; charset=utf-8
cache-control: no-cache

01:36:13.833 [AsyncHttpClient-1-2] DEBUG org.asynchttpclient.netty.channel.ChannelManager - Adding key: http://localhost:46761 for channel [id: 0xf524ebe9, L:/127.0.0.1:56994 - R:localhost/127.0.0.1:46761]
01:36:13.835 [Forwarding getCurrentUrl on session 08c5ef6a9a8a9d7f95af7d56111a251a to remote] DEBUG org.asynchttpclient.netty.request.NettyRequestSender - Using pooled Channel '[id: 0xf524ebe9, L:/127.0.0.1:56994 - R:localhost/127.0.0.1:46761]' for 'GET' to 'http://localhost:46761/session/08c5ef6a9a8a9d7f95af7d56111a251a/url'
01:36:13.836 [Forwarding getCurrentUrl on session 08c5ef6a9a8a9d7f95af7d56111a251a to remote] DEBUG org.asynchttpclient.netty.request.NettyRequestSender - Using open Channel [id: 0xf524ebe9, L:/127.0.0.1:56994 - R:localhost/127.0.0.1:46761] for GET '/session/08c5ef6a9a8a9d7f95af7d56111a251a/url'
01:36:13.839 [AsyncHttpClient-1-2] DEBUG org.asynchttpclient.netty.handler.HttpHandler - 

Request DefaultFullHttpRequest(decodeResult: success, version: HTTP/1.1, content: EmptyByteBufBE)
GET /session/08c5ef6a9a8a9d7f95af7d56111a251a/url HTTP/1.1
User-Agent: selenium/4.8.1 (java windows)
Cache-Control: no-cache
Content-Type: application/json; charset=utf-8
host: localhost:46761
accept: */*

Response DefaultHttpResponse(decodeResult: success, version: HTTP/1.1)
HTTP/1.1 200 OK
Content-Length: 36
Content-Type: application/json; charset=utf-8
cache-control: no-cache

01:36:13.839 [AsyncHttpClient-1-2] DEBUG org.asynchttpclient.netty.channel.ChannelManager - Adding key: http://localhost:46761 for channel [id: 0xf524ebe9, L:/127.0.0.1:56994 - R:localhost/127.0.0.1:46761]
01:36:13.840 [Forwarding screenshot on session 08c5ef6a9a8a9d7f95af7d56111a251a to remote] DEBUG org.asynchttpclient.netty.request.NettyRequestSender - Using pooled Channel '[id: 0xf524ebe9, L:/127.0.0.1:56994 - R:localhost/127.0.0.1:46761]' for 'GET' to 'http://localhost:46761/session/08c5ef6a9a8a9d7f95af7d56111a251a/screenshot'
01:36:13.840 [Forwarding screenshot on session 08c5ef6a9a8a9d7f95af7d56111a251a to remote] DEBUG org.asynchttpclient.netty.request.NettyRequestSender - Using open Channel [id: 0xf524ebe9, L:/127.0.0.1:56994 - R:localhost/127.0.0.1:46761] for GET '/session/08c5ef6a9a8a9d7f95af7d56111a251a/screenshot'
01:36:13.996 [AsyncHttpClient-1-2] DEBUG org.asynchttpclient.netty.handler.HttpHandler - 

Request DefaultFullHttpRequest(decodeResult: success, version: HTTP/1.1, content: EmptyByteBufBE)
GET /session/08c5ef6a9a8a9d7f95af7d56111a251a/screenshot HTTP/1.1
User-Agent: selenium/4.8.1 (java windows)
Cache-Control: no-cache
Content-Type: application/json; charset=utf-8
host: localhost:46761
accept: */*

Response DefaultHttpResponse(decodeResult: success, version: HTTP/1.1)
HTTP/1.1 200 OK
Content-Length: 528708
Content-Type: application/json; charset=utf-8
cache-control: no-cache

01:36:13.998 [AsyncHttpClient-1-2] DEBUG org.asynchttpclient.netty.channel.ChannelManager - Adding key: http://localhost:46761 for channel [id: 0xf524ebe9, L:/127.0.0.1:56994 - R:localhost/127.0.0.1:46761]
01:36:14.009 [main] DEBUG net.serenitybdd.core.photography.Darkroom - Send negative for processing for target\site\serenity\208f4568a17452920c723be76a5654ada0dbfcaa4b9a8ef77e175606945f197f.png
01:36:14.011 [Forwarding getPageSource on session 08c5ef6a9a8a9d7f95af7d56111a251a to remote] DEBUG org.asynchttpclient.netty.request.NettyRequestSender - Using pooled Channel '[id: 0xf524ebe9, L:/127.0.0.1:56994 - R:localhost/127.0.0.1:46761]' for 'POST' to 'http://localhost:46761/session/08c5ef6a9a8a9d7f95af7d56111a251a/execute/sync'
01:36:14.011 [Forwarding getPageSource on session 08c5ef6a9a8a9d7f95af7d56111a251a to remote] DEBUG org.asynchttpclient.netty.request.NettyRequestSender - Using open Channel [id: 0xf524ebe9, L:/127.0.0.1:56994 - R:localhost/127.0.0.1:46761] for POST '/session/08c5ef6a9a8a9d7f95af7d56111a251a/execute/sync'
01:36:14.024 [AsyncHttpClient-1-2] DEBUG org.asynchttpclient.netty.handler.HttpHandler - 

Request DefaultHttpRequest(decodeResult: success, version: HTTP/1.1)
POST /session/08c5ef6a9a8a9d7f95af7d56111a251a/execute/sync HTTP/1.1
User-Agent: selenium/4.8.1 (java windows)
Content-Length: 176
Content-Type: application/json; charset=utf-8
host: localhost:46761
accept: */*

Response DefaultHttpResponse(decodeResult: success, version: HTTP/1.1)
HTTP/1.1 200 OK
Content-Length: 182088
Content-Type: application/json; charset=utf-8
cache-control: no-cache

01:36:14.025 [AsyncHttpClient-1-2] DEBUG org.asynchttpclient.netty.channel.ChannelManager - Adding key: http://localhost:46761 for channel [id: 0xf524ebe9, L:/127.0.0.1:56994 - R:localhost/127.0.0.1:46761]
01:36:14.040 [Forwarding getCurrentUrl on session 08c5ef6a9a8a9d7f95af7d56111a251a to remote] DEBUG org.asynchttpclient.netty.request.NettyRequestSender - Using pooled Channel '[id: 0xf524ebe9, L:/127.0.0.1:56994 - R:localhost/127.0.0.1:46761]' for 'GET' to 'http://localhost:46761/session/08c5ef6a9a8a9d7f95af7d56111a251a/url'
01:36:14.040 [Forwarding getCurrentUrl on session 08c5ef6a9a8a9d7f95af7d56111a251a to remote] DEBUG org.asynchttpclient.netty.request.NettyRequestSender - Using open Channel [id: 0xf524ebe9, L:/127.0.0.1:56994 - R:localhost/127.0.0.1:46761] for GET '/session/08c5ef6a9a8a9d7f95af7d56111a251a/url'
01:36:14.044 [AsyncHttpClient-1-2] DEBUG org.asynchttpclient.netty.handler.HttpHandler - 

Request DefaultFullHttpRequest(decodeResult: success, version: HTTP/1.1, content: EmptyByteBufBE)
GET /session/08c5ef6a9a8a9d7f95af7d56111a251a/url HTTP/1.1
User-Agent: selenium/4.8.1 (java windows)
Cache-Control: no-cache
Content-Type: application/json; charset=utf-8
host: localhost:46761
accept: */*

Response DefaultHttpResponse(decodeResult: success, version: HTTP/1.1)
HTTP/1.1 200 OK
Content-Length: 36
Content-Type: application/json; charset=utf-8
cache-control: no-cache

01:36:14.044 [AsyncHttpClient-1-2] DEBUG org.asynchttpclient.netty.channel.ChannelManager - Adding key: http://localhost:46761 for channel [id: 0xf524ebe9, L:/127.0.0.1:56994 - R:localhost/127.0.0.1:46761]
01:36:14.046 [main] DEBUG net.thucydides.core.steps.StepInterceptor - STARTING STEP: LoginSteps.clickLoginButton - clickLoginButton
01:36:14.050 [Forwarding findElement on session 08c5ef6a9a8a9d7f95af7d56111a251a to remote] DEBUG org.asynchttpclient.netty.request.NettyRequestSender - Using pooled Channel '[id: 0xf524ebe9, L:/127.0.0.1:56994 - R:localhost/127.0.0.1:46761]' for 'POST' to 'http://localhost:46761/session/08c5ef6a9a8a9d7f95af7d56111a251a/element'
01:36:14.050 [Forwarding findElement on session 08c5ef6a9a8a9d7f95af7d56111a251a to remote] DEBUG org.asynchttpclient.netty.request.NettyRequestSender - Using open Channel [id: 0xf524ebe9, L:/127.0.0.1:56994 - R:localhost/127.0.0.1:46761] for POST '/session/08c5ef6a9a8a9d7f95af7d56111a251a/element'
01:36:14.056 [AsyncHttpClient-1-2] DEBUG org.asynchttpclient.netty.handler.HttpHandler - 

Request DefaultHttpRequest(decodeResult: success, version: HTTP/1.1)
POST /session/08c5ef6a9a8a9d7f95af7d56111a251a/element HTTP/1.1
User-Agent: selenium/4.8.1 (java windows)
Content-Length: 62
Content-Type: application/json; charset=utf-8
host: localhost:46761
accept: */*

Response DefaultHttpResponse(decodeResult: success, version: HTTP/1.1)
HTTP/1.1 200 OK
Content-Length: 88
Content-Type: application/json; charset=utf-8
cache-control: no-cache

01:36:14.057 [AsyncHttpClient-1-2] DEBUG org.asynchttpclient.netty.channel.ChannelManager - Adding key: http://localhost:46761 for channel [id: 0xf524ebe9, L:/127.0.0.1:56994 - R:localhost/127.0.0.1:46761]
01:36:14.059 [Forwarding getElementTagName on session 08c5ef6a9a8a9d7f95af7d56111a251a to remote] DEBUG org.asynchttpclient.netty.request.NettyRequestSender - Using pooled Channel '[id: 0xf524ebe9, L:/127.0.0.1:56994 - R:localhost/127.0.0.1:46761]' for 'GET' to 'http://localhost:46761/session/08c5ef6a9a8a9d7f95af7d56111a251a/element/fe872b44-2c3e-4aaa-8461-59d1c6f82026/name'
01:36:14.059 [Forwarding getElementTagName on session 08c5ef6a9a8a9d7f95af7d56111a251a to remote] DEBUG org.asynchttpclient.netty.request.NettyRequestSender - Using open Channel [id: 0xf524ebe9, L:/127.0.0.1:56994 - R:localhost/127.0.0.1:46761] for GET '/session/08c5ef6a9a8a9d7f95af7d56111a251a/element/fe872b44-2c3e-4aaa-8461-59d1c6f82026/name'
01:36:14.062 [AsyncHttpClient-1-2] DEBUG org.asynchttpclient.netty.handler.HttpHandler - 

Request DefaultFullHttpRequest(decodeResult: success, version: HTTP/1.1, content: EmptyByteBufBE)
GET /session/08c5ef6a9a8a9d7f95af7d56111a251a/element/fe872b44-2c3e-4aaa-8461-59d1c6f82026/name HTTP/1.1
User-Agent: selenium/4.8.1 (java windows)
Cache-Control: no-cache
Content-Type: application/json; charset=utf-8
host: localhost:46761
accept: */*

Response DefaultHttpResponse(decodeResult: success, version: HTTP/1.1)
HTTP/1.1 200 OK
Content-Length: 16
Content-Type: application/json; charset=utf-8
cache-control: no-cache

01:36:14.063 [AsyncHttpClient-1-2] DEBUG org.asynchttpclient.netty.channel.ChannelManager - Adding key: http://localhost:46761 for channel [id: 0xf524ebe9, L:/127.0.0.1:56994 - R:localhost/127.0.0.1:46761]
01:36:14.064 [Forwarding getElementTagName on session 08c5ef6a9a8a9d7f95af7d56111a251a to remote] DEBUG org.asynchttpclient.netty.request.NettyRequestSender - Using pooled Channel '[id: 0xf524ebe9, L:/127.0.0.1:56994 - R:localhost/127.0.0.1:46761]' for 'GET' to 'http://localhost:46761/session/08c5ef6a9a8a9d7f95af7d56111a251a/element/fe872b44-2c3e-4aaa-8461-59d1c6f82026/name'
01:36:14.064 [Forwarding getElementTagName on session 08c5ef6a9a8a9d7f95af7d56111a251a to remote] DEBUG org.asynchttpclient.netty.request.NettyRequestSender - Using open Channel [id: 0xf524ebe9, L:/127.0.0.1:56994 - R:localhost/127.0.0.1:46761] for GET '/session/08c5ef6a9a8a9d7f95af7d56111a251a/element/fe872b44-2c3e-4aaa-8461-59d1c6f82026/name'
01:36:14.067 [AsyncHttpClient-1-2] DEBUG org.asynchttpclient.netty.handler.HttpHandler - 

Request DefaultFullHttpRequest(decodeResult: success, version: HTTP/1.1, content: EmptyByteBufBE)
GET /session/08c5ef6a9a8a9d7f95af7d56111a251a/element/fe872b44-2c3e-4aaa-8461-59d1c6f82026/name HTTP/1.1
User-Agent: selenium/4.8.1 (java windows)
Cache-Control: no-cache
Content-Type: application/json; charset=utf-8
host: localhost:46761
accept: */*

Response DefaultHttpResponse(decodeResult: success, version: HTTP/1.1)
HTTP/1.1 200 OK
Content-Length: 16
Content-Type: application/json; charset=utf-8
cache-control: no-cache

01:36:14.068 [AsyncHttpClient-1-2] DEBUG org.asynchttpclient.netty.channel.ChannelManager - Adding key: http://localhost:46761 for channel [id: 0xf524ebe9, L:/127.0.0.1:56994 - R:localhost/127.0.0.1:46761]
01:36:14.070 [Forwarding findElement on session 08c5ef6a9a8a9d7f95af7d56111a251a to remote] DEBUG org.asynchttpclient.netty.request.NettyRequestSender - Using pooled Channel '[id: 0xf524ebe9, L:/127.0.0.1:56994 - R:localhost/127.0.0.1:46761]' for 'POST' to 'http://localhost:46761/session/08c5ef6a9a8a9d7f95af7d56111a251a/element'
01:36:14.070 [Forwarding findElement on session 08c5ef6a9a8a9d7f95af7d56111a251a to remote] DEBUG org.asynchttpclient.netty.request.NettyRequestSender - Using open Channel [id: 0xf524ebe9, L:/127.0.0.1:56994 - R:localhost/127.0.0.1:46761] for POST '/session/08c5ef6a9a8a9d7f95af7d56111a251a/element'
01:36:14.075 [AsyncHttpClient-1-2] DEBUG org.asynchttpclient.netty.handler.HttpHandler - 

Request DefaultHttpRequest(decodeResult: success, version: HTTP/1.1)
POST /session/08c5ef6a9a8a9d7f95af7d56111a251a/element HTTP/1.1
User-Agent: selenium/4.8.1 (java windows)
Content-Length: 62
Content-Type: application/json; charset=utf-8
host: localhost:46761
accept: */*

Response DefaultHttpResponse(decodeResult: success, version: HTTP/1.1)
HTTP/1.1 200 OK
Content-Length: 88
Content-Type: application/json; charset=utf-8
cache-control: no-cache

01:36:14.075 [AsyncHttpClient-1-2] DEBUG org.asynchttpclient.netty.channel.ChannelManager - Adding key: http://localhost:46761 for channel [id: 0xf524ebe9, L:/127.0.0.1:56994 - R:localhost/127.0.0.1:46761]
01:36:14.076 [Forwarding clickElement on session 08c5ef6a9a8a9d7f95af7d56111a251a to remote] DEBUG org.asynchttpclient.netty.request.NettyRequestSender - Using pooled Channel '[id: 0xf524ebe9, L:/127.0.0.1:56994 - R:localhost/127.0.0.1:46761]' for 'POST' to 'http://localhost:46761/session/08c5ef6a9a8a9d7f95af7d56111a251a/element/fe872b44-2c3e-4aaa-8461-59d1c6f82026/click'
01:36:14.076 [Forwarding clickElement on session 08c5ef6a9a8a9d7f95af7d56111a251a to remote] DEBUG org.asynchttpclient.netty.request.NettyRequestSender - Using open Channel [id: 0xf524ebe9, L:/127.0.0.1:56994 - R:localhost/127.0.0.1:46761] for POST '/session/08c5ef6a9a8a9d7f95af7d56111a251a/element/fe872b44-2c3e-4aaa-8461-59d1c6f82026/click'
01:36:14.178 [AsyncHttpClient-1-2] DEBUG org.asynchttpclient.netty.handler.HttpHandler - 

Request DefaultHttpRequest(decodeResult: success, version: HTTP/1.1)
POST /session/08c5ef6a9a8a9d7f95af7d56111a251a/element/fe872b44-2c3e-4aaa-8461-59d1c6f82026/click HTTP/1.1
User-Agent: selenium/4.8.1 (java windows)
Content-Length: 50
Content-Type: application/json; charset=utf-8
host: localhost:46761
accept: */*

Response DefaultHttpResponse(decodeResult: success, version: HTTP/1.1)
HTTP/1.1 200 OK
Content-Length: 14
Content-Type: application/json; charset=utf-8
cache-control: no-cache

01:36:14.179 [AsyncHttpClient-1-2] DEBUG org.asynchttpclient.netty.channel.ChannelManager - Adding key: http://localhost:46761 for channel [id: 0xf524ebe9, L:/127.0.0.1:56994 - R:localhost/127.0.0.1:46761]
01:36:14.184 [AsyncHttpClient-1-1] DEBUG org.asynchttpclient.netty.channel.DefaultChannelPool - Entry count for : http://localhost:46761 : 1
01:36:14.184 [AsyncHttpClient-1-1] DEBUG org.asynchttpclient.netty.channel.DefaultChannelPool - Entry count for : http://localhost:56996 : 1
01:36:14.188 [Forwarding getAlertText on session 08c5ef6a9a8a9d7f95af7d56111a251a to remote] DEBUG org.asynchttpclient.netty.request.NettyRequestSender - Using pooled Channel '[id: 0xf524ebe9, L:/127.0.0.1:56994 - R:localhost/127.0.0.1:46761]' for 'GET' to 'http://localhost:46761/session/08c5ef6a9a8a9d7f95af7d56111a251a/alert/text'
01:36:14.188 [Forwarding getAlertText on session 08c5ef6a9a8a9d7f95af7d56111a251a to remote] DEBUG org.asynchttpclient.netty.request.NettyRequestSender - Using open Channel [id: 0xf524ebe9, L:/127.0.0.1:56994 - R:localhost/127.0.0.1:46761] for GET '/session/08c5ef6a9a8a9d7f95af7d56111a251a/alert/text'
01:36:14.203 [AsyncHttpClient-1-2] DEBUG org.asynchttpclient.netty.handler.HttpHandler - 

Request DefaultFullHttpRequest(decodeResult: success, version: HTTP/1.1, content: EmptyByteBufBE)
GET /session/08c5ef6a9a8a9d7f95af7d56111a251a/alert/text HTTP/1.1
User-Agent: selenium/4.8.1 (java windows)
Cache-Control: no-cache
Content-Type: application/json; charset=utf-8
host: localhost:46761
accept: */*

Response DefaultHttpResponse(decodeResult: success, version: HTTP/1.1)
HTTP/1.1 404 Not Found
Content-Length: 835
Content-Type: application/json; charset=utf-8
cache-control: no-cache

01:36:14.203 [AsyncHttpClient-1-2] DEBUG org.asynchttpclient.netty.channel.ChannelManager - Adding key: http://localhost:46761 for channel [id: 0xf524ebe9, L:/127.0.0.1:56994 - R:localhost/127.0.0.1:46761]
01:36:14.204 [Forwarding getCurrentUrl on session 08c5ef6a9a8a9d7f95af7d56111a251a to remote] DEBUG org.asynchttpclient.netty.request.NettyRequestSender - Using pooled Channel '[id: 0xf524ebe9, L:/127.0.0.1:56994 - R:localhost/127.0.0.1:46761]' for 'GET' to 'http://localhost:46761/session/08c5ef6a9a8a9d7f95af7d56111a251a/url'
01:36:14.204 [Forwarding getCurrentUrl on session 08c5ef6a9a8a9d7f95af7d56111a251a to remote] DEBUG org.asynchttpclient.netty.request.NettyRequestSender - Using open Channel [id: 0xf524ebe9, L:/127.0.0.1:56994 - R:localhost/127.0.0.1:46761] for GET '/session/08c5ef6a9a8a9d7f95af7d56111a251a/url'
01:36:14.211 [AsyncHttpClient-1-2] DEBUG org.asynchttpclient.netty.handler.HttpHandler - 

Request DefaultFullHttpRequest(decodeResult: success, version: HTTP/1.1, content: EmptyByteBufBE)
GET /session/08c5ef6a9a8a9d7f95af7d56111a251a/url HTTP/1.1
User-Agent: selenium/4.8.1 (java windows)
Cache-Control: no-cache
Content-Type: application/json; charset=utf-8
host: localhost:46761
accept: */*

Response DefaultHttpResponse(decodeResult: success, version: HTTP/1.1)
HTTP/1.1 200 OK
Content-Length: 42
Content-Type: application/json; charset=utf-8
cache-control: no-cache

01:36:14.212 [AsyncHttpClient-1-2] DEBUG org.asynchttpclient.netty.channel.ChannelManager - Adding key: http://localhost:46761 for channel [id: 0xf524ebe9, L:/127.0.0.1:56994 - R:localhost/127.0.0.1:46761]
01:36:14.213 [Forwarding screenshot on session 08c5ef6a9a8a9d7f95af7d56111a251a to remote] DEBUG org.asynchttpclient.netty.request.NettyRequestSender - Using pooled Channel '[id: 0xf524ebe9, L:/127.0.0.1:56994 - R:localhost/127.0.0.1:46761]' for 'GET' to 'http://localhost:46761/session/08c5ef6a9a8a9d7f95af7d56111a251a/screenshot'
01:36:14.213 [Forwarding screenshot on session 08c5ef6a9a8a9d7f95af7d56111a251a to remote] DEBUG org.asynchttpclient.netty.request.NettyRequestSender - Using open Channel [id: 0xf524ebe9, L:/127.0.0.1:56994 - R:localhost/127.0.0.1:46761] for GET '/session/08c5ef6a9a8a9d7f95af7d56111a251a/screenshot'
01:36:14.404 [AsyncHttpClient-1-2] DEBUG org.asynchttpclient.netty.handler.HttpHandler - 

Request DefaultFullHttpRequest(decodeResult: success, version: HTTP/1.1, content: EmptyByteBufBE)
GET /session/08c5ef6a9a8a9d7f95af7d56111a251a/screenshot HTTP/1.1
User-Agent: selenium/4.8.1 (java windows)
Cache-Control: no-cache
Content-Type: application/json; charset=utf-8
host: localhost:46761
accept: */*

Response DefaultHttpResponse(decodeResult: success, version: HTTP/1.1)
HTTP/1.1 200 OK
Content-Length: 255864
Content-Type: application/json; charset=utf-8
cache-control: no-cache

01:36:14.405 [AsyncHttpClient-1-2] DEBUG org.asynchttpclient.netty.channel.ChannelManager - Adding key: http://localhost:46761 for channel [id: 0xf524ebe9, L:/127.0.0.1:56994 - R:localhost/127.0.0.1:46761]
01:36:14.408 [main] DEBUG net.serenitybdd.core.photography.Darkroom - Send negative for processing for target\site\serenity\385bcadc27da1b2c4766a46f92f1b5bdc4e85f5718254a7d06d292689290915e.png
01:36:14.409 [main] DEBUG net.thucydides.core.steps.StepInterceptor - STEP DONE: clickLoginButton
01:36:14.409 [Darkroom Processing Line] DEBUG net.serenitybdd.core.photography.DarkroomProcessingLine - Processing screenshot image in /var/screenshots/screenshot-4130598631510741752
01:36:14.409 [Darkroom Processing Line] DEBUG net.serenitybdd.core.photography.DarkroomProcessingLine - Saving screenshot to target\site\serenity\385bcadc27da1b2c4766a46f92f1b5bdc4e85f5718254a7d06d292689290915e.png
  &amp#27;[32mWhen &amp#27;[0m&amp#27;[32mI click login button&amp#27;[0m                                   &amp#27;[90m# starter.stepdefintions.LoginSteps.clickLoginButton()&amp#27;[0m
01:36:14.415 [Forwarding getPageSource on session 08c5ef6a9a8a9d7f95af7d56111a251a to remote] DEBUG org.asynchttpclient.netty.request.NettyRequestSender - Using pooled Channel '[id: 0xf524ebe9, L:/127.0.0.1:56994 - R:localhost/127.0.0.1:46761]' for 'POST' to 'http://localhost:46761/session/08c5ef6a9a8a9d7f95af7d56111a251a/execute/sync'
01:36:14.416 [Forwarding getPageSource on session 08c5ef6a9a8a9d7f95af7d56111a251a to remote] DEBUG org.asynchttpclient.netty.request.NettyRequestSender - Using open Channel [id: 0xf524ebe9, L:/127.0.0.1:56994 - R:localhost/127.0.0.1:46761] for POST '/session/08c5ef6a9a8a9d7f95af7d56111a251a/execute/sync'
01:36:14.422 [AsyncHttpClient-1-2] DEBUG org.asynchttpclient.netty.handler.HttpHandler - 

Request DefaultHttpRequest(decodeResult: success, version: HTTP/1.1)
POST /session/08c5ef6a9a8a9d7f95af7d56111a251a/execute/sync HTTP/1.1
User-Agent: selenium/4.8.1 (java windows)
Content-Length: 176
Content-Type: application/json; charset=utf-8
host: localhost:46761
accept: */*

Response DefaultHttpResponse(decodeResult: success, version: HTTP/1.1)
HTTP/1.1 200 OK
Content-Length: 96996
Content-Type: application/json; charset=utf-8
cache-control: no-cache

01:36:14.424 [AsyncHttpClient-1-2] DEBUG org.asynchttpclient.netty.channel.ChannelManager - Adding key: http://localhost:46761 for channel [id: 0xf524ebe9, L:/127.0.0.1:56994 - R:localhost/127.0.0.1:46761]
01:36:14.430 [Forwarding getCurrentUrl on session 08c5ef6a9a8a9d7f95af7d56111a251a to remote] DEBUG org.asynchttpclient.netty.request.NettyRequestSender - Using pooled Channel '[id: 0xf524ebe9, L:/127.0.0.1:56994 - R:localhost/127.0.0.1:46761]' for 'GET' to 'http://localhost:46761/session/08c5ef6a9a8a9d7f95af7d56111a251a/url'
01:36:14.430 [Forwarding getCurrentUrl on session 08c5ef6a9a8a9d7f95af7d56111a251a to remote] DEBUG org.asynchttpclient.netty.request.NettyRequestSender - Using open Channel [id: 0xf524ebe9, L:/127.0.0.1:56994 - R:localhost/127.0.0.1:46761] for GET '/session/08c5ef6a9a8a9d7f95af7d56111a251a/url'
01:36:14.433 [AsyncHttpClient-1-2] DEBUG org.asynchttpclient.netty.handler.HttpHandler - 

Request DefaultFullHttpRequest(decodeResult: success, version: HTTP/1.1, content: EmptyByteBufBE)
GET /session/08c5ef6a9a8a9d7f95af7d56111a251a/url HTTP/1.1
User-Agent: selenium/4.8.1 (java windows)
Cache-Control: no-cache
Content-Type: application/json; charset=utf-8
host: localhost:46761
accept: */*

Response DefaultHttpResponse(decodeResult: success, version: HTTP/1.1)
HTTP/1.1 200 OK
Content-Length: 42
Content-Type: application/json; charset=utf-8
cache-control: no-cache

01:36:14.433 [AsyncHttpClient-1-2] DEBUG org.asynchttpclient.netty.channel.ChannelManager - Adding key: http://localhost:46761 for channel [id: 0xf524ebe9, L:/127.0.0.1:56994 - R:localhost/127.0.0.1:46761]
01:36:14.440 [Forwarding getPageSource on session 08c5ef6a9a8a9d7f95af7d56111a251a to remote] DEBUG org.asynchttpclient.netty.request.NettyRequestSender - Using pooled Channel '[id: 0xf524ebe9, L:/127.0.0.1:56994 - R:localhost/127.0.0.1:46761]' for 'POST' to 'http://localhost:46761/session/08c5ef6a9a8a9d7f95af7d56111a251a/execute/sync'
01:36:14.441 [Forwarding getPageSource on session 08c5ef6a9a8a9d7f95af7d56111a251a to remote] DEBUG org.asynchttpclient.netty.request.NettyRequestSender - Using open Channel [id: 0xf524ebe9, L:/127.0.0.1:56994 - R:localhost/127.0.0.1:46761] for POST '/session/08c5ef6a9a8a9d7f95af7d56111a251a/execute/sync'
01:36:14.449 [AsyncHttpClient-1-2] DEBUG org.asynchttpclient.netty.handler.HttpHandler - 

Request DefaultHttpRequest(decodeResult: success, version: HTTP/1.1)
POST /session/08c5ef6a9a8a9d7f95af7d56111a251a/execute/sync HTTP/1.1
User-Agent: selenium/4.8.1 (java windows)
Content-Length: 176
Content-Type: application/json; charset=utf-8
host: localhost:46761
accept: */*

Response DefaultHttpResponse(decodeResult: success, version: HTTP/1.1)
HTTP/1.1 200 OK
Content-Length: 96996
Content-Type: application/json; charset=utf-8
cache-control: no-cache

01:36:14.450 [AsyncHttpClient-1-2] DEBUG org.asynchttpclient.netty.channel.ChannelManager - Adding key: http://localhost:46761 for channel [id: 0xf524ebe9, L:/127.0.0.1:56994 - R:localhost/127.0.0.1:46761]
01:36:14.456 [Forwarding getCurrentUrl on session 08c5ef6a9a8a9d7f95af7d56111a251a to remote] DEBUG org.asynchttpclient.netty.request.NettyRequestSender - Using pooled Channel '[id: 0xf524ebe9, L:/127.0.0.1:56994 - R:localhost/127.0.0.1:46761]' for 'GET' to 'http://localhost:46761/session/08c5ef6a9a8a9d7f95af7d56111a251a/url'
01:36:14.456 [Forwarding getCurrentUrl on session 08c5ef6a9a8a9d7f95af7d56111a251a to remote] DEBUG org.asynchttpclient.netty.request.NettyRequestSender - Using open Channel [id: 0xf524ebe9, L:/127.0.0.1:56994 - R:localhost/127.0.0.1:46761] for GET '/session/08c5ef6a9a8a9d7f95af7d56111a251a/url'
01:36:14.459 [AsyncHttpClient-1-2] DEBUG org.asynchttpclient.netty.handler.HttpHandler - 

Request DefaultFullHttpRequest(decodeResult: success, version: HTTP/1.1, content: EmptyByteBufBE)
GET /session/08c5ef6a9a8a9d7f95af7d56111a251a/url HTTP/1.1
User-Agent: selenium/4.8.1 (java windows)
Cache-Control: no-cache
Content-Type: application/json; charset=utf-8
host: localhost:46761
accept: */*

Response DefaultHttpResponse(decodeResult: success, version: HTTP/1.1)
HTTP/1.1 200 OK
Content-Length: 42
Content-Type: application/json; charset=utf-8
cache-control: no-cache

01:36:14.459 [AsyncHttpClient-1-2] DEBUG org.asynchttpclient.netty.channel.ChannelManager - Adding key: http://localhost:46761 for channel [id: 0xf524ebe9, L:/127.0.0.1:56994 - R:localhost/127.0.0.1:46761]
01:36:14.462 [main] DEBUG net.thucydides.core.steps.StepInterceptor - STARTING STEP: LoginSteps.inputEmail - inputEmail
01:36:14.464 [Forwarding findElement on session 08c5ef6a9a8a9d7f95af7d56111a251a to remote] DEBUG org.asynchttpclient.netty.request.NettyRequestSender - Using pooled Channel '[id: 0xf524ebe9, L:/127.0.0.1:56994 - R:localhost/127.0.0.1:46761]' for 'POST' to 'http://localhost:46761/session/08c5ef6a9a8a9d7f95af7d56111a251a/element'
01:36:14.464 [Forwarding findElement on session 08c5ef6a9a8a9d7f95af7d56111a251a to remote] DEBUG org.asynchttpclient.netty.request.NettyRequestSender - Using open Channel [id: 0xf524ebe9, L:/127.0.0.1:56994 - R:localhost/127.0.0.1:46761] for POST '/session/08c5ef6a9a8a9d7f95af7d56111a251a/element'
01:36:14.474 [AsyncHttpClient-1-2] DEBUG org.asynchttpclient.netty.handler.HttpHandler - 

Request DefaultHttpRequest(decodeResult: success, version: HTTP/1.1)
POST /session/08c5ef6a9a8a9d7f95af7d56111a251a/element HTTP/1.1
User-Agent: selenium/4.8.1 (java windows)
Content-Length: 50
Content-Type: application/json; charset=utf-8
host: localhost:46761
accept: */*

Response DefaultHttpResponse(decodeResult: success, version: HTTP/1.1)
HTTP/1.1 200 OK
Content-Length: 88
Content-Type: application/json; charset=utf-8
cache-control: no-cache

01:36:14.474 [AsyncHttpClient-1-2] DEBUG org.asynchttpclient.netty.channel.ChannelManager - Adding key: http://localhost:46761 for channel [id: 0xf524ebe9, L:/127.0.0.1:56994 - R:localhost/127.0.0.1:46761]
01:36:14.475 [Forwarding clearElement on session 08c5ef6a9a8a9d7f95af7d56111a251a to remote] DEBUG org.asynchttpclient.netty.request.NettyRequestSender - Using pooled Channel '[id: 0xf524ebe9, L:/127.0.0.1:56994 - R:localhost/127.0.0.1:46761]' for 'POST' to 'http://localhost:46761/session/08c5ef6a9a8a9d7f95af7d56111a251a/element/b1603d5c-86c9-4572-965e-fd3f38d8b356/clear'
01:36:14.476 [Forwarding clearElement on session 08c5ef6a9a8a9d7f95af7d56111a251a to remote] DEBUG org.asynchttpclient.netty.request.NettyRequestSender - Using open Channel [id: 0xf524ebe9, L:/127.0.0.1:56994 - R:localhost/127.0.0.1:46761] for POST '/session/08c5ef6a9a8a9d7f95af7d56111a251a/element/b1603d5c-86c9-4572-965e-fd3f38d8b356/clear'
01:36:14.499 [AsyncHttpClient-1-2] DEBUG org.asynchttpclient.netty.handler.HttpHandler - 

Request DefaultHttpRequest(decodeResult: success, version: HTTP/1.1)
POST /session/08c5ef6a9a8a9d7f95af7d56111a251a/element/b1603d5c-86c9-4572-965e-fd3f38d8b356/clear HTTP/1.1
User-Agent: selenium/4.8.1 (java windows)
Content-Length: 50
Content-Type: application/json; charset=utf-8
host: localhost:46761
accept: */*

Response DefaultHttpResponse(decodeResult: success, version: HTTP/1.1)
HTTP/1.1 200 OK
Content-Length: 14
Content-Type: application/json; charset=utf-8
cache-control: no-cache

01:36:14.499 [AsyncHttpClient-1-2] DEBUG org.asynchttpclient.netty.channel.ChannelManager - Adding key: http://localhost:46761 for channel [id: 0xf524ebe9, L:/127.0.0.1:56994 - R:localhost/127.0.0.1:46761]
01:36:14.502 [Forwarding sendKeysToElement on session 08c5ef6a9a8a9d7f95af7d56111a251a to remote] DEBUG org.asynchttpclient.netty.request.NettyRequestSender - Using pooled Channel '[id: 0xf524ebe9, L:/127.0.0.1:56994 - R:localhost/127.0.0.1:46761]' for 'POST' to 'http://localhost:46761/session/08c5ef6a9a8a9d7f95af7d56111a251a/element/b1603d5c-86c9-4572-965e-fd3f38d8b356/value'
01:36:14.502 [Forwarding sendKeysToElement on session 08c5ef6a9a8a9d7f95af7d56111a251a to remote] DEBUG org.asynchttpclient.netty.request.NettyRequestSender - Using open Channel [id: 0xf524ebe9, L:/127.0.0.1:56994 - R:localhost/127.0.0.1:46761] for POST '/session/08c5ef6a9a8a9d7f95af7d56111a251a/element/b1603d5c-86c9-4572-965e-fd3f38d8b356/value'
01:36:14.596 [AsyncHttpClient-1-2] DEBUG org.asynchttpclient.netty.handler.HttpHandler - 

Request DefaultHttpRequest(decodeResult: success, version: HTTP/1.1)
POST /session/08c5ef6a9a8a9d7f95af7d56111a251a/element/b1603d5c-86c9-4572-965e-fd3f38d8b356/value HTTP/1.1
User-Agent: selenium/4.8.1 (java windows)
Content-Length: 351
Content-Type: application/json; charset=utf-8
host: localhost:46761
accept: */*

Response DefaultHttpResponse(decodeResult: success, version: HTTP/1.1)
HTTP/1.1 200 OK
Content-Length: 14
Content-Type: application/json; charset=utf-8
cache-control: no-cache

01:36:14.596 [AsyncHttpClient-1-2] DEBUG org.asynchttpclient.netty.channel.ChannelManager - Adding key: http://localhost:46761 for channel [id: 0xf524ebe9, L:/127.0.0.1:56994 - R:localhost/127.0.0.1:46761]
01:36:14.600 [Forwarding getAlertText on session 08c5ef6a9a8a9d7f95af7d56111a251a to remote] DEBUG org.asynchttpclient.netty.request.NettyRequestSender - Using pooled Channel '[id: 0xf524ebe9, L:/127.0.0.1:56994 - R:localhost/127.0.0.1:46761]' for 'GET' to 'http://localhost:46761/session/08c5ef6a9a8a9d7f95af7d56111a251a/alert/text'
01:36:14.600 [Forwarding getAlertText on session 08c5ef6a9a8a9d7f95af7d56111a251a to remote] DEBUG org.asynchttpclient.netty.request.NettyRequestSender - Using open Channel [id: 0xf524ebe9, L:/127.0.0.1:56994 - R:localhost/127.0.0.1:46761] for GET '/session/08c5ef6a9a8a9d7f95af7d56111a251a/alert/text'
01:36:14.602 [AsyncHttpClient-1-2] DEBUG org.asynchttpclient.netty.handler.HttpHandler - 

Request DefaultFullHttpRequest(decodeResult: success, version: HTTP/1.1, content: EmptyByteBufBE)
GET /session/08c5ef6a9a8a9d7f95af7d56111a251a/alert/text HTTP/1.1
User-Agent: selenium/4.8.1 (java windows)
Cache-Control: no-cache
Content-Type: application/json; charset=utf-8
host: localhost:46761
accept: */*

Response DefaultHttpResponse(decodeResult: success, version: HTTP/1.1)
HTTP/1.1 404 Not Found
Content-Length: 835
Content-Type: application/json; charset=utf-8
cache-control: no-cache

01:36:14.602 [AsyncHttpClient-1-2] DEBUG org.asynchttpclient.netty.channel.ChannelManager - Adding key: http://localhost:46761 for channel [id: 0xf524ebe9, L:/127.0.0.1:56994 - R:localhost/127.0.0.1:46761]
01:36:14.604 [Forwarding getCurrentUrl on session 08c5ef6a9a8a9d7f95af7d56111a251a to remote] DEBUG org.asynchttpclient.netty.request.NettyRequestSender - Using pooled Channel '[id: 0xf524ebe9, L:/127.0.0.1:56994 - R:localhost/127.0.0.1:46761]' for 'GET' to 'http://localhost:46761/session/08c5ef6a9a8a9d7f95af7d56111a251a/url'
01:36:14.604 [Forwarding getCurrentUrl on session 08c5ef6a9a8a9d7f95af7d56111a251a to remote] DEBUG org.asynchttpclient.netty.request.NettyRequestSender - Using open Channel [id: 0xf524ebe9, L:/127.0.0.1:56994 - R:localhost/127.0.0.1:46761] for GET '/session/08c5ef6a9a8a9d7f95af7d56111a251a/url'
01:36:14.606 [AsyncHttpClient-1-2] DEBUG org.asynchttpclient.netty.handler.HttpHandler - 

Request DefaultFullHttpRequest(decodeResult: success, version: HTTP/1.1, content: EmptyByteBufBE)
GET /session/08c5ef6a9a8a9d7f95af7d56111a251a/url HTTP/1.1
User-Agent: selenium/4.8.1 (java windows)
Cache-Control: no-cache
Content-Type: application/json; charset=utf-8
host: localhost:46761
accept: */*

Response DefaultHttpResponse(decodeResult: success, version: HTTP/1.1)
HTTP/1.1 200 OK
Content-Length: 42
Content-Type: application/json; charset=utf-8
cache-control: no-cache

01:36:14.607 [AsyncHttpClient-1-2] DEBUG org.asynchttpclient.netty.channel.ChannelManager - Adding key: http://localhost:46761 for channel [id: 0xf524ebe9, L:/127.0.0.1:56994 - R:localhost/127.0.0.1:46761]
01:36:14.608 [Forwarding screenshot on session 08c5ef6a9a8a9d7f95af7d56111a251a to remote] DEBUG org.asynchttpclient.netty.request.NettyRequestSender - Using pooled Channel '[id: 0xf524ebe9, L:/127.0.0.1:56994 - R:localhost/127.0.0.1:46761]' for 'GET' to 'http://localhost:46761/session/08c5ef6a9a8a9d7f95af7d56111a251a/screenshot'
01:36:14.608 [Forwarding screenshot on session 08c5ef6a9a8a9d7f95af7d56111a251a to remote] DEBUG org.asynchttpclient.netty.request.NettyRequestSender - Using open Channel [id: 0xf524ebe9, L:/127.0.0.1:56994 - R:localhost/127.0.0.1:46761] for GET '/session/08c5ef6a9a8a9d7f95af7d56111a251a/screenshot'
01:36:14.774 [AsyncHttpClient-1-2] DEBUG org.asynchttpclient.netty.handler.HttpHandler - 

Request DefaultFullHttpRequest(decodeResult: success, version: HTTP/1.1, content: EmptyByteBufBE)
GET /session/08c5ef6a9a8a9d7f95af7d56111a251a/screenshot HTTP/1.1
User-Agent: selenium/4.8.1 (java windows)
Cache-Control: no-cache
Content-Type: application/json; charset=utf-8
host: localhost:46761
accept: */*

Response DefaultHttpResponse(decodeResult: success, version: HTTP/1.1)
HTTP/1.1 200 OK
Content-Length: 259828
Content-Type: application/json; charset=utf-8
cache-control: no-cache

01:36:14.776 [AsyncHttpClient-1-2] DEBUG org.asynchttpclient.netty.channel.ChannelManager - Adding key: http://localhost:46761 for channel [id: 0xf524ebe9, L:/127.0.0.1:56994 - R:localhost/127.0.0.1:46761]
01:36:14.782 [main] DEBUG net.serenitybdd.core.photography.Darkroom - Send negative for processing for target\site\serenity\f741ff09a59837f440506a2c1beea7e81e78382a38340849f893a3de70b87cba.png
01:36:14.782 [main] DEBUG net.thucydides.core.steps.StepInterceptor - STEP DONE: inputEmail
01:36:14.782 [Darkroom Processing Line] DEBUG net.serenitybdd.core.photography.DarkroomProcessingLine - Processing screenshot image in /var/screenshots/screenshot-13977010528749512269
01:36:14.782 [Darkroom Processing Line] DEBUG net.serenitybdd.core.photography.DarkroomProcessingLine - Saving screenshot to target\site\serenity\f741ff09a59837f440506a2c1beea7e81e78382a38340849f893a3de70b87cba.png
  &amp#27;[32mAnd &amp#27;[0m&amp#27;[32mI enter correct email&amp#27;[0m                                   &amp#27;[90m# starter.stepdefintions.LoginSteps.inputEmail()&amp#27;[0m
01:36:14.790 [Forwarding getPageSource on session 08c5ef6a9a8a9d7f95af7d56111a251a to remote] DEBUG org.asynchttpclient.netty.request.NettyRequestSender - Using pooled Channel '[id: 0xf524ebe9, L:/127.0.0.1:56994 - R:localhost/127.0.0.1:46761]' for 'POST' to 'http://localhost:46761/session/08c5ef6a9a8a9d7f95af7d56111a251a/execute/sync'
01:36:14.790 [Forwarding getPageSource on session 08c5ef6a9a8a9d7f95af7d56111a251a to remote] DEBUG org.asynchttpclient.netty.request.NettyRequestSender - Using open Channel [id: 0xf524ebe9, L:/127.0.0.1:56994 - R:localhost/127.0.0.1:46761] for POST '/session/08c5ef6a9a8a9d7f95af7d56111a251a/execute/sync'
01:36:14.798 [AsyncHttpClient-1-2] DEBUG org.asynchttpclient.netty.handler.HttpHandler - 

Request DefaultHttpRequest(decodeResult: success, version: HTTP/1.1)
POST /session/08c5ef6a9a8a9d7f95af7d56111a251a/execute/sync HTTP/1.1
User-Agent: selenium/4.8.1 (java windows)
Content-Length: 176
Content-Type: application/json; charset=utf-8
host: localhost:46761
accept: */*

Response DefaultHttpResponse(decodeResult: success, version: HTTP/1.1)
HTTP/1.1 200 OK
Content-Length: 97047
Content-Type: application/json; charset=utf-8
cache-control: no-cache

01:36:14.798 [AsyncHttpClient-1-2] DEBUG org.asynchttpclient.netty.channel.ChannelManager - Adding key: http://localhost:46761 for channel [id: 0xf524ebe9, L:/127.0.0.1:56994 - R:localhost/127.0.0.1:46761]
01:36:14.805 [Forwarding getCurrentUrl on session 08c5ef6a9a8a9d7f95af7d56111a251a to remote] DEBUG org.asynchttpclient.netty.request.NettyRequestSender - Using pooled Channel '[id: 0xf524ebe9, L:/127.0.0.1:56994 - R:localhost/127.0.0.1:46761]' for 'GET' to 'http://localhost:46761/session/08c5ef6a9a8a9d7f95af7d56111a251a/url'
01:36:14.805 [Forwarding getCurrentUrl on session 08c5ef6a9a8a9d7f95af7d56111a251a to remote] DEBUG org.asynchttpclient.netty.request.NettyRequestSender - Using open Channel [id: 0xf524ebe9, L:/127.0.0.1:56994 - R:localhost/127.0.0.1:46761] for GET '/session/08c5ef6a9a8a9d7f95af7d56111a251a/url'
01:36:14.809 [AsyncHttpClient-1-2] DEBUG org.asynchttpclient.netty.handler.HttpHandler - 

Request DefaultFullHttpRequest(decodeResult: success, version: HTTP/1.1, content: EmptyByteBufBE)
GET /session/08c5ef6a9a8a9d7f95af7d56111a251a/url HTTP/1.1
User-Agent: selenium/4.8.1 (java windows)
Cache-Control: no-cache
Content-Type: application/json; charset=utf-8
host: localhost:46761
accept: */*

Response DefaultHttpResponse(decodeResult: success, version: HTTP/1.1)
HTTP/1.1 200 OK
Content-Length: 42
Content-Type: application/json; charset=utf-8
cache-control: no-cache

01:36:14.809 [AsyncHttpClient-1-2] DEBUG org.asynchttpclient.netty.channel.ChannelManager - Adding key: http://localhost:46761 for channel [id: 0xf524ebe9, L:/127.0.0.1:56994 - R:localhost/127.0.0.1:46761]
01:36:14.818 [Forwarding getPageSource on session 08c5ef6a9a8a9d7f95af7d56111a251a to remote] DEBUG org.asynchttpclient.netty.request.NettyRequestSender - Using pooled Channel '[id: 0xf524ebe9, L:/127.0.0.1:56994 - R:localhost/127.0.0.1:46761]' for 'POST' to 'http://localhost:46761/session/08c5ef6a9a8a9d7f95af7d56111a251a/execute/sync'
01:36:14.819 [Forwarding getPageSource on session 08c5ef6a9a8a9d7f95af7d56111a251a to remote] DEBUG org.asynchttpclient.netty.request.NettyRequestSender - Using open Channel [id: 0xf524ebe9, L:/127.0.0.1:56994 - R:localhost/127.0.0.1:46761] for POST '/session/08c5ef6a9a8a9d7f95af7d56111a251a/execute/sync'
01:36:14.825 [AsyncHttpClient-1-2] DEBUG org.asynchttpclient.netty.handler.HttpHandler - 

Request DefaultHttpRequest(decodeResult: success, version: HTTP/1.1)
POST /session/08c5ef6a9a8a9d7f95af7d56111a251a/execute/sync HTTP/1.1
User-Agent: selenium/4.8.1 (java windows)
Content-Length: 176
Content-Type: application/json; charset=utf-8
host: localhost:46761
accept: */*

Response DefaultHttpResponse(decodeResult: success, version: HTTP/1.1)
HTTP/1.1 200 OK
Content-Length: 97047
Content-Type: application/json; charset=utf-8
cache-control: no-cache

01:36:14.826 [AsyncHttpClient-1-2] DEBUG org.asynchttpclient.netty.channel.ChannelManager - Adding key: http://localhost:46761 for channel [id: 0xf524ebe9, L:/127.0.0.1:56994 - R:localhost/127.0.0.1:46761]
01:36:14.831 [Forwarding getCurrentUrl on session 08c5ef6a9a8a9d7f95af7d56111a251a to remote] DEBUG org.asynchttpclient.netty.request.NettyRequestSender - Using pooled Channel '[id: 0xf524ebe9, L:/127.0.0.1:56994 - R:localhost/127.0.0.1:46761]' for 'GET' to 'http://localhost:46761/session/08c5ef6a9a8a9d7f95af7d56111a251a/url'
01:36:14.831 [Forwarding getCurrentUrl on session 08c5ef6a9a8a9d7f95af7d56111a251a to remote] DEBUG org.asynchttpclient.netty.request.NettyRequestSender - Using open Channel [id: 0xf524ebe9, L:/127.0.0.1:56994 - R:localhost/127.0.0.1:46761] for GET '/session/08c5ef6a9a8a9d7f95af7d56111a251a/url'
01:36:14.834 [AsyncHttpClient-1-2] DEBUG org.asynchttpclient.netty.handler.HttpHandler - 

Request DefaultFullHttpRequest(decodeResult: success, version: HTTP/1.1, content: EmptyByteBufBE)
GET /session/08c5ef6a9a8a9d7f95af7d56111a251a/url HTTP/1.1
User-Agent: selenium/4.8.1 (java windows)
Cache-Control: no-cache
Content-Type: application/json; charset=utf-8
host: localhost:46761
accept: */*

Response DefaultHttpResponse(decodeResult: success, version: HTTP/1.1)
HTTP/1.1 200 OK
Content-Length: 42
Content-Type: application/json; charset=utf-8
cache-control: no-cache

01:36:14.835 [AsyncHttpClient-1-2] DEBUG org.asynchttpclient.netty.channel.ChannelManager - Adding key: http://localhost:46761 for channel [id: 0xf524ebe9, L:/127.0.0.1:56994 - R:localhost/127.0.0.1:46761]
01:36:14.837 [main] DEBUG net.thucydides.core.steps.StepInterceptor - STARTING STEP: LoginSteps.inputPassword - inputPassword
[...]
01:36:54.949 [Forwarding getPageSource on session 2462a0d942548af2608fdc2b247b27e6 to remote] DEBUG org.asynchttpclient.netty.request.NettyRequestSender - Using open Channel [id: 0x16be695e, L:/127.0.0.1:57217 - R:localhost/127.0.0.1:12245] for POST '/session/2462a0d942548af2608fdc2b247b27e6/execute/sync'
01:36:54.956 [AsyncHttpClient-1-14] DEBUG org.asynchttpclient.netty.handler.HttpHandler - 

Request DefaultHttpRequest(decodeResult: success, version: HTTP/1.1)
POST /session/2462a0d942548af2608fdc2b247b27e6/execute/sync HTTP/1.1
User-Agent: selenium/4.8.1 (java windows)
Content-Length: 176
Content-Type: application/json; charset=utf-8
host: localhost:12245
accept: */*

Response DefaultHttpResponse(decodeResult: success, version: HTTP/1.1)
HTTP/1.1 200 OK
Content-Length: 98834
Content-Type: application/json; charset=utf-8
cache-control: no-cache

01:36:54.956 [AsyncHttpClient-1-14] DEBUG org.asynchttpclient.netty.channel.ChannelManager - Adding key: http://localhost:12245 for channel [id: 0x16be695e, L:/127.0.0.1:57217 - R:localhost/127.0.0.1:12245]
01:36:54.961 [Forwarding getCurrentUrl on session 2462a0d942548af2608fdc2b247b27e6 to remote] DEBUG org.asynchttpclient.netty.request.NettyRequestSender - Using pooled Channel '[id: 0x16be695e, L:/127.0.0.1:57217 - R:localhost/127.0.0.1:12245]' for 'GET' to 'http://localhost:12245/session/2462a0d942548af2608fdc2b247b27e6/url'
01:36:54.961 [Forwarding getCurrentUrl on session 2462a0d942548af2608fdc2b247b27e6 to remote] DEBUG org.asynchttpclient.netty.request.NettyRequestSender - Using open Channel [id: 0x16be695e, L:/127.0.0.1:57217 - R:localhost/127.0.0.1:12245] for GET '/session/2462a0d942548af2608fdc2b247b27e6/url'
01:36:54.964 [AsyncHttpClient-1-14] DEBUG org.asynchttpclient.netty.handler.HttpHandler - 

Request DefaultFullHttpRequest(decodeResult: success, version: HTTP/1.1, content: EmptyByteBufBE)
GET /session/2462a0d942548af2608fdc2b247b27e6/url HTTP/1.1
User-Agent: selenium/4.8.1 (java windows)
Cache-Control: no-cache
Content-Type: application/json; charset=utf-8
host: localhost:12245
accept: */*

Response DefaultHttpResponse(decodeResult: success, version: HTTP/1.1)
HTTP/1.1 200 OK
Content-Length: 51
Content-Type: application/json; charset=utf-8
cache-control: no-cache

01:36:54.964 [AsyncHttpClient-1-14] DEBUG org.asynchttpclient.netty.channel.ChannelManager - Adding key: http://localhost:12245 for channel [id: 0x16be695e, L:/127.0.0.1:57217 - R:localhost/127.0.0.1:12245]
01:36:54.970 [Forwarding getPageSource on session 2462a0d942548af2608fdc2b247b27e6 to remote] DEBUG org.asynchttpclient.netty.request.NettyRequestSender - Using pooled Channel '[id: 0x16be695e, L:/127.0.0.1:57217 - R:localhost/127.0.0.1:12245]' for 'POST' to 'http://localhost:12245/session/2462a0d942548af2608fdc2b247b27e6/execute/sync'
01:36:54.970 [Forwarding getPageSource on session 2462a0d942548af2608fdc2b247b27e6 to remote] DEBUG org.asynchttpclient.netty.request.NettyRequestSender - Using open Channel [id: 0x16be695e, L:/127.0.0.1:57217 - R:localhost/127.0.0.1:12245] for POST '/session/2462a0d942548af2608fdc2b247b27e6/execute/sync'
01:36:54.977 [AsyncHttpClient-1-14] DEBUG org.asynchttpclient.netty.handler.HttpHandler - 

Request DefaultHttpRequest(decodeResult: success, version: HTTP/1.1)
POST /session/2462a0d942548af2608fdc2b247b27e6/execute/sync HTTP/1.1
User-Agent: selenium/4.8.1 (java windows)
Content-Length: 176
Content-Type: application/json; charset=utf-8
host: localhost:12245
accept: */*

Response DefaultHttpResponse(decodeResult: success, version: HTTP/1.1)
HTTP/1.1 200 OK
Content-Length: 98834
Content-Type: application/json; charset=utf-8
cache-control: no-cache

01:36:54.977 [AsyncHttpClient-1-14] DEBUG org.asynchttpclient.netty.channel.ChannelManager - Adding key: http://localhost:12245 for channel [id: 0x16be695e, L:/127.0.0.1:57217 - R:localhost/127.0.0.1:12245]
01:36:54.980 [Forwarding getCurrentUrl on session 2462a0d942548af2608fdc2b247b27e6 to remote] DEBUG org.asynchttpclient.netty.request.NettyRequestSender - Using pooled Channel '[id: 0x16be695e, L:/127.0.0.1:57217 - R:localhost/127.0.0.1:12245]' for 'GET' to 'http://localhost:12245/session/2462a0d942548af2608fdc2b247b27e6/url'
01:36:54.980 [Forwarding getCurrentUrl on session 2462a0d942548af2608fdc2b247b27e6 to remote] DEBUG org.asynchttpclient.netty.request.NettyRequestSender - Using open Channel [id: 0x16be695e, L:/127.0.0.1:57217 - R:localhost/127.0.0.1:12245] for GET '/session/2462a0d942548af2608fdc2b247b27e6/url'
01:36:54.983 [AsyncHttpClient-1-14] DEBUG org.asynchttpclient.netty.handler.HttpHandler - 

Request DefaultFullHttpRequest(decodeResult: success, version: HTTP/1.1, content: EmptyByteBufBE)
GET /session/2462a0d942548af2608fdc2b247b27e6/url HTTP/1.1
User-Agent: selenium/4.8.1 (java windows)
Cache-Control: no-cache
Content-Type: application/json; charset=utf-8
host: localhost:12245
accept: */*

Response DefaultHttpResponse(decodeResult: success, version: HTTP/1.1)
HTTP/1.1 200 OK
Content-Length: 51
Content-Type: application/json; charset=utf-8
cache-control: no-cache

01:36:54.983 [AsyncHttpClient-1-14] DEBUG org.asynchttpclient.netty.channel.ChannelManager - Adding key: http://localhost:12245 for channel [id: 0x16be695e, L:/127.0.0.1:57217 - R:localhost/127.0.0.1:12245]
01:36:54.985 [main] DEBUG net.thucydides.core.steps.StepInterceptor - STARTING STEP: SelectProductSteps.validateWarningMessage - validateWarningMessage
01:36:54.986 [Forwarding findElement on session 2462a0d942548af2608fdc2b247b27e6 to remote] DEBUG org.asynchttpclient.netty.request.NettyRequestSender - Using pooled Channel '[id: 0x16be695e, L:/127.0.0.1:57217 - R:localhost/127.0.0.1:12245]' for 'POST' to 'http://localhost:12245/session/2462a0d942548af2608fdc2b247b27e6/element'
01:36:54.986 [Forwarding findElement on session 2462a0d942548af2608fdc2b247b27e6 to remote] DEBUG org.asynchttpclient.netty.request.NettyRequestSender - Using open Channel [id: 0x16be695e, L:/127.0.0.1:57217 - R:localhost/127.0.0.1:12245] for POST '/session/2462a0d942548af2608fdc2b247b27e6/element'
01:36:55.492 [AsyncHttpClient-1-14] DEBUG org.asynchttpclient.netty.handler.HttpHandler - 

Request DefaultHttpRequest(decodeResult: success, version: HTTP/1.1)
POST /session/2462a0d942548af2608fdc2b247b27e6/element HTTP/1.1
User-Agent: selenium/4.8.1 (java windows)
Content-Length: 114
Content-Type: application/json; charset=utf-8
host: localhost:12245
accept: */*

Response DefaultHttpResponse(decodeResult: success, version: HTTP/1.1)
HTTP/1.1 200 OK
Content-Length: 88
Content-Type: application/json; charset=utf-8
cache-control: no-cache

01:36:55.492 [AsyncHttpClient-1-14] DEBUG org.asynchttpclient.netty.channel.ChannelManager - Adding key: http://localhost:12245 for channel [id: 0x16be695e, L:/127.0.0.1:57217 - R:localhost/127.0.0.1:12245]
01:36:55.494 [Forwarding isElementDisplayed on session 2462a0d942548af2608fdc2b247b27e6 to remote] DEBUG org.asynchttpclient.netty.request.NettyRequestSender - Using pooled Channel '[id: 0x16be695e, L:/127.0.0.1:57217 - R:localhost/127.0.0.1:12245]' for 'POST' to 'http://localhost:12245/session/2462a0d942548af2608fdc2b247b27e6/execute/sync'
01:36:55.494 [Forwarding isElementDisplayed on session 2462a0d942548af2608fdc2b247b27e6 to remote] DEBUG org.asynchttpclient.netty.request.NettyRequestSender - Using open Channel [id: 0x16be695e, L:/127.0.0.1:57217 - R:localhost/127.0.0.1:12245] for POST '/session/2462a0d942548af2608fdc2b247b27e6/execute/sync'
01:36:55.504 [AsyncHttpClient-1-14] DEBUG org.asynchttpclient.netty.handler.HttpHandler - 

Request DefaultHttpRequest(decodeResult: success, version: HTTP/1.1)
POST /session/2462a0d942548af2608fdc2b247b27e6/execute/sync HTTP/1.1
User-Agent: selenium/4.8.1 (java windows)
Content-Length: 48807
Content-Type: application/json; charset=utf-8
host: localhost:12245
accept: */*

Response DefaultHttpResponse(decodeResult: success, version: HTTP/1.1)
HTTP/1.1 200 OK
Content-Length: 14
Content-Type: application/json; charset=utf-8
cache-control: no-cache

01:36:55.504 [AsyncHttpClient-1-14] DEBUG org.asynchttpclient.netty.channel.ChannelManager - Adding key: http://localhost:12245 for channel [id: 0x16be695e, L:/127.0.0.1:57217 - R:localhost/127.0.0.1:12245]
01:36:55.507 [Forwarding getAlertText on session 2462a0d942548af2608fdc2b247b27e6 to remote] DEBUG org.asynchttpclient.netty.request.NettyRequestSender - Using pooled Channel '[id: 0x16be695e, L:/127.0.0.1:57217 - R:localhost/127.0.0.1:12245]' for 'GET' to 'http://localhost:12245/session/2462a0d942548af2608fdc2b247b27e6/alert/text'
01:36:55.507 [Forwarding getAlertText on session 2462a0d942548af2608fdc2b247b27e6 to remote] DEBUG org.asynchttpclient.netty.request.NettyRequestSender - Using open Channel [id: 0x16be695e, L:/127.0.0.1:57217 - R:localhost/127.0.0.1:12245] for GET '/session/2462a0d942548af2608fdc2b247b27e6/alert/text'
01:36:55.508 [AsyncHttpClient-1-14] DEBUG org.asynchttpclient.netty.handler.HttpHandler - 

Request DefaultFullHttpRequest(decodeResult: success, version: HTTP/1.1, content: EmptyByteBufBE)
GET /session/2462a0d942548af2608fdc2b247b27e6/alert/text HTTP/1.1
User-Agent: selenium/4.8.1 (java windows)
Cache-Control: no-cache
Content-Type: application/json; charset=utf-8
host: localhost:12245
accept: */*

Response DefaultHttpResponse(decodeResult: success, version: HTTP/1.1)
HTTP/1.1 404 Not Found
Content-Length: 835
Content-Type: application/json; charset=utf-8
cache-control: no-cache

01:36:55.508 [AsyncHttpClient-1-14] DEBUG org.asynchttpclient.netty.channel.ChannelManager - Adding key: http://localhost:12245 for channel [id: 0x16be695e, L:/127.0.0.1:57217 - R:localhost/127.0.0.1:12245]
01:36:55.509 [Forwarding getCurrentUrl on session 2462a0d942548af2608fdc2b247b27e6 to remote] DEBUG org.asynchttpclient.netty.request.NettyRequestSender - Using pooled Channel '[id: 0x16be695e, L:/127.0.0.1:57217 - R:localhost/127.0.0.1:12245]' for 'GET' to 'http://localhost:12245/session/2462a0d942548af2608fdc2b247b27e6/url'
01:36:55.509 [Forwarding getCurrentUrl on session 2462a0d942548af2608fdc2b247b27e6 to remote] DEBUG org.asynchttpclient.netty.request.NettyRequestSender - Using open Channel [id: 0x16be695e, L:/127.0.0.1:57217 - R:localhost/127.0.0.1:12245] for GET '/session/2462a0d942548af2608fdc2b247b27e6/url'
01:36:55.512 [AsyncHttpClient-1-14] DEBUG org.asynchttpclient.netty.handler.HttpHandler - 

Request DefaultFullHttpRequest(decodeResult: success, version: HTTP/1.1, content: EmptyByteBufBE)
GET /session/2462a0d942548af2608fdc2b247b27e6/url HTTP/1.1
User-Agent: selenium/4.8.1 (java windows)
Cache-Control: no-cache
Content-Type: application/json; charset=utf-8
host: localhost:12245
accept: */*

Response DefaultHttpResponse(decodeResult: success, version: HTTP/1.1)
HTTP/1.1 200 OK
Content-Length: 51
Content-Type: application/json; charset=utf-8
cache-control: no-cache

01:36:55.512 [AsyncHttpClient-1-14] DEBUG org.asynchttpclient.netty.channel.ChannelManager - Adding key: http://localhost:12245 for channel [id: 0x16be695e, L:/127.0.0.1:57217 - R:localhost/127.0.0.1:12245]
01:36:55.513 [Forwarding screenshot on session 2462a0d942548af2608fdc2b247b27e6 to remote] DEBUG org.asynchttpclient.netty.request.NettyRequestSender - Using pooled Channel '[id: 0x16be695e, L:/127.0.0.1:57217 - R:localhost/127.0.0.1:12245]' for 'GET' to 'http://localhost:12245/session/2462a0d942548af2608fdc2b247b27e6/screenshot'
01:36:55.513 [Forwarding screenshot on session 2462a0d942548af2608fdc2b247b27e6 to remote] DEBUG org.asynchttpclient.netty.request.NettyRequestSender - Using open Channel [id: 0x16be695e, L:/127.0.0.1:57217 - R:localhost/127.0.0.1:12245] for GET '/session/2462a0d942548af2608fdc2b247b27e6/screenshot'
01:36:55.645 [AsyncHttpClient-1-14] DEBUG org.asynchttpclient.netty.handler.HttpHandler - 

Request DefaultFullHttpRequest(decodeResult: success, version: HTTP/1.1, content: EmptyByteBufBE)
GET /session/2462a0d942548af2608fdc2b247b27e6/screenshot HTTP/1.1
User-Agent: selenium/4.8.1 (java windows)
Cache-Control: no-cache
Content-Type: application/json; charset=utf-8
host: localhost:12245
accept: */*

Response DefaultHttpResponse(decodeResult: success, version: HTTP/1.1)
HTTP/1.1 200 OK
Content-Length: 237984
Content-Type: application/json; charset=utf-8
cache-control: no-cache

01:36:55.647 [AsyncHttpClient-1-14] DEBUG org.asynchttpclient.netty.channel.ChannelManager - Adding key: http://localhost:12245 for channel [id: 0x16be695e, L:/127.0.0.1:57217 - R:localhost/127.0.0.1:12245]
01:36:55.650 [main] DEBUG net.serenitybdd.core.photography.Darkroom - Send negative for processing for target\site\serenity\766fab28d36120a49ffb4216347f69161bd97ab99bb9612ac3667ba1bc27fda4.png
01:36:55.651 [main] DEBUG net.thucydides.core.steps.StepInterceptor - STEP DONE: validateWarningMessage
  &amp#27;[32mThen &amp#27;[0m&amp#27;[32mI should see the warning message&amp#27;[0m                           &amp#27;[90m# starter.stepdefintions.SelectProductSteps.validateWarningMessage()&amp#27;[0m
01:36:55.651 [Darkroom Processing Line] DEBUG net.serenitybdd.core.photography.DarkroomProcessingLine - Processing screenshot image in /var/screenshots/screenshot-10539616795696198154
01:36:55.651 [Darkroom Processing Line] DEBUG net.serenitybdd.core.photography.DarkroomProcessingLine - Saving screenshot to target\site\serenity\766fab28d36120a49ffb4216347f69161bd97ab99bb9612ac3667ba1bc27fda4.png
01:36:55.654 [main] INFO  - 
  _____   ___   ___   _____     ___     _     ___   ___   ___   ___  
 |_   _| | __| / __| |_   _|   | _ \   /_\   / __| / __| | __| |   \ 
   | |   | _|  \__ \   | |     |  _/  / _ \  \__ \ \__ \ | _|  | |) |
   |_|   |___| |___/   |_|     |_|   /_/ \_\ |___/ |___/ |___| |___/ 

Input incorrect nomor meter and correct nomor handphone
----------------------------------------------------------------------
01:36:55.655 [AsyncHttpClient-1-16] DEBUG org.asynchttpclient.netty.handler.WebSocketHandler - Channel Closed: [id: 0x3d446c60, L:/127.0.0.1:57227 ! R:localhost/127.0.0.1:57219] with attribute NettyResponseFuture{currentRetry=0,
	isDone=1,
	isCancelled=0,
	asyncHandler=org.asynchttpclient.ws.WebSocketUpgradeHandler@6d0b3d03,
	nettyRequest=org.asynchttpclient.netty.request.NettyRequest@2809bec6,
	future=java.util.concurrent.CompletableFuture@5534357a[Completed normally],
	uri=ws://localhost:57219/devtools/browser/d5ac2d76-b43b-49dc-a1a1-2fd0d5e56612,
	keepAlive=true,
	redirectCount=0,
	timeoutsHolder=null,
	inAuth=0,
	touch=1680979008460}
01:36:55.655 [AsyncHttpClient-1-16] DEBUG org.asynchttpclient.netty.channel.ChannelManager - Closing Channel [id: 0x3d446c60, L:/127.0.0.1:57227 ! R:localhost/127.0.0.1:57219] 
01:36:55.655 [Driver Command Executor] DEBUG org.asynchttpclient.netty.request.NettyRequestSender - Using pooled Channel '[id: 0x16be695e, L:/127.0.0.1:57217 - R:localhost/127.0.0.1:12245]' for 'DELETE' to 'http://localhost:12245/session/2462a0d942548af2608fdc2b247b27e6'
01:36:55.655 [Driver Command Executor] DEBUG org.asynchttpclient.netty.request.NettyRequestSender - Using open Channel [id: 0x16be695e, L:/127.0.0.1:57217 - R:localhost/127.0.0.1:12245] for DELETE '/session/2462a0d942548af2608fdc2b247b27e6'
01:36:55.677 [AsyncHttpClient-1-15] DEBUG org.asynchttpclient.netty.handler.HttpHandler - Unexpected I/O exception on channel [id: 0xb88085f0, L:/127.0.0.1:57226 - R:localhost/127.0.0.1:57219]
java.net.SocketException: Connection reset
	at java.base/sun.nio.ch.SocketChannelImpl.throwConnectionReset(SocketChannelImpl.java:367)
	at java.base/sun.nio.ch.SocketChannelImpl.read(SocketChannelImpl.java:398)
	at io.netty.buffer.PooledByteBuf.setBytes(PooledByteBuf.java:259)
	at io.netty.buffer.AbstractByteBuf.writeBytes(AbstractByteBuf.java:1132)
	at io.netty.channel.socket.nio.NioSocketChannel.doReadBytes(NioSocketChannel.java:357)
	at io.netty.channel.nio.AbstractNioByteChannel$NioByteUnsafe.read(AbstractNioByteChannel.java:151)
	at io.netty.channel.nio.NioEventLoop.processSelectedKey(NioEventLoop.java:788)
	at io.netty.channel.nio.NioEventLoop.processSelectedKeysOptimized(NioEventLoop.java:724)
	at io.netty.channel.nio.NioEventLoop.processSelectedKeys(NioEventLoop.java:650)
	at io.netty.channel.nio.NioEventLoop.run(NioEventLoop.java:562)
	at io.netty.util.concurrent.SingleThreadEventExecutor$4.run(SingleThreadEventExecutor.java:997)
	at io.netty.util.internal.ThreadExecutorMap$2.run(ThreadExecutorMap.java:74)
	at io.netty.util.concurrent.FastThreadLocalRunnable.run(FastThreadLocalRunnable.java:30)
	at java.base/java.lang.Thread.run(Thread.java:832)
01:36:55.677 [AsyncHttpClient-1-15] DEBUG org.asynchttpclient.netty.channel.ChannelManager - Closing Channel [id: 0xb88085f0, L:/127.0.0.1:57226 - R:localhost/127.0.0.1:57219] 
01:36:55.677 [AsyncHttpClient-1-15] DEBUG org.asynchttpclient.netty.handler.HttpHandler - Channel Closed: [id: 0xb88085f0, L:/127.0.0.1:57226 ! R:localhost/127.0.0.1:57219] with attribute DISCARD
01:36:55.688 [AsyncHttpClient-1-14] DEBUG org.asynchttpclient.netty.handler.HttpHandler - 

Request DefaultFullHttpRequest(decodeResult: success, version: HTTP/1.1, content: EmptyByteBufBE)
DELETE /session/2462a0d942548af2608fdc2b247b27e6 HTTP/1.1
User-Agent: selenium/4.8.1 (java windows)
Content-Type: application/json; charset=utf-8
host: localhost:12245
accept: */*

Response DefaultHttpResponse(decodeResult: success, version: HTTP/1.1)
HTTP/1.1 200 OK
Content-Length: 14
Content-Type: application/json; charset=utf-8
cache-control: no-cache

01:36:55.688 [AsyncHttpClient-1-14] DEBUG org.asynchttpclient.netty.channel.ChannelManager - Adding key: http://localhost:12245 for channel [id: 0x16be695e, L:/127.0.0.1:57217 - R:localhost/127.0.0.1:12245]
01:36:55.864 [AsyncHttpClient-1-14] DEBUG org.asynchttpclient.netty.handler.HttpHandler - Channel Closed: [id: 0x16be695e, L:/127.0.0.1:57217 ! R:localhost/127.0.0.1:12245] with attribute DISCARD
01:36:55.988 [AsyncHttpClient-1-1] DEBUG org.asynchttpclient.netty.channel.DefaultChannelPool - Entry count for : http://localhost:12245 : 1
01:36:55.988 [AsyncHttpClient-1-1] DEBUG org.asynchttpclient.netty.channel.DefaultChannelPool - Entry count for : http://localhost:57219 : 1
01:36:55.988 [AsyncHttpClient-1-1] DEBUG org.asynchttpclient.netty.channel.DefaultChannelPool - Adding Candidate expired Channel [id: 0x16be695e, L:/127.0.0.1:57217 ! R:localhost/127.0.0.1:12245] isIdleTimeoutExpired=false isRemotelyClosed=true isTtlExpired=false
01:36:55.988 [AsyncHttpClient-1-1] DEBUG org.asynchttpclient.netty.channel.DefaultChannelPool - Closing Idle Channel [id: 0x16be695e, L:/127.0.0.1:57217 ! R:localhost/127.0.0.1:12245]
01:36:55.988 [AsyncHttpClient-1-1] DEBUG org.asynchttpclient.netty.channel.DefaultChannelPool - Adding Candidate expired Channel [id: 0xb88085f0, L:/127.0.0.1:57226 ! R:localhost/127.0.0.1:57219] isIdleTimeoutExpired=false isRemotelyClosed=true isTtlExpired=false
01:36:55.988 [AsyncHttpClient-1-1] DEBUG org.asynchttpclient.netty.channel.DefaultChannelPool - Closing Idle Channel [id: 0xb88085f0, L:/127.0.0.1:57226 ! R:localhost/127.0.0.1:57219]
01:36:55.988 [AsyncHttpClient-1-1] DEBUG org.asynchttpclient.netty.channel.DefaultChannelPool - Closed 2 connections out of 2 in 0 ms
]]></system-out>
    <system-err><![CDATA[Starting ChromeDriver 111.0.5563.64 (c710e93d5b63b7095afe8c2c17df34408078439d-refs/branch-heads/5563@{#995}) on port 12245
Only local connections are allowed.
Please see https://chromedriver.chromium.org/security-considerations for suggestions on keeping ChromeDriver safe.
ChromeDriver was started successfully.
[1680979008.438][WARNING]: This version of ChromeDriver has not been tested with Chrome version 112.
Apr 09, 2023 1:36:48 AM org.openqa.selenium.devtools.CdpVersionFinder findNearestMatch
WARNING: Unable to find an exact match for CDP version 112, so returning the closest version found: 110
]]></system-err>
  </testcase>
</testsuite>