<?xml version="1.0" encoding="UTF-8"?>
<testsuite xmlns:xsi="http://www.w3.org/2001/XMLSchema-instance" xsi:noNamespaceSchemaLocation="https://maven.apache.org/surefire/maven-failsafe-plugin/xsd/failsafe-test-report-3.0.xsd" version="3.0" name="starter.CucumberTestSuite" time="133.71" tests="6" errors="3" skipped="0" failures="0">
  <properties>
[...]
</properties>
  <testcase name="Login with correct credentials" classname="Login to Sepulsa Account" time="27.61">
    <system-out><![CDATA[22:29:21.355 [main] DEBUG net.thucydides.core.guice.Injectors - Created injector for module net.thucydides.core.guice.ThucydidesModule
22:29:21.828 [main] DEBUG io.cucumber.core.plugin.SerenityReporter - Running feature from file:///C:/Users/WINDOWS%2010/Documents/GitHub/QE_Andira_Ms/11_Web_Programming_&_Testing/Praktikum/Testing_with_Serenity/Prioritas2/alta/src/test/resources/features/Login.feature
22:29:22.112 [main] DEBUG net.thucydides.core.guice.Injectors - Created injector for module net.thucydides.core.guice.webdriver.WebDriverModule
22:29:22.157 [main] INFO  - 

-------------------------------------------------------------------------------------
     _______. _______ .______       _______ .__   __.  __  .___________.____    ____ 
    /       ||   ____||   _  \     |   ____||  \ |  | |  | |           |\   \  /   / 
   |   (----`|  |__   |  |_)  |    |  |__   |   \|  | |  | `---|  |----` \   \/   /  
    \   \    |   __|  |      /     |   __|  |  . `  | |  |     |  |       \_    _/   
.----)   |   |  |____ |  |\  \----.|  |____ |  |\   | |  |     |  |         |  |     
|_______/    |_______|| _| `._____||_______||__| \__| |__|     |__|         |__|    
                                                                                     
 News and tutorials at http://www.serenity-bdd.info                                  
 Documentation at https://wakaleo.gitbooks.io/the-serenity-book/content/             
 Join the Serenity Community on Gitter: https://gitter.im/serenity-bdd/serenity-core 
 Serenity BDD Support and Training at http://serenity-bdd.info/#/trainingandsupport  
-------------------------------------------------------------------------------------

22:29:22.162 [main] DEBUG net.thucydides.core.steps.StepEventBus - Test suite started for story net.thucydides.core.model.Story@d124f7c
22:29:22.166 [main] INFO  - Test Suite Started: Login to Sepulsa Account
22:29:22.193 [main] DEBUG io.cucumber.core.plugin.SerenityReporter - Running feature from file:///C:/Users/WINDOWS%2010/Documents/GitHub/QE_Andira_Ms/11_Web_Programming_&_Testing/Praktikum/Testing_with_Serenity/Prioritas2/alta/src/test/resources/features/PaymentMethod.feature
22:29:22.203 [main] DEBUG net.thucydides.core.steps.StepEventBus - Test suite started for story net.thucydides.core.model.Story@1f3cee16
22:29:22.204 [main] INFO  - Test Suite Started: Select Payment Method
22:29:22.204 [main] DEBUG io.cucumber.core.plugin.SerenityReporter - Running feature from file:///C:/Users/WINDOWS%2010/Documents/GitHub/QE_Andira_Ms/11_Web_Programming_&_Testing/Praktikum/Testing_with_Serenity/Prioritas2/alta/src/test/resources/features/SelectProduct.feature
22:29:22.215 [main] DEBUG net.thucydides.core.steps.StepEventBus - Test suite started for story net.thucydides.core.model.Story@d891cf10
22:29:22.216 [main] INFO  - Test Suite Started: Select Product ListrikPLN
22:29:22.217 [main] DEBUG io.cucumber.core.plugin.SerenityReporter - Running feature from file:///C:/Users/WINDOWS%2010/Documents/GitHub/QE_Andira_Ms/11_Web_Programming_&_Testing/Praktikum/Testing_with_Serenity/Prioritas2/alta/src/test/resources/features/Login.feature
22:29:22.225 [main] DEBUG net.thucydides.core.steps.StepEventBus - Test suite started for story net.thucydides.core.model.Story@d124f7c
22:29:22.226 [main] INFO  - Test Suite Started: Login to Sepulsa Account

Scenario: Login with correct credentials                      &amp#27;[90m# src/test/resources/features/Login.feature:3&amp#27;[0m
22:29:22.385 [main] DEBUG io.cucumber.core.plugin.SerenityReporter - Running feature from file:///C:/Users/WINDOWS%2010/Documents/GitHub/QE_Andira_Ms/11_Web_Programming_&_Testing/Praktikum/Testing_with_Serenity/Prioritas2/alta/src/test/resources/features/Login.feature
22:29:22.588 [main] INFO  - 
  _____   ___   ___   _____     ___   _____     _     ___   _____   ___   ___  
 |_   _| | __| / __| |_   _|   / __| |_   _|   /_\   | _ \ |_   _| | __| |   \ 
   | |   | _|  \__ \   | |     \__ \   | |    / _ \  |   /   | |   | _|  | |) |
   |_|   |___| |___/   |_|     |___/   |_|   /_/ \_\ |_|_\   |_|   |___| |___/ 

Login with correct credentials(login-to-sepulsa-account;login-with-correct-credentials)
--------------------------------------------------------------------------------
22:29:22.719 [main] DEBUG net.thucydides.core.requirements.model.cucumber.CucumberParser - Loading feature C:\Users\WINDOWS 10\Documents\GitHub\QE_Andira_Ms\11_Web_Programming_&_Testing\Praktikum\Testing_with_Serenity\Prioritas2\alta\src\test\resources\features\Login.feature
22:29:22.762 [main] DEBUG net.thucydides.core.requirements.model.cucumber.CucumberParser - Loading feature C:\Users\WINDOWS 10\Documents\GitHub\QE_Andira_Ms\11_Web_Programming_&_Testing\Praktikum\Testing_with_Serenity\Prioritas2\alta\src\test\resources\features\PaymentMethod.feature
22:29:22.771 [main] DEBUG net.thucydides.core.requirements.model.cucumber.CucumberParser - Loading feature C:\Users\WINDOWS 10\Documents\GitHub\QE_Andira_Ms\11_Web_Programming_&_Testing\Praktikum\Testing_with_Serenity\Prioritas2\alta\src\test\resources\features\SelectProduct.feature
22:29:24.048 [main] DEBUG net.thucydides.core.steps.StepInterceptor - STARTING STEP: LoginSteps.onTheLoginPage - openPage
22:29:24.248 [main] INFO net.serenitybdd.core.webdriver.driverproviders.ChromeDriverProvider - Starting Chrome driver instance with capabilities:
22:29:24.252 [main] INFO net.serenitybdd.core.webdriver.driverproviders.ChromeDriverProvider - Capabilities {acceptInsecureCerts: false, browserName: chrome, goog:chromeOptions: {args: [remote-allow-origins=*], extensions: []}}
22:29:24.402 [main] DEBUG io.netty.util.internal.logging.InternalLoggerFactory - Using SLF4J as the default logging framework
22:29:24.406 [main] DEBUG io.netty.util.ResourceLeakDetector - -Dio.netty.leakDetection.level: simple
22:29:24.407 [main] DEBUG io.netty.util.ResourceLeakDetector - -Dio.netty.leakDetection.targetRecords: 4
22:29:24.412 [main] DEBUG io.netty.util.ResourceLeakDetectorFactory - Loaded default ResourceLeakDetector: io.netty.util.ResourceLeakDetector@4eeab3e
22:29:24.442 [main] DEBUG io.netty.util.internal.PlatformDependent0 - -Dio.netty.noUnsafe: false
22:29:24.443 [main] DEBUG io.netty.util.internal.PlatformDependent0 - Java version: 15
22:29:24.444 [main] DEBUG io.netty.util.internal.PlatformDependent0 - sun.misc.Unsafe.theUnsafe: available
22:29:24.446 [main] DEBUG io.netty.util.internal.PlatformDependent0 - sun.misc.Unsafe.copyMemory: available
22:29:24.446 [main] DEBUG io.netty.util.internal.PlatformDependent0 - sun.misc.Unsafe.storeFence: available
22:29:24.447 [main] DEBUG io.netty.util.internal.PlatformDependent0 - java.nio.Buffer.address: available
22:29:24.448 [main] DEBUG io.netty.util.internal.PlatformDependent0 - direct buffer constructor: unavailable: Reflective setAccessible(true) disabled
22:29:24.450 [main] DEBUG io.netty.util.internal.PlatformDependent0 - java.nio.Bits.unaligned: available, true
22:29:24.452 [main] DEBUG io.netty.util.internal.PlatformDependent0 - jdk.internal.misc.Unsafe.allocateUninitializedArray(int): unavailable: class io.netty.util.internal.PlatformDependent0$7 cannot access class jdk.internal.misc.Unsafe (in module java.base) because module java.base does not export jdk.internal.misc to unnamed module @5ed190be
22:29:24.454 [main] DEBUG io.netty.util.internal.PlatformDependent0 - java.nio.DirectByteBuffer.<init>(long, int): unavailable
22:29:24.454 [main] DEBUG io.netty.util.internal.PlatformDependent - sun.misc.Unsafe: available
22:29:24.456 [main] DEBUG io.netty.util.internal.PlatformDependent - maxDirectMemory: 4133486592 bytes (maybe)
22:29:24.457 [main] DEBUG io.netty.util.internal.PlatformDependent - -Dio.netty.tmpdir: C:\Users\WINDOW~1\AppData\Local\Temp (java.io.tmpdir)
22:29:24.457 [main] DEBUG io.netty.util.internal.PlatformDependent - -Dio.netty.bitMode: 64 (sun.arch.data.model)
22:29:24.457 [main] DEBUG io.netty.util.internal.PlatformDependent - Platform: Windows
22:29:24.458 [main] DEBUG io.netty.util.internal.PlatformDependent - -Dio.netty.maxDirectMemory: -1 bytes
22:29:24.458 [main] DEBUG io.netty.util.internal.PlatformDependent - -Dio.netty.uninitializedArrayAllocationThreshold: -1
22:29:24.459 [main] DEBUG io.netty.util.internal.CleanerJava9 - java.nio.ByteBuffer.cleaner(): available
22:29:24.459 [main] DEBUG io.netty.util.internal.PlatformDependent - -Dio.netty.noPreferDirect: false
22:29:24.472 [main] DEBUG io.netty.util.internal.PlatformDependent - org.jctools-core.MpscChunkedArrayQueue: available
22:29:24.500 [main] DEBUG io.netty.util.internal.InternalThreadLocalMap - -Dio.netty.threadLocalMap.stringBuilder.initialSize: 1024
22:29:24.501 [main] DEBUG io.netty.util.internal.InternalThreadLocalMap - -Dio.netty.threadLocalMap.stringBuilder.maxSize: 4096
22:29:24.814 [main] DEBUG io.netty.handler.ssl.JdkSslContext - Default protocols (JDK): [TLSv1.3, TLSv1.2, TLSv1.1, TLSv1] 
22:29:24.814 [main] DEBUG io.netty.handler.ssl.JdkSslContext - Default cipher suites (JDK): [TLS_ECDHE_ECDSA_WITH_AES_256_GCM_SHA384, TLS_ECDHE_ECDSA_WITH_AES_128_GCM_SHA256, TLS_ECDHE_RSA_WITH_AES_128_GCM_SHA256, TLS_ECDHE_RSA_WITH_AES_256_GCM_SHA384, TLS_ECDHE_RSA_WITH_AES_128_CBC_SHA, TLS_ECDHE_RSA_WITH_AES_256_CBC_SHA, TLS_RSA_WITH_AES_128_GCM_SHA256, TLS_RSA_WITH_AES_128_CBC_SHA, TLS_RSA_WITH_AES_256_CBC_SHA, TLS_AES_128_GCM_SHA256, TLS_AES_256_GCM_SHA384]
22:29:24.865 [main] DEBUG io.netty.channel.MultithreadEventLoopGroup - -Dio.netty.eventLoopThreads: 32
22:29:24.882 [main] DEBUG io.netty.channel.nio.NioEventLoop - -Dio.netty.noKeySetOptimization: false
22:29:24.882 [main] DEBUG io.netty.channel.nio.NioEventLoop - -Dio.netty.selectorAutoRebuildThreshold: 512
22:29:24.985 [main] DEBUG io.netty.buffer.PooledByteBufAllocator - -Dio.netty.allocator.numHeapArenas: 32
22:29:24.985 [main] DEBUG io.netty.buffer.PooledByteBufAllocator - -Dio.netty.allocator.numDirectArenas: 32
22:29:24.985 [main] DEBUG io.netty.buffer.PooledByteBufAllocator - -Dio.netty.allocator.pageSize: 8192
22:29:24.985 [main] DEBUG io.netty.buffer.PooledByteBufAllocator - -Dio.netty.allocator.maxOrder: 9
22:29:24.985 [main] DEBUG io.netty.buffer.PooledByteBufAllocator - -Dio.netty.allocator.chunkSize: 4194304
22:29:24.985 [main] DEBUG io.netty.buffer.PooledByteBufAllocator - -Dio.netty.allocator.smallCacheSize: 256
22:29:24.986 [main] DEBUG io.netty.buffer.PooledByteBufAllocator - -Dio.netty.allocator.normalCacheSize: 64
22:29:24.986 [main] DEBUG io.netty.buffer.PooledByteBufAllocator - -Dio.netty.allocator.maxCachedBufferCapacity: 32768
22:29:24.986 [main] DEBUG io.netty.buffer.PooledByteBufAllocator - -Dio.netty.allocator.cacheTrimInterval: 8192
22:29:24.986 [main] DEBUG io.netty.buffer.PooledByteBufAllocator - -Dio.netty.allocator.cacheTrimIntervalMillis: 0
22:29:24.986 [main] DEBUG io.netty.buffer.PooledByteBufAllocator - -Dio.netty.allocator.useCacheForAllThreads: false
22:29:24.986 [main] DEBUG io.netty.buffer.PooledByteBufAllocator - -Dio.netty.allocator.maxCachedByteBuffersPerChunk: 1023
22:29:25.010 [main] DEBUG io.netty.buffer.ByteBufUtil - -Dio.netty.allocator.type: pooled
22:29:25.010 [main] DEBUG io.netty.buffer.ByteBufUtil - -Dio.netty.threadLocalDirectBufferSize: 0
22:29:25.010 [main] DEBUG io.netty.buffer.ByteBufUtil - -Dio.netty.maxThreadLocalCharBufferSize: 16384
22:29:25.977 [Forwarding newSession on session null to remote] DEBUG io.netty.channel.DefaultChannelId - -Dio.netty.processId: 19328 (auto-detected)
22:29:25.980 [Forwarding newSession on session null to remote] DEBUG io.netty.util.NetUtil - -Djava.net.preferIPv4Stack: false
22:29:25.980 [Forwarding newSession on session null to remote] DEBUG io.netty.util.NetUtil - -Djava.net.preferIPv6Addresses: false
22:29:26.024 [Forwarding newSession on session null to remote] DEBUG io.netty.util.NetUtilInitializations - Loopback interface: lo (Software Loopback Interface 1, 127.0.0.1)
22:29:26.026 [Forwarding newSession on session null to remote] DEBUG io.netty.util.NetUtil - Failed to get SOMAXCONN from sysctl and file \proc\sys\net\core\somaxconn. Default: 200
22:29:26.210 [Forwarding newSession on session null to remote] DEBUG io.netty.channel.DefaultChannelId - -Dio.netty.machineId: 34:cf:f6:ff:fe:2b:0c:19 (auto-detected)
22:29:26.338 [AsyncHttpClient-1-2] DEBUG io.netty.buffer.AbstractByteBuf - -Dio.netty.buffer.checkAccessible: true
22:29:26.338 [AsyncHttpClient-1-2] DEBUG io.netty.buffer.AbstractByteBuf - -Dio.netty.buffer.checkBounds: true
22:29:26.338 [AsyncHttpClient-1-2] DEBUG io.netty.util.ResourceLeakDetectorFactory - Loaded default ResourceLeakDetector: io.netty.util.ResourceLeakDetector@79733456
22:29:26.373 [AsyncHttpClient-1-2] DEBUG org.asynchttpclient.netty.channel.NettyConnectListener - Using new Channel '[id: 0xa8345d67, L:/127.0.0.1:54443 - R:localhost/127.0.0.1:15174]' for 'POST' to '/session'
22:29:26.404 [AsyncHttpClient-1-2] DEBUG io.netty.util.Recycler - -Dio.netty.recycler.maxCapacityPerThread: 4096
22:29:26.405 [AsyncHttpClient-1-2] DEBUG io.netty.util.Recycler - -Dio.netty.recycler.ratio: 8
22:29:26.405 [AsyncHttpClient-1-2] DEBUG io.netty.util.Recycler - -Dio.netty.recycler.chunkSize: 32
22:29:26.405 [AsyncHttpClient-1-2] DEBUG io.netty.util.Recycler - -Dio.netty.recycler.blocking: false
22:29:27.575 [AsyncHttpClient-1-2] DEBUG io.netty.handler.codec.compression.Brotli - brotli4j not in the classpath; Brotli support will be unavailable.
22:29:27.575 [AsyncHttpClient-1-2] DEBUG org.asynchttpclient.netty.handler.HttpHandler - 

Request DefaultHttpRequest(decodeResult: success, version: HTTP/1.1)
POST /session HTTP/1.1
User-Agent: selenium/4.8.1 (java windows)
Content-Length: 507
Content-Type: application/json; charset=utf-8
host: localhost:15174
accept: */*

Response DefaultHttpResponse(decodeResult: success, version: HTTP/1.1)
HTTP/1.1 200 OK
Content-Length: 862
Content-Type: application/json; charset=utf-8
cache-control: no-cache

22:29:27.587 [AsyncHttpClient-1-2] DEBUG org.asynchttpclient.netty.channel.ChannelManager - Adding key: http://localhost:15174 for channel [id: 0xa8345d67, L:/127.0.0.1:54443 - R:localhost/127.0.0.1:15174]
22:29:27.688 [AsyncHttpClient-1-3] DEBUG org.asynchttpclient.netty.channel.NettyConnectListener - Using new Channel '[id: 0x6a6e28e8, L:/127.0.0.1:54450 - R:localhost/127.0.0.1:54445]' for 'GET' to '/json/version'
22:29:27.694 [AsyncHttpClient-1-3] DEBUG org.asynchttpclient.netty.handler.HttpHandler - 

Request DefaultFullHttpRequest(decodeResult: success, version: HTTP/1.1, content: EmptyByteBufBE)
GET /json/version HTTP/1.1
User-Agent: selenium/4.8.1 (java windows)
host: localhost:54445
accept: */*

Response DefaultHttpResponse(decodeResult: success, version: HTTP/1.1)
HTTP/1.1 200 OK
Content-Security-Policy: frame-ancestors 'none'
Content-Length: 422
Content-Type: application/json; charset=UTF-8

22:29:27.694 [AsyncHttpClient-1-3] DEBUG org.asynchttpclient.netty.channel.ChannelManager - Adding key: http://localhost:54445 for channel [id: 0x6a6e28e8, L:/127.0.0.1:54450 - R:localhost/127.0.0.1:54445]
22:29:27.710 [main] DEBUG io.netty.util.internal.ThreadLocalRandom - -Dio.netty.initialSeedUniquifier: 0x9fadf21ecb1a77e5
22:29:27.714 [AsyncHttpClient-1-4] DEBUG org.asynchttpclient.netty.channel.NettyConnectListener - Using new Channel '[id: 0xda439e72, L:/127.0.0.1:54451 - R:localhost/127.0.0.1:54445]' for 'GET' to '/devtools/browser/5d190479-cff1-4b12-9abf-ffd9d85e766b'
22:29:27.720 [AsyncHttpClient-1-4] DEBUG org.asynchttpclient.netty.handler.WebSocketHandler - 

Request DefaultFullHttpRequest(decodeResult: success, version: HTTP/1.1, content: EmptyByteBufBE)
GET /devtools/browser/5d190479-cff1-4b12-9abf-ffd9d85e766b HTTP/1.1
upgrade: websocket
connection: upgrade
sec-websocket-key: m1rOCkkswPFGBGhva0Ue4Q==
sec-websocket-version: 13
origin: http://localhost:54445
host: localhost:54445
accept: */*
user-agent: AHC/2.1

Response DefaultHttpResponse(decodeResult: success, version: HTTP/1.1)
HTTP/1.1 101 WebSocket Protocol Handshake
Upgrade: WebSocket
Connection: Upgrade
Sec-WebSocket-Accept: +sMf5ABKP/tx4Gbo6Tn1oIVgb2s=

22:29:27.911 [Forwarding get on session a60178bbb195dbb57b0f20e6a291077c to remote] DEBUG org.asynchttpclient.netty.request.NettyRequestSender - Using pooled Channel '[id: 0xa8345d67, L:/127.0.0.1:54443 - R:localhost/127.0.0.1:15174]' for 'POST' to 'http://localhost:15174/session/a60178bbb195dbb57b0f20e6a291077c/url'
22:29:27.911 [Forwarding get on session a60178bbb195dbb57b0f20e6a291077c to remote] DEBUG org.asynchttpclient.netty.request.NettyRequestSender - Using open Channel [id: 0xa8345d67, L:/127.0.0.1:54443 - R:localhost/127.0.0.1:15174] for POST '/session/a60178bbb195dbb57b0f20e6a291077c/url'
22:29:28.082 [AsyncHttpClient-1-1] DEBUG org.asynchttpclient.netty.channel.DefaultChannelPool - Entry count for : http://localhost:54445 : 1
22:29:29.180 [AsyncHttpClient-1-1] DEBUG org.asynchttpclient.netty.channel.DefaultChannelPool - Entry count for : http://localhost:54445 : 1
22:29:30.288 [AsyncHttpClient-1-1] DEBUG org.asynchttpclient.netty.channel.DefaultChannelPool - Entry count for : http://localhost:54445 : 1
22:29:31.385 [AsyncHttpClient-1-1] DEBUG org.asynchttpclient.netty.channel.DefaultChannelPool - Entry count for : http://localhost:54445 : 1
22:29:32.483 [AsyncHttpClient-1-1] DEBUG org.asynchttpclient.netty.channel.DefaultChannelPool - Entry count for : http://localhost:54445 : 1
22:29:33.579 [AsyncHttpClient-1-1] DEBUG org.asynchttpclient.netty.channel.DefaultChannelPool - Entry count for : http://localhost:54445 : 1
22:29:34.688 [AsyncHttpClient-1-1] DEBUG org.asynchttpclient.netty.channel.DefaultChannelPool - Entry count for : http://localhost:54445 : 1
22:29:35.788 [AsyncHttpClient-1-1] DEBUG org.asynchttpclient.netty.channel.DefaultChannelPool - Entry count for : http://localhost:54445 : 1
22:29:36.885 [AsyncHttpClient-1-1] DEBUG org.asynchttpclient.netty.channel.DefaultChannelPool - Entry count for : http://localhost:54445 : 1
22:29:37.980 [AsyncHttpClient-1-1] DEBUG org.asynchttpclient.netty.channel.DefaultChannelPool - Entry count for : http://localhost:54445 : 1
22:29:39.079 [AsyncHttpClient-1-1] DEBUG org.asynchttpclient.netty.channel.DefaultChannelPool - Entry count for : http://localhost:54445 : 1
22:29:40.183 [AsyncHttpClient-1-1] DEBUG org.asynchttpclient.netty.channel.DefaultChannelPool - Entry count for : http://localhost:54445 : 1
22:29:41.281 [AsyncHttpClient-1-1] DEBUG org.asynchttpclient.netty.channel.DefaultChannelPool - Entry count for : http://localhost:54445 : 1
22:29:41.754 [AsyncHttpClient-1-2] DEBUG org.asynchttpclient.netty.handler.HttpHandler - 

Request DefaultHttpRequest(decodeResult: success, version: HTTP/1.1)
POST /session/a60178bbb195dbb57b0f20e6a291077c/url HTTP/1.1
User-Agent: selenium/4.8.1 (java windows)
Content-Length: 54
Content-Type: application/json; charset=utf-8
host: localhost:15174
accept: */*

Response DefaultHttpResponse(decodeResult: success, version: HTTP/1.1)
HTTP/1.1 200 OK
Content-Length: 14
Content-Type: application/json; charset=utf-8
cache-control: no-cache

22:29:41.755 [AsyncHttpClient-1-2] DEBUG org.asynchttpclient.netty.channel.ChannelManager - Adding key: http://localhost:15174 for channel [id: 0xa8345d67, L:/127.0.0.1:54443 - R:localhost/127.0.0.1:15174]
22:29:41.762 [Forwarding setTimeout on session a60178bbb195dbb57b0f20e6a291077c to remote] DEBUG org.asynchttpclient.netty.request.NettyRequestSender - Using pooled Channel '[id: 0xa8345d67, L:/127.0.0.1:54443 - R:localhost/127.0.0.1:15174]' for 'POST' to 'http://localhost:15174/session/a60178bbb195dbb57b0f20e6a291077c/timeouts'
22:29:41.763 [Forwarding setTimeout on session a60178bbb195dbb57b0f20e6a291077c to remote] DEBUG org.asynchttpclient.netty.request.NettyRequestSender - Using open Channel [id: 0xa8345d67, L:/127.0.0.1:54443 - R:localhost/127.0.0.1:15174] for POST '/session/a60178bbb195dbb57b0f20e6a291077c/timeouts'
22:29:41.767 [AsyncHttpClient-1-2] DEBUG org.asynchttpclient.netty.handler.HttpHandler - 

Request DefaultHttpRequest(decodeResult: success, version: HTTP/1.1)
POST /session/a60178bbb195dbb57b0f20e6a291077c/timeouts HTTP/1.1
User-Agent: selenium/4.8.1 (java windows)
Content-Length: 22
Content-Type: application/json; charset=utf-8
host: localhost:15174
accept: */*

Response DefaultHttpResponse(decodeResult: success, version: HTTP/1.1)
HTTP/1.1 200 OK
Content-Length: 14
Content-Type: application/json; charset=utf-8
cache-control: no-cache

22:29:41.768 [AsyncHttpClient-1-2] DEBUG org.asynchttpclient.netty.channel.ChannelManager - Adding key: http://localhost:15174 for channel [id: 0xa8345d67, L:/127.0.0.1:54443 - R:localhost/127.0.0.1:15174]
22:29:41.827 [main] DEBUG net.serenitybdd.core.photography.Darkroom - Opening darkroom
22:29:41.829 [Darkroom Processing Line] DEBUG net.serenitybdd.core.photography.DarkroomProcessingLine - Darkroom processing line starting up
22:29:41.850 [Forwarding getAlertText on session a60178bbb195dbb57b0f20e6a291077c to remote] DEBUG org.asynchttpclient.netty.request.NettyRequestSender - Using pooled Channel '[id: 0xa8345d67, L:/127.0.0.1:54443 - R:localhost/127.0.0.1:15174]' for 'GET' to 'http://localhost:15174/session/a60178bbb195dbb57b0f20e6a291077c/alert/text'
22:29:41.851 [Forwarding getAlertText on session a60178bbb195dbb57b0f20e6a291077c to remote] DEBUG org.asynchttpclient.netty.request.NettyRequestSender - Using open Channel [id: 0xa8345d67, L:/127.0.0.1:54443 - R:localhost/127.0.0.1:15174] for GET '/session/a60178bbb195dbb57b0f20e6a291077c/alert/text'
22:29:41.854 [AsyncHttpClient-1-2] DEBUG org.asynchttpclient.netty.handler.HttpHandler - 

Request DefaultFullHttpRequest(decodeResult: success, version: HTTP/1.1, content: EmptyByteBufBE)
GET /session/a60178bbb195dbb57b0f20e6a291077c/alert/text HTTP/1.1
User-Agent: selenium/4.8.1 (java windows)
Cache-Control: no-cache
Content-Type: application/json; charset=utf-8
host: localhost:15174
accept: */*

Response DefaultHttpResponse(decodeResult: success, version: HTTP/1.1)
HTTP/1.1 404 Not Found
Content-Length: 835
Content-Type: application/json; charset=utf-8
cache-control: no-cache

22:29:41.855 [AsyncHttpClient-1-2] DEBUG org.asynchttpclient.netty.channel.ChannelManager - Adding key: http://localhost:15174 for channel [id: 0xa8345d67, L:/127.0.0.1:54443 - R:localhost/127.0.0.1:15174]
22:29:41.868 [Forwarding getCurrentUrl on session a60178bbb195dbb57b0f20e6a291077c to remote] DEBUG org.asynchttpclient.netty.request.NettyRequestSender - Using pooled Channel '[id: 0xa8345d67, L:/127.0.0.1:54443 - R:localhost/127.0.0.1:15174]' for 'GET' to 'http://localhost:15174/session/a60178bbb195dbb57b0f20e6a291077c/url'
22:29:41.869 [Forwarding getCurrentUrl on session a60178bbb195dbb57b0f20e6a291077c to remote] DEBUG org.asynchttpclient.netty.request.NettyRequestSender - Using open Channel [id: 0xa8345d67, L:/127.0.0.1:54443 - R:localhost/127.0.0.1:15174] for GET '/session/a60178bbb195dbb57b0f20e6a291077c/url'
22:29:41.876 [AsyncHttpClient-1-2] DEBUG org.asynchttpclient.netty.handler.HttpHandler - 

Request DefaultFullHttpRequest(decodeResult: success, version: HTTP/1.1, content: EmptyByteBufBE)
GET /session/a60178bbb195dbb57b0f20e6a291077c/url HTTP/1.1
User-Agent: selenium/4.8.1 (java windows)
Cache-Control: no-cache
Content-Type: application/json; charset=utf-8
host: localhost:15174
accept: */*

Response DefaultHttpResponse(decodeResult: success, version: HTTP/1.1)
HTTP/1.1 200 OK
Content-Length: 36
Content-Type: application/json; charset=utf-8
cache-control: no-cache

22:29:41.877 [AsyncHttpClient-1-2] DEBUG org.asynchttpclient.netty.channel.ChannelManager - Adding key: http://localhost:15174 for channel [id: 0xa8345d67, L:/127.0.0.1:54443 - R:localhost/127.0.0.1:15174]
22:29:41.882 [Forwarding screenshot on session a60178bbb195dbb57b0f20e6a291077c to remote] DEBUG org.asynchttpclient.netty.request.NettyRequestSender - Using pooled Channel '[id: 0xa8345d67, L:/127.0.0.1:54443 - R:localhost/127.0.0.1:15174]' for 'GET' to 'http://localhost:15174/session/a60178bbb195dbb57b0f20e6a291077c/screenshot'
22:29:41.882 [Forwarding screenshot on session a60178bbb195dbb57b0f20e6a291077c to remote] DEBUG org.asynchttpclient.netty.request.NettyRequestSender - Using open Channel [id: 0xa8345d67, L:/127.0.0.1:54443 - R:localhost/127.0.0.1:15174] for GET '/session/a60178bbb195dbb57b0f20e6a291077c/screenshot'
22:29:42.309 [AsyncHttpClient-1-2] DEBUG org.asynchttpclient.netty.handler.HttpHandler - 

Request DefaultFullHttpRequest(decodeResult: success, version: HTTP/1.1, content: EmptyByteBufBE)
GET /session/a60178bbb195dbb57b0f20e6a291077c/screenshot HTTP/1.1
User-Agent: selenium/4.8.1 (java windows)
Cache-Control: no-cache
Content-Type: application/json; charset=utf-8
host: localhost:15174
accept: */*

Response DefaultHttpResponse(decodeResult: success, version: HTTP/1.1)
HTTP/1.1 200 OK
Content-Length: 528924
Content-Type: application/json; charset=utf-8
cache-control: no-cache

22:29:42.321 [AsyncHttpClient-1-2] DEBUG org.asynchttpclient.netty.channel.ChannelManager - Adding key: http://localhost:15174 for channel [id: 0xa8345d67, L:/127.0.0.1:54443 - R:localhost/127.0.0.1:15174]
22:29:42.390 [AsyncHttpClient-1-1] DEBUG org.asynchttpclient.netty.channel.DefaultChannelPool - Entry count for : http://localhost:15174 : 1
22:29:42.390 [AsyncHttpClient-1-1] DEBUG org.asynchttpclient.netty.channel.DefaultChannelPool - Entry count for : http://localhost:54445 : 1
22:29:42.493 [main] DEBUG net.serenitybdd.core.photography.Darkroom - Send negative for processing for target\site\serenity\d2d1103d3706c076c463216844202a406edc57257111e8a7db21e52b675a3261.png
22:29:42.494 [Darkroom Processing Line] DEBUG net.serenitybdd.core.photography.DarkroomProcessingLine - Processing screenshot image in /var/screenshots/screenshot-10015774826349408923
22:29:42.494 [Darkroom Processing Line] DEBUG net.serenitybdd.core.photography.DarkroomProcessingLine - Saving screenshot to target\site\serenity\d2d1103d3706c076c463216844202a406edc57257111e8a7db21e52b675a3261.png
22:29:42.499 [main] DEBUG net.thucydides.core.steps.StepInterceptor - STEP DONE: openPage
22:29:42.521 [Forwarding getPageSource on session a60178bbb195dbb57b0f20e6a291077c to remote] DEBUG org.asynchttpclient.netty.request.NettyRequestSender - Using pooled Channel '[id: 0xa8345d67, L:/127.0.0.1:54443 - R:localhost/127.0.0.1:15174]' for 'POST' to 'http://localhost:15174/session/a60178bbb195dbb57b0f20e6a291077c/execute/sync'
22:29:42.521 [Forwarding getPageSource on session a60178bbb195dbb57b0f20e6a291077c to remote] DEBUG org.asynchttpclient.netty.request.NettyRequestSender - Using open Channel [id: 0xa8345d67, L:/127.0.0.1:54443 - R:localhost/127.0.0.1:15174] for POST '/session/a60178bbb195dbb57b0f20e6a291077c/execute/sync'
22:29:42.552 [AsyncHttpClient-1-2] DEBUG org.asynchttpclient.netty.handler.HttpHandler - 

Request DefaultHttpRequest(decodeResult: success, version: HTTP/1.1)
POST /session/a60178bbb195dbb57b0f20e6a291077c/execute/sync HTTP/1.1
User-Agent: selenium/4.8.1 (java windows)
Content-Length: 176
Content-Type: application/json; charset=utf-8
host: localhost:15174
accept: */*

Response DefaultHttpResponse(decodeResult: success, version: HTTP/1.1)
HTTP/1.1 200 OK
Content-Length: 181988
Content-Type: application/json; charset=utf-8
cache-control: no-cache

22:29:42.556 [AsyncHttpClient-1-2] DEBUG org.asynchttpclient.netty.channel.ChannelManager - Adding key: http://localhost:15174 for channel [id: 0xa8345d67, L:/127.0.0.1:54443 - R:localhost/127.0.0.1:15174]
22:29:42.901 [Forwarding getCurrentUrl on session a60178bbb195dbb57b0f20e6a291077c to remote] DEBUG org.asynchttpclient.netty.request.NettyRequestSender - Using pooled Channel '[id: 0xa8345d67, L:/127.0.0.1:54443 - R:localhost/127.0.0.1:15174]' for 'GET' to 'http://localhost:15174/session/a60178bbb195dbb57b0f20e6a291077c/url'
22:29:42.902 [Forwarding getCurrentUrl on session a60178bbb195dbb57b0f20e6a291077c to remote] DEBUG org.asynchttpclient.netty.request.NettyRequestSender - Using open Channel [id: 0xa8345d67, L:/127.0.0.1:54443 - R:localhost/127.0.0.1:15174] for GET '/session/a60178bbb195dbb57b0f20e6a291077c/url'
22:29:42.909 [AsyncHttpClient-1-2] DEBUG org.asynchttpclient.netty.handler.HttpHandler - 

Request DefaultFullHttpRequest(decodeResult: success, version: HTTP/1.1, content: EmptyByteBufBE)
GET /session/a60178bbb195dbb57b0f20e6a291077c/url HTTP/1.1
User-Agent: selenium/4.8.1 (java windows)
Cache-Control: no-cache
Content-Type: application/json; charset=utf-8
host: localhost:15174
accept: */*

Response DefaultHttpResponse(decodeResult: success, version: HTTP/1.1)
HTTP/1.1 200 OK
Content-Length: 36
Content-Type: application/json; charset=utf-8
cache-control: no-cache

22:29:42.910 [AsyncHttpClient-1-2] DEBUG org.asynchttpclient.netty.channel.ChannelManager - Adding key: http://localhost:15174 for channel [id: 0xa8345d67, L:/127.0.0.1:54443 - R:localhost/127.0.0.1:15174]
22:29:42.956 [main] DEBUG net.thucydides.core.steps.StepInterceptor - STARTING STEP: LoginSteps.onTheLoginPage - validateOnLoginPage
22:29:42.976 [Forwarding findElement on session a60178bbb195dbb57b0f20e6a291077c to remote] DEBUG org.asynchttpclient.netty.request.NettyRequestSender - Using pooled Channel '[id: 0xa8345d67, L:/127.0.0.1:54443 - R:localhost/127.0.0.1:15174]' for 'POST' to 'http://localhost:15174/session/a60178bbb195dbb57b0f20e6a291077c/element'
22:29:42.976 [Forwarding findElement on session a60178bbb195dbb57b0f20e6a291077c to remote] DEBUG org.asynchttpclient.netty.request.NettyRequestSender - Using open Channel [id: 0xa8345d67, L:/127.0.0.1:54443 - R:localhost/127.0.0.1:15174] for POST '/session/a60178bbb195dbb57b0f20e6a291077c/element'
22:29:42.998 [AsyncHttpClient-1-2] DEBUG org.asynchttpclient.netty.handler.HttpHandler - 

Request DefaultHttpRequest(decodeResult: success, version: HTTP/1.1)
POST /session/a60178bbb195dbb57b0f20e6a291077c/element HTTP/1.1
User-Agent: selenium/4.8.1 (java windows)
Content-Length: 62
Content-Type: application/json; charset=utf-8
host: localhost:15174
accept: */*

Response DefaultHttpResponse(decodeResult: success, version: HTTP/1.1)
HTTP/1.1 200 OK
Content-Length: 88
Content-Type: application/json; charset=utf-8
cache-control: no-cache

22:29:42.999 [AsyncHttpClient-1-2] DEBUG org.asynchttpclient.netty.channel.ChannelManager - Adding key: http://localhost:15174 for channel [id: 0xa8345d67, L:/127.0.0.1:54443 - R:localhost/127.0.0.1:15174]
22:29:43.035 [Forwarding isElementDisplayed on session a60178bbb195dbb57b0f20e6a291077c to remote] DEBUG org.asynchttpclient.netty.request.NettyRequestSender - Using pooled Channel '[id: 0xa8345d67, L:/127.0.0.1:54443 - R:localhost/127.0.0.1:15174]' for 'POST' to 'http://localhost:15174/session/a60178bbb195dbb57b0f20e6a291077c/execute/sync'
22:29:43.035 [Forwarding isElementDisplayed on session a60178bbb195dbb57b0f20e6a291077c to remote] DEBUG org.asynchttpclient.netty.request.NettyRequestSender - Using open Channel [id: 0xa8345d67, L:/127.0.0.1:54443 - R:localhost/127.0.0.1:15174] for POST '/session/a60178bbb195dbb57b0f20e6a291077c/execute/sync'
22:29:43.065 [AsyncHttpClient-1-2] DEBUG org.asynchttpclient.netty.handler.HttpHandler - 

Request DefaultHttpRequest(decodeResult: success, version: HTTP/1.1)
POST /session/a60178bbb195dbb57b0f20e6a291077c/execute/sync HTTP/1.1
User-Agent: selenium/4.8.1 (java windows)
Content-Length: 48807
Content-Type: application/json; charset=utf-8
host: localhost:15174
accept: */*

Response DefaultHttpResponse(decodeResult: success, version: HTTP/1.1)
HTTP/1.1 200 OK
Content-Length: 14
Content-Type: application/json; charset=utf-8
cache-control: no-cache

22:29:43.065 [AsyncHttpClient-1-2] DEBUG org.asynchttpclient.netty.channel.ChannelManager - Adding key: http://localhost:15174 for channel [id: 0xa8345d67, L:/127.0.0.1:54443 - R:localhost/127.0.0.1:15174]
22:29:43.076 [Forwarding getAlertText on session a60178bbb195dbb57b0f20e6a291077c to remote] DEBUG org.asynchttpclient.netty.request.NettyRequestSender - Using pooled Channel '[id: 0xa8345d67, L:/127.0.0.1:54443 - R:localhost/127.0.0.1:15174]' for 'GET' to 'http://localhost:15174/session/a60178bbb195dbb57b0f20e6a291077c/alert/text'
22:29:43.076 [Forwarding getAlertText on session a60178bbb195dbb57b0f20e6a291077c to remote] DEBUG org.asynchttpclient.netty.request.NettyRequestSender - Using open Channel [id: 0xa8345d67, L:/127.0.0.1:54443 - R:localhost/127.0.0.1:15174] for GET '/session/a60178bbb195dbb57b0f20e6a291077c/alert/text'
22:29:43.078 [AsyncHttpClient-1-2] DEBUG org.asynchttpclient.netty.handler.HttpHandler - 

Request DefaultFullHttpRequest(decodeResult: success, version: HTTP/1.1, content: EmptyByteBufBE)
GET /session/a60178bbb195dbb57b0f20e6a291077c/alert/text HTTP/1.1
User-Agent: selenium/4.8.1 (java windows)
Cache-Control: no-cache
Content-Type: application/json; charset=utf-8
host: localhost:15174
accept: */*

Response DefaultHttpResponse(decodeResult: success, version: HTTP/1.1)
HTTP/1.1 404 Not Found
Content-Length: 835
Content-Type: application/json; charset=utf-8
cache-control: no-cache

22:29:43.079 [AsyncHttpClient-1-2] DEBUG org.asynchttpclient.netty.channel.ChannelManager - Adding key: http://localhost:15174 for channel [id: 0xa8345d67, L:/127.0.0.1:54443 - R:localhost/127.0.0.1:15174]
22:29:43.081 [Forwarding getCurrentUrl on session a60178bbb195dbb57b0f20e6a291077c to remote] DEBUG org.asynchttpclient.netty.request.NettyRequestSender - Using pooled Channel '[id: 0xa8345d67, L:/127.0.0.1:54443 - R:localhost/127.0.0.1:15174]' for 'GET' to 'http://localhost:15174/session/a60178bbb195dbb57b0f20e6a291077c/url'
22:29:43.082 [Forwarding getCurrentUrl on session a60178bbb195dbb57b0f20e6a291077c to remote] DEBUG org.asynchttpclient.netty.request.NettyRequestSender - Using open Channel [id: 0xa8345d67, L:/127.0.0.1:54443 - R:localhost/127.0.0.1:15174] for GET '/session/a60178bbb195dbb57b0f20e6a291077c/url'
22:29:43.088 [AsyncHttpClient-1-2] DEBUG org.asynchttpclient.netty.handler.HttpHandler - 

Request DefaultFullHttpRequest(decodeResult: success, version: HTTP/1.1, content: EmptyByteBufBE)
GET /session/a60178bbb195dbb57b0f20e6a291077c/url HTTP/1.1
User-Agent: selenium/4.8.1 (java windows)
Cache-Control: no-cache
Content-Type: application/json; charset=utf-8
host: localhost:15174
accept: */*

Response DefaultHttpResponse(decodeResult: success, version: HTTP/1.1)
HTTP/1.1 200 OK
Content-Length: 36
Content-Type: application/json; charset=utf-8
cache-control: no-cache

22:29:43.088 [AsyncHttpClient-1-2] DEBUG org.asynchttpclient.netty.channel.ChannelManager - Adding key: http://localhost:15174 for channel [id: 0xa8345d67, L:/127.0.0.1:54443 - R:localhost/127.0.0.1:15174]
22:29:43.090 [Forwarding screenshot on session a60178bbb195dbb57b0f20e6a291077c to remote] DEBUG org.asynchttpclient.netty.request.NettyRequestSender - Using pooled Channel '[id: 0xa8345d67, L:/127.0.0.1:54443 - R:localhost/127.0.0.1:15174]' for 'GET' to 'http://localhost:15174/session/a60178bbb195dbb57b0f20e6a291077c/screenshot'
22:29:43.091 [Forwarding screenshot on session a60178bbb195dbb57b0f20e6a291077c to remote] DEBUG org.asynchttpclient.netty.request.NettyRequestSender - Using open Channel [id: 0xa8345d67, L:/127.0.0.1:54443 - R:localhost/127.0.0.1:15174] for GET '/session/a60178bbb195dbb57b0f20e6a291077c/screenshot'
22:29:43.421 [AsyncHttpClient-1-2] DEBUG org.asynchttpclient.netty.handler.HttpHandler - 

Request DefaultFullHttpRequest(decodeResult: success, version: HTTP/1.1, content: EmptyByteBufBE)
GET /session/a60178bbb195dbb57b0f20e6a291077c/screenshot HTTP/1.1
User-Agent: selenium/4.8.1 (java windows)
Cache-Control: no-cache
Content-Type: application/json; charset=utf-8
host: localhost:15174
accept: */*

Response DefaultHttpResponse(decodeResult: success, version: HTTP/1.1)
HTTP/1.1 200 OK
Content-Length: 528924
Content-Type: application/json; charset=utf-8
cache-control: no-cache

22:29:43.429 [AsyncHttpClient-1-2] DEBUG org.asynchttpclient.netty.channel.ChannelManager - Adding key: http://localhost:15174 for channel [id: 0xa8345d67, L:/127.0.0.1:54443 - R:localhost/127.0.0.1:15174]
22:29:43.454 [main] DEBUG net.serenitybdd.core.photography.Darkroom - Send negative for processing for target\site\serenity\d2d1103d3706c076c463216844202a406edc57257111e8a7db21e52b675a3261.png
22:29:43.455 [main] DEBUG net.thucydides.core.steps.StepInterceptor - STEP DONE: validateOnLoginPage
  &amp#27;[32mGiven &amp#27;[0m&amp#27;[32mI am on the Sepulsa login page&amp#27;[0m                        &amp#27;[90m# starter.stepdefintions.LoginSteps.onTheLoginPage()&amp#27;[0m
22:29:43.486 [AsyncHttpClient-1-1] DEBUG org.asynchttpclient.netty.channel.DefaultChannelPool - Entry count for : http://localhost:15174 : 1
22:29:43.486 [AsyncHttpClient-1-1] DEBUG org.asynchttpclient.netty.channel.DefaultChannelPool - Entry count for : http://localhost:54445 : 1
22:29:43.500 [Forwarding getPageSource on session a60178bbb195dbb57b0f20e6a291077c to remote] DEBUG org.asynchttpclient.netty.request.NettyRequestSender - Using pooled Channel '[id: 0xa8345d67, L:/127.0.0.1:54443 - R:localhost/127.0.0.1:15174]' for 'POST' to 'http://localhost:15174/session/a60178bbb195dbb57b0f20e6a291077c/execute/sync'
22:29:43.500 [Forwarding getPageSource on session a60178bbb195dbb57b0f20e6a291077c to remote] DEBUG org.asynchttpclient.netty.request.NettyRequestSender - Using open Channel [id: 0xa8345d67, L:/127.0.0.1:54443 - R:localhost/127.0.0.1:15174] for POST '/session/a60178bbb195dbb57b0f20e6a291077c/execute/sync'
22:29:43.535 [AsyncHttpClient-1-2] DEBUG org.asynchttpclient.netty.handler.HttpHandler - 

Request DefaultHttpRequest(decodeResult: success, version: HTTP/1.1)
POST /session/a60178bbb195dbb57b0f20e6a291077c/execute/sync HTTP/1.1
User-Agent: selenium/4.8.1 (java windows)
Content-Length: 176
Content-Type: application/json; charset=utf-8
host: localhost:15174
accept: */*

Response DefaultHttpResponse(decodeResult: success, version: HTTP/1.1)
HTTP/1.1 200 OK
Content-Length: 181988
Content-Type: application/json; charset=utf-8
cache-control: no-cache

22:29:43.537 [AsyncHttpClient-1-2] DEBUG org.asynchttpclient.netty.channel.ChannelManager - Adding key: http://localhost:15174 for channel [id: 0xa8345d67, L:/127.0.0.1:54443 - R:localhost/127.0.0.1:15174]
22:29:43.596 [Forwarding getCurrentUrl on session a60178bbb195dbb57b0f20e6a291077c to remote] DEBUG org.asynchttpclient.netty.request.NettyRequestSender - Using pooled Channel '[id: 0xa8345d67, L:/127.0.0.1:54443 - R:localhost/127.0.0.1:15174]' for 'GET' to 'http://localhost:15174/session/a60178bbb195dbb57b0f20e6a291077c/url'
22:29:43.596 [Forwarding getCurrentUrl on session a60178bbb195dbb57b0f20e6a291077c to remote] DEBUG org.asynchttpclient.netty.request.NettyRequestSender - Using open Channel [id: 0xa8345d67, L:/127.0.0.1:54443 - R:localhost/127.0.0.1:15174] for GET '/session/a60178bbb195dbb57b0f20e6a291077c/url'
22:29:43.603 [AsyncHttpClient-1-2] DEBUG org.asynchttpclient.netty.handler.HttpHandler - 

Request DefaultFullHttpRequest(decodeResult: success, version: HTTP/1.1, content: EmptyByteBufBE)
GET /session/a60178bbb195dbb57b0f20e6a291077c/url HTTP/1.1
User-Agent: selenium/4.8.1 (java windows)
Cache-Control: no-cache
Content-Type: application/json; charset=utf-8
host: localhost:15174
accept: */*

Response DefaultHttpResponse(decodeResult: success, version: HTTP/1.1)
HTTP/1.1 200 OK
Content-Length: 36
Content-Type: application/json; charset=utf-8
cache-control: no-cache

22:29:43.604 [AsyncHttpClient-1-2] DEBUG org.asynchttpclient.netty.channel.ChannelManager - Adding key: http://localhost:15174 for channel [id: 0xa8345d67, L:/127.0.0.1:54443 - R:localhost/127.0.0.1:15174]
22:29:43.629 [Forwarding getAlertText on session a60178bbb195dbb57b0f20e6a291077c to remote] DEBUG org.asynchttpclient.netty.request.NettyRequestSender - Using pooled Channel '[id: 0xa8345d67, L:/127.0.0.1:54443 - R:localhost/127.0.0.1:15174]' for 'GET' to 'http://localhost:15174/session/a60178bbb195dbb57b0f20e6a291077c/alert/text'
22:29:43.629 [Forwarding getAlertText on session a60178bbb195dbb57b0f20e6a291077c to remote] DEBUG org.asynchttpclient.netty.request.NettyRequestSender - Using open Channel [id: 0xa8345d67, L:/127.0.0.1:54443 - R:localhost/127.0.0.1:15174] for GET '/session/a60178bbb195dbb57b0f20e6a291077c/alert/text'
22:29:43.632 [AsyncHttpClient-1-2] DEBUG org.asynchttpclient.netty.handler.HttpHandler - 

Request DefaultFullHttpRequest(decodeResult: success, version: HTTP/1.1, content: EmptyByteBufBE)
GET /session/a60178bbb195dbb57b0f20e6a291077c/alert/text HTTP/1.1
User-Agent: selenium/4.8.1 (java windows)
Cache-Control: no-cache
Content-Type: application/json; charset=utf-8
host: localhost:15174
accept: */*

Response DefaultHttpResponse(decodeResult: success, version: HTTP/1.1)
HTTP/1.1 404 Not Found
Content-Length: 835
Content-Type: application/json; charset=utf-8
cache-control: no-cache

22:29:43.633 [AsyncHttpClient-1-2] DEBUG org.asynchttpclient.netty.channel.ChannelManager - Adding key: http://localhost:15174 for channel [id: 0xa8345d67, L:/127.0.0.1:54443 - R:localhost/127.0.0.1:15174]
22:29:43.636 [Forwarding getCurrentUrl on session a60178bbb195dbb57b0f20e6a291077c to remote] DEBUG org.asynchttpclient.netty.request.NettyRequestSender - Using pooled Channel '[id: 0xa8345d67, L:/127.0.0.1:54443 - R:localhost/127.0.0.1:15174]' for 'GET' to 'http://localhost:15174/session/a60178bbb195dbb57b0f20e6a291077c/url'
22:29:43.637 [Forwarding getCurrentUrl on session a60178bbb195dbb57b0f20e6a291077c to remote] DEBUG org.asynchttpclient.netty.request.NettyRequestSender - Using open Channel [id: 0xa8345d67, L:/127.0.0.1:54443 - R:localhost/127.0.0.1:15174] for GET '/session/a60178bbb195dbb57b0f20e6a291077c/url'
22:29:43.643 [AsyncHttpClient-1-2] DEBUG org.asynchttpclient.netty.handler.HttpHandler - 

Request DefaultFullHttpRequest(decodeResult: success, version: HTTP/1.1, content: EmptyByteBufBE)
GET /session/a60178bbb195dbb57b0f20e6a291077c/url HTTP/1.1
User-Agent: selenium/4.8.1 (java windows)
Cache-Control: no-cache
Content-Type: application/json; charset=utf-8
host: localhost:15174
accept: */*

Response DefaultHttpResponse(decodeResult: success, version: HTTP/1.1)
HTTP/1.1 200 OK
Content-Length: 36
Content-Type: application/json; charset=utf-8
cache-control: no-cache

22:29:43.643 [AsyncHttpClient-1-2] DEBUG org.asynchttpclient.netty.channel.ChannelManager - Adding key: http://localhost:15174 for channel [id: 0xa8345d67, L:/127.0.0.1:54443 - R:localhost/127.0.0.1:15174]
22:29:43.646 [Forwarding screenshot on session a60178bbb195dbb57b0f20e6a291077c to remote] DEBUG org.asynchttpclient.netty.request.NettyRequestSender - Using pooled Channel '[id: 0xa8345d67, L:/127.0.0.1:54443 - R:localhost/127.0.0.1:15174]' for 'GET' to 'http://localhost:15174/session/a60178bbb195dbb57b0f20e6a291077c/screenshot'
22:29:43.646 [Forwarding screenshot on session a60178bbb195dbb57b0f20e6a291077c to remote] DEBUG org.asynchttpclient.netty.request.NettyRequestSender - Using open Channel [id: 0xa8345d67, L:/127.0.0.1:54443 - R:localhost/127.0.0.1:15174] for GET '/session/a60178bbb195dbb57b0f20e6a291077c/screenshot'
22:29:43.998 [AsyncHttpClient-1-2] DEBUG org.asynchttpclient.netty.handler.HttpHandler - 

Request DefaultFullHttpRequest(decodeResult: success, version: HTTP/1.1, content: EmptyByteBufBE)
GET /session/a60178bbb195dbb57b0f20e6a291077c/screenshot HTTP/1.1
User-Agent: selenium/4.8.1 (java windows)
Cache-Control: no-cache
Content-Type: application/json; charset=utf-8
host: localhost:15174
accept: */*

Response DefaultHttpResponse(decodeResult: success, version: HTTP/1.1)
HTTP/1.1 200 OK
Content-Length: 528924
Content-Type: application/json; charset=utf-8
cache-control: no-cache

22:29:44.005 [AsyncHttpClient-1-2] DEBUG org.asynchttpclient.netty.channel.ChannelManager - Adding key: http://localhost:15174 for channel [id: 0xa8345d67, L:/127.0.0.1:54443 - R:localhost/127.0.0.1:15174]
22:29:44.036 [main] DEBUG net.serenitybdd.core.photography.Darkroom - Send negative for processing for target\site\serenity\d2d1103d3706c076c463216844202a406edc57257111e8a7db21e52b675a3261.png
22:29:44.040 [Forwarding getPageSource on session a60178bbb195dbb57b0f20e6a291077c to remote] DEBUG org.asynchttpclient.netty.request.NettyRequestSender - Using pooled Channel '[id: 0xa8345d67, L:/127.0.0.1:54443 - R:localhost/127.0.0.1:15174]' for 'POST' to 'http://localhost:15174/session/a60178bbb195dbb57b0f20e6a291077c/execute/sync'
22:29:44.040 [Forwarding getPageSource on session a60178bbb195dbb57b0f20e6a291077c to remote] DEBUG org.asynchttpclient.netty.request.NettyRequestSender - Using open Channel [id: 0xa8345d67, L:/127.0.0.1:54443 - R:localhost/127.0.0.1:15174] for POST '/session/a60178bbb195dbb57b0f20e6a291077c/execute/sync'
22:29:44.072 [AsyncHttpClient-1-2] DEBUG org.asynchttpclient.netty.handler.HttpHandler - 

Request DefaultHttpRequest(decodeResult: success, version: HTTP/1.1)
POST /session/a60178bbb195dbb57b0f20e6a291077c/execute/sync HTTP/1.1
User-Agent: selenium/4.8.1 (java windows)
Content-Length: 176
Content-Type: application/json; charset=utf-8
host: localhost:15174
accept: */*

Response DefaultHttpResponse(decodeResult: success, version: HTTP/1.1)
HTTP/1.1 200 OK
Content-Length: 174657
Content-Type: application/json; charset=utf-8
cache-control: no-cache

22:29:44.073 [AsyncHttpClient-1-2] DEBUG org.asynchttpclient.netty.channel.ChannelManager - Adding key: http://localhost:15174 for channel [id: 0xa8345d67, L:/127.0.0.1:54443 - R:localhost/127.0.0.1:15174]
22:29:44.106 [Forwarding getCurrentUrl on session a60178bbb195dbb57b0f20e6a291077c to remote] DEBUG org.asynchttpclient.netty.request.NettyRequestSender - Using pooled Channel '[id: 0xa8345d67, L:/127.0.0.1:54443 - R:localhost/127.0.0.1:15174]' for 'GET' to 'http://localhost:15174/session/a60178bbb195dbb57b0f20e6a291077c/url'
22:29:44.106 [Forwarding getCurrentUrl on session a60178bbb195dbb57b0f20e6a291077c to remote] DEBUG org.asynchttpclient.netty.request.NettyRequestSender - Using open Channel [id: 0xa8345d67, L:/127.0.0.1:54443 - R:localhost/127.0.0.1:15174] for GET '/session/a60178bbb195dbb57b0f20e6a291077c/url'
22:29:44.113 [AsyncHttpClient-1-2] DEBUG org.asynchttpclient.netty.handler.HttpHandler - 

Request DefaultFullHttpRequest(decodeResult: success, version: HTTP/1.1, content: EmptyByteBufBE)
GET /session/a60178bbb195dbb57b0f20e6a291077c/url HTTP/1.1
User-Agent: selenium/4.8.1 (java windows)
Cache-Control: no-cache
Content-Type: application/json; charset=utf-8
host: localhost:15174
accept: */*

Response DefaultHttpResponse(decodeResult: success, version: HTTP/1.1)
HTTP/1.1 200 OK
Content-Length: 36
Content-Type: application/json; charset=utf-8
cache-control: no-cache

22:29:44.113 [AsyncHttpClient-1-2] DEBUG org.asynchttpclient.netty.channel.ChannelManager - Adding key: http://localhost:15174 for channel [id: 0xa8345d67, L:/127.0.0.1:54443 - R:localhost/127.0.0.1:15174]
22:29:44.119 [main] DEBUG net.thucydides.core.steps.StepInterceptor - STARTING STEP: LoginSteps.clickLoginButton - clickLoginButton
22:29:44.130 [Forwarding findElement on session a60178bbb195dbb57b0f20e6a291077c to remote] DEBUG org.asynchttpclient.netty.request.NettyRequestSender - Using pooled Channel '[id: 0xa8345d67, L:/127.0.0.1:54443 - R:localhost/127.0.0.1:15174]' for 'POST' to 'http://localhost:15174/session/a60178bbb195dbb57b0f20e6a291077c/element'
22:29:44.130 [Forwarding findElement on session a60178bbb195dbb57b0f20e6a291077c to remote] DEBUG org.asynchttpclient.netty.request.NettyRequestSender - Using open Channel [id: 0xa8345d67, L:/127.0.0.1:54443 - R:localhost/127.0.0.1:15174] for POST '/session/a60178bbb195dbb57b0f20e6a291077c/element'
22:29:44.140 [AsyncHttpClient-1-2] DEBUG org.asynchttpclient.netty.handler.HttpHandler - 

Request DefaultHttpRequest(decodeResult: success, version: HTTP/1.1)
POST /session/a60178bbb195dbb57b0f20e6a291077c/element HTTP/1.1
User-Agent: selenium/4.8.1 (java windows)
Content-Length: 62
Content-Type: application/json; charset=utf-8
host: localhost:15174
accept: */*

Response DefaultHttpResponse(decodeResult: success, version: HTTP/1.1)
HTTP/1.1 200 OK
Content-Length: 88
Content-Type: application/json; charset=utf-8
cache-control: no-cache

22:29:44.140 [AsyncHttpClient-1-2] DEBUG org.asynchttpclient.netty.channel.ChannelManager - Adding key: http://localhost:15174 for channel [id: 0xa8345d67, L:/127.0.0.1:54443 - R:localhost/127.0.0.1:15174]
22:29:44.144 [Forwarding getElementTagName on session a60178bbb195dbb57b0f20e6a291077c to remote] DEBUG org.asynchttpclient.netty.request.NettyRequestSender - Using pooled Channel '[id: 0xa8345d67, L:/127.0.0.1:54443 - R:localhost/127.0.0.1:15174]' for 'GET' to 'http://localhost:15174/session/a60178bbb195dbb57b0f20e6a291077c/element/0997f10f-70c3-4d22-9fe0-99f707ab441a/name'
22:29:44.144 [Forwarding getElementTagName on session a60178bbb195dbb57b0f20e6a291077c to remote] DEBUG org.asynchttpclient.netty.request.NettyRequestSender - Using open Channel [id: 0xa8345d67, L:/127.0.0.1:54443 - R:localhost/127.0.0.1:15174] for GET '/session/a60178bbb195dbb57b0f20e6a291077c/element/0997f10f-70c3-4d22-9fe0-99f707ab441a/name'
22:29:44.151 [AsyncHttpClient-1-2] DEBUG org.asynchttpclient.netty.handler.HttpHandler - 

Request DefaultFullHttpRequest(decodeResult: success, version: HTTP/1.1, content: EmptyByteBufBE)
GET /session/a60178bbb195dbb57b0f20e6a291077c/element/0997f10f-70c3-4d22-9fe0-99f707ab441a/name HTTP/1.1
User-Agent: selenium/4.8.1 (java windows)
Cache-Control: no-cache
Content-Type: application/json; charset=utf-8
host: localhost:15174
accept: */*

Response DefaultHttpResponse(decodeResult: success, version: HTTP/1.1)
HTTP/1.1 200 OK
Content-Length: 16
Content-Type: application/json; charset=utf-8
cache-control: no-cache

22:29:44.152 [AsyncHttpClient-1-2] DEBUG org.asynchttpclient.netty.channel.ChannelManager - Adding key: http://localhost:15174 for channel [id: 0xa8345d67, L:/127.0.0.1:54443 - R:localhost/127.0.0.1:15174]
22:29:44.155 [Forwarding getElementTagName on session a60178bbb195dbb57b0f20e6a291077c to remote] DEBUG org.asynchttpclient.netty.request.NettyRequestSender - Using pooled Channel '[id: 0xa8345d67, L:/127.0.0.1:54443 - R:localhost/127.0.0.1:15174]' for 'GET' to 'http://localhost:15174/session/a60178bbb195dbb57b0f20e6a291077c/element/0997f10f-70c3-4d22-9fe0-99f707ab441a/name'
22:29:44.155 [Forwarding getElementTagName on session a60178bbb195dbb57b0f20e6a291077c to remote] DEBUG org.asynchttpclient.netty.request.NettyRequestSender - Using open Channel [id: 0xa8345d67, L:/127.0.0.1:54443 - R:localhost/127.0.0.1:15174] for GET '/session/a60178bbb195dbb57b0f20e6a291077c/element/0997f10f-70c3-4d22-9fe0-99f707ab441a/name'
22:29:44.161 [AsyncHttpClient-1-2] DEBUG org.asynchttpclient.netty.handler.HttpHandler - 

Request DefaultFullHttpRequest(decodeResult: success, version: HTTP/1.1, content: EmptyByteBufBE)
GET /session/a60178bbb195dbb57b0f20e6a291077c/element/0997f10f-70c3-4d22-9fe0-99f707ab441a/name HTTP/1.1
User-Agent: selenium/4.8.1 (java windows)
Cache-Control: no-cache
Content-Type: application/json; charset=utf-8
host: localhost:15174
accept: */*

Response DefaultHttpResponse(decodeResult: success, version: HTTP/1.1)
HTTP/1.1 200 OK
Content-Length: 16
Content-Type: application/json; charset=utf-8
cache-control: no-cache

22:29:44.161 [AsyncHttpClient-1-2] DEBUG org.asynchttpclient.netty.channel.ChannelManager - Adding key: http://localhost:15174 for channel [id: 0xa8345d67, L:/127.0.0.1:54443 - R:localhost/127.0.0.1:15174]
22:29:44.166 [Forwarding findElement on session a60178bbb195dbb57b0f20e6a291077c to remote] DEBUG org.asynchttpclient.netty.request.NettyRequestSender - Using pooled Channel '[id: 0xa8345d67, L:/127.0.0.1:54443 - R:localhost/127.0.0.1:15174]' for 'POST' to 'http://localhost:15174/session/a60178bbb195dbb57b0f20e6a291077c/element'
22:29:44.167 [Forwarding findElement on session a60178bbb195dbb57b0f20e6a291077c to remote] DEBUG org.asynchttpclient.netty.request.NettyRequestSender - Using open Channel [id: 0xa8345d67, L:/127.0.0.1:54443 - R:localhost/127.0.0.1:15174] for POST '/session/a60178bbb195dbb57b0f20e6a291077c/element'
22:29:44.176 [AsyncHttpClient-1-2] DEBUG org.asynchttpclient.netty.handler.HttpHandler - 

Request DefaultHttpRequest(decodeResult: success, version: HTTP/1.1)
POST /session/a60178bbb195dbb57b0f20e6a291077c/element HTTP/1.1
User-Agent: selenium/4.8.1 (java windows)
Content-Length: 62
Content-Type: application/json; charset=utf-8
host: localhost:15174
accept: */*

Response DefaultHttpResponse(decodeResult: success, version: HTTP/1.1)
HTTP/1.1 200 OK
Content-Length: 88
Content-Type: application/json; charset=utf-8
cache-control: no-cache

22:29:44.176 [AsyncHttpClient-1-2] DEBUG org.asynchttpclient.netty.channel.ChannelManager - Adding key: http://localhost:15174 for channel [id: 0xa8345d67, L:/127.0.0.1:54443 - R:localhost/127.0.0.1:15174]
22:29:44.179 [Forwarding clickElement on session a60178bbb195dbb57b0f20e6a291077c to remote] DEBUG org.asynchttpclient.netty.request.NettyRequestSender - Using pooled Channel '[id: 0xa8345d67, L:/127.0.0.1:54443 - R:localhost/127.0.0.1:15174]' for 'POST' to 'http://localhost:15174/session/a60178bbb195dbb57b0f20e6a291077c/element/0997f10f-70c3-4d22-9fe0-99f707ab441a/click'
22:29:44.179 [Forwarding clickElement on session a60178bbb195dbb57b0f20e6a291077c to remote] DEBUG org.asynchttpclient.netty.request.NettyRequestSender - Using open Channel [id: 0xa8345d67, L:/127.0.0.1:54443 - R:localhost/127.0.0.1:15174] for POST '/session/a60178bbb195dbb57b0f20e6a291077c/element/0997f10f-70c3-4d22-9fe0-99f707ab441a/click'
22:29:44.252 [AsyncHttpClient-1-2] DEBUG org.asynchttpclient.netty.handler.HttpHandler - 

Request DefaultHttpRequest(decodeResult: success, version: HTTP/1.1)
POST /session/a60178bbb195dbb57b0f20e6a291077c/element/0997f10f-70c3-4d22-9fe0-99f707ab441a/click HTTP/1.1
User-Agent: selenium/4.8.1 (java windows)
Content-Length: 50
Content-Type: application/json; charset=utf-8
host: localhost:15174
accept: */*

Response DefaultHttpResponse(decodeResult: success, version: HTTP/1.1)
HTTP/1.1 200 OK
Content-Length: 14
Content-Type: application/json; charset=utf-8
cache-control: no-cache

22:29:44.253 [AsyncHttpClient-1-2] DEBUG org.asynchttpclient.netty.channel.ChannelManager - Adding key: http://localhost:15174 for channel [id: 0xa8345d67, L:/127.0.0.1:54443 - R:localhost/127.0.0.1:15174]
22:29:44.280 [Forwarding getAlertText on session a60178bbb195dbb57b0f20e6a291077c to remote] DEBUG org.asynchttpclient.netty.request.NettyRequestSender - Using pooled Channel '[id: 0xa8345d67, L:/127.0.0.1:54443 - R:localhost/127.0.0.1:15174]' for 'GET' to 'http://localhost:15174/session/a60178bbb195dbb57b0f20e6a291077c/alert/text'
22:29:44.280 [Forwarding getAlertText on session a60178bbb195dbb57b0f20e6a291077c to remote] DEBUG org.asynchttpclient.netty.request.NettyRequestSender - Using open Channel [id: 0xa8345d67, L:/127.0.0.1:54443 - R:localhost/127.0.0.1:15174] for GET '/session/a60178bbb195dbb57b0f20e6a291077c/alert/text'
22:29:44.329 [AsyncHttpClient-1-2] DEBUG org.asynchttpclient.netty.handler.HttpHandler - 

Request DefaultFullHttpRequest(decodeResult: success, version: HTTP/1.1, content: EmptyByteBufBE)
GET /session/a60178bbb195dbb57b0f20e6a291077c/alert/text HTTP/1.1
User-Agent: selenium/4.8.1 (java windows)
Cache-Control: no-cache
Content-Type: application/json; charset=utf-8
host: localhost:15174
accept: */*

Response DefaultHttpResponse(decodeResult: success, version: HTTP/1.1)
HTTP/1.1 404 Not Found
Content-Length: 835
Content-Type: application/json; charset=utf-8
cache-control: no-cache

22:29:44.333 [AsyncHttpClient-1-2] DEBUG org.asynchttpclient.netty.channel.ChannelManager - Adding key: http://localhost:15174 for channel [id: 0xa8345d67, L:/127.0.0.1:54443 - R:localhost/127.0.0.1:15174]
22:29:44.336 [Forwarding getCurrentUrl on session a60178bbb195dbb57b0f20e6a291077c to remote] DEBUG org.asynchttpclient.netty.request.NettyRequestSender - Using pooled Channel '[id: 0xa8345d67, L:/127.0.0.1:54443 - R:localhost/127.0.0.1:15174]' for 'GET' to 'http://localhost:15174/session/a60178bbb195dbb57b0f20e6a291077c/url'
22:29:44.336 [Forwarding getCurrentUrl on session a60178bbb195dbb57b0f20e6a291077c to remote] DEBUG org.asynchttpclient.netty.request.NettyRequestSender - Using open Channel [id: 0xa8345d67, L:/127.0.0.1:54443 - R:localhost/127.0.0.1:15174] for GET '/session/a60178bbb195dbb57b0f20e6a291077c/url'
22:29:44.347 [AsyncHttpClient-1-2] DEBUG org.asynchttpclient.netty.handler.HttpHandler - 

Request DefaultFullHttpRequest(decodeResult: success, version: HTTP/1.1, content: EmptyByteBufBE)
GET /session/a60178bbb195dbb57b0f20e6a291077c/url HTTP/1.1
User-Agent: selenium/4.8.1 (java windows)
Cache-Control: no-cache
Content-Type: application/json; charset=utf-8
host: localhost:15174
accept: */*

Response DefaultHttpResponse(decodeResult: success, version: HTTP/1.1)
HTTP/1.1 200 OK
Content-Length: 42
Content-Type: application/json; charset=utf-8
cache-control: no-cache

22:29:44.348 [AsyncHttpClient-1-2] DEBUG org.asynchttpclient.netty.channel.ChannelManager - Adding key: http://localhost:15174 for channel [id: 0xa8345d67, L:/127.0.0.1:54443 - R:localhost/127.0.0.1:15174]
22:29:44.349 [Forwarding screenshot on session a60178bbb195dbb57b0f20e6a291077c to remote] DEBUG org.asynchttpclient.netty.request.NettyRequestSender - Using pooled Channel '[id: 0xa8345d67, L:/127.0.0.1:54443 - R:localhost/127.0.0.1:15174]' for 'GET' to 'http://localhost:15174/session/a60178bbb195dbb57b0f20e6a291077c/screenshot'
22:29:44.349 [Forwarding screenshot on session a60178bbb195dbb57b0f20e6a291077c to remote] DEBUG org.asynchttpclient.netty.request.NettyRequestSender - Using open Channel [id: 0xa8345d67, L:/127.0.0.1:54443 - R:localhost/127.0.0.1:15174] for GET '/session/a60178bbb195dbb57b0f20e6a291077c/screenshot'
22:29:44.591 [AsyncHttpClient-1-1] DEBUG org.asynchttpclient.netty.channel.DefaultChannelPool - Entry count for : http://localhost:54445 : 1
22:29:44.810 [AsyncHttpClient-1-2] DEBUG org.asynchttpclient.netty.handler.HttpHandler - 

Request DefaultFullHttpRequest(decodeResult: success, version: HTTP/1.1, content: EmptyByteBufBE)
GET /session/a60178bbb195dbb57b0f20e6a291077c/screenshot HTTP/1.1
User-Agent: selenium/4.8.1 (java windows)
Cache-Control: no-cache
Content-Type: application/json; charset=utf-8
host: localhost:15174
accept: */*

Response DefaultHttpResponse(decodeResult: success, version: HTTP/1.1)
HTTP/1.1 200 OK
Content-Length: 255864
Content-Type: application/json; charset=utf-8
cache-control: no-cache

22:29:44.812 [AsyncHttpClient-1-2] DEBUG org.asynchttpclient.netty.channel.ChannelManager - Adding key: http://localhost:15174 for channel [id: 0xa8345d67, L:/127.0.0.1:54443 - R:localhost/127.0.0.1:15174]
22:29:44.822 [main] DEBUG net.serenitybdd.core.photography.Darkroom - Send negative for processing for target\site\serenity\385bcadc27da1b2c4766a46f92f1b5bdc4e85f5718254a7d06d292689290915e.png
22:29:44.823 [main] DEBUG net.thucydides.core.steps.StepInterceptor - STEP DONE: clickLoginButton
22:29:44.823 [Darkroom Processing Line] DEBUG net.serenitybdd.core.photography.DarkroomProcessingLine - Processing screenshot image in /var/screenshots/screenshot-667289395293109233
  &amp#27;[32mWhen &amp#27;[0m&amp#27;[32mI click login button&amp#27;[0m                                   &amp#27;[90m# starter.stepdefintions.LoginSteps.clickLoginButton()&amp#27;[0m
22:29:44.823 [Darkroom Processing Line] DEBUG net.serenitybdd.core.photography.DarkroomProcessingLine - Saving screenshot to target\site\serenity\385bcadc27da1b2c4766a46f92f1b5bdc4e85f5718254a7d06d292689290915e.png
22:29:44.838 [Forwarding getPageSource on session a60178bbb195dbb57b0f20e6a291077c to remote] DEBUG org.asynchttpclient.netty.request.NettyRequestSender - Using pooled Channel '[id: 0xa8345d67, L:/127.0.0.1:54443 - R:localhost/127.0.0.1:15174]' for 'POST' to 'http://localhost:15174/session/a60178bbb195dbb57b0f20e6a291077c/execute/sync'
22:29:44.838 [Forwarding getPageSource on session a60178bbb195dbb57b0f20e6a291077c to remote] DEBUG org.asynchttpclient.netty.request.NettyRequestSender - Using open Channel [id: 0xa8345d67, L:/127.0.0.1:54443 - R:localhost/127.0.0.1:15174] for POST '/session/a60178bbb195dbb57b0f20e6a291077c/execute/sync'
22:29:44.855 [AsyncHttpClient-1-2] DEBUG org.asynchttpclient.netty.handler.HttpHandler - 

Request DefaultHttpRequest(decodeResult: success, version: HTTP/1.1)
POST /session/a60178bbb195dbb57b0f20e6a291077c/execute/sync HTTP/1.1
User-Agent: selenium/4.8.1 (java windows)
Content-Length: 176
Content-Type: application/json; charset=utf-8
host: localhost:15174
accept: */*

Response DefaultHttpResponse(decodeResult: success, version: HTTP/1.1)
HTTP/1.1 200 OK
Content-Length: 96896
Content-Type: application/json; charset=utf-8
cache-control: no-cache

22:29:44.856 [AsyncHttpClient-1-2] DEBUG org.asynchttpclient.netty.channel.ChannelManager - Adding key: http://localhost:15174 for channel [id: 0xa8345d67, L:/127.0.0.1:54443 - R:localhost/127.0.0.1:15174]
22:29:44.873 [Forwarding getCurrentUrl on session a60178bbb195dbb57b0f20e6a291077c to remote] DEBUG org.asynchttpclient.netty.request.NettyRequestSender - Using pooled Channel '[id: 0xa8345d67, L:/127.0.0.1:54443 - R:localhost/127.0.0.1:15174]' for 'GET' to 'http://localhost:15174/session/a60178bbb195dbb57b0f20e6a291077c/url'
22:29:44.873 [Forwarding getCurrentUrl on session a60178bbb195dbb57b0f20e6a291077c to remote] DEBUG org.asynchttpclient.netty.request.NettyRequestSender - Using open Channel [id: 0xa8345d67, L:/127.0.0.1:54443 - R:localhost/127.0.0.1:15174] for GET '/session/a60178bbb195dbb57b0f20e6a291077c/url'
22:29:44.879 [AsyncHttpClient-1-2] DEBUG org.asynchttpclient.netty.handler.HttpHandler - 

Request DefaultFullHttpRequest(decodeResult: success, version: HTTP/1.1, content: EmptyByteBufBE)
GET /session/a60178bbb195dbb57b0f20e6a291077c/url HTTP/1.1
User-Agent: selenium/4.8.1 (java windows)
Cache-Control: no-cache
Content-Type: application/json; charset=utf-8
host: localhost:15174
accept: */*

Response DefaultHttpResponse(decodeResult: success, version: HTTP/1.1)
HTTP/1.1 200 OK
Content-Length: 42
Content-Type: application/json; charset=utf-8
cache-control: no-cache

22:29:44.879 [AsyncHttpClient-1-2] DEBUG org.asynchttpclient.netty.channel.ChannelManager - Adding key: http://localhost:15174 for channel [id: 0xa8345d67, L:/127.0.0.1:54443 - R:localhost/127.0.0.1:15174]
22:29:44.903 [Forwarding getAlertText on session a60178bbb195dbb57b0f20e6a291077c to remote] DEBUG org.asynchttpclient.netty.request.NettyRequestSender - Using pooled Channel '[id: 0xa8345d67, L:/127.0.0.1:54443 - R:localhost/127.0.0.1:15174]' for 'GET' to 'http://localhost:15174/session/a60178bbb195dbb57b0f20e6a291077c/alert/text'
22:29:44.903 [Forwarding getAlertText on session a60178bbb195dbb57b0f20e6a291077c to remote] DEBUG org.asynchttpclient.netty.request.NettyRequestSender - Using open Channel [id: 0xa8345d67, L:/127.0.0.1:54443 - R:localhost/127.0.0.1:15174] for GET '/session/a60178bbb195dbb57b0f20e6a291077c/alert/text'
22:29:44.906 [AsyncHttpClient-1-2] DEBUG org.asynchttpclient.netty.handler.HttpHandler - 

Request DefaultFullHttpRequest(decodeResult: success, version: HTTP/1.1, content: EmptyByteBufBE)
GET /session/a60178bbb195dbb57b0f20e6a291077c/alert/text HTTP/1.1
User-Agent: selenium/4.8.1 (java windows)
Cache-Control: no-cache
Content-Type: application/json; charset=utf-8
host: localhost:15174
accept: */*

Response DefaultHttpResponse(decodeResult: success, version: HTTP/1.1)
HTTP/1.1 404 Not Found
Content-Length: 835
Content-Type: application/json; charset=utf-8
cache-control: no-cache

22:29:44.906 [AsyncHttpClient-1-2] DEBUG org.asynchttpclient.netty.channel.ChannelManager - Adding key: http://localhost:15174 for channel [id: 0xa8345d67, L:/127.0.0.1:54443 - R:localhost/127.0.0.1:15174]
22:29:44.911 [Forwarding getCurrentUrl on session a60178bbb195dbb57b0f20e6a291077c to remote] DEBUG org.asynchttpclient.netty.request.NettyRequestSender - Using pooled Channel '[id: 0xa8345d67, L:/127.0.0.1:54443 - R:localhost/127.0.0.1:15174]' for 'GET' to 'http://localhost:15174/session/a60178bbb195dbb57b0f20e6a291077c/url'
22:29:44.911 [Forwarding getCurrentUrl on session a60178bbb195dbb57b0f20e6a291077c to remote] DEBUG org.asynchttpclient.netty.request.NettyRequestSender - Using open Channel [id: 0xa8345d67, L:/127.0.0.1:54443 - R:localhost/127.0.0.1:15174] for GET '/session/a60178bbb195dbb57b0f20e6a291077c/url'
22:29:44.917 [AsyncHttpClient-1-2] DEBUG org.asynchttpclient.netty.handler.HttpHandler - 

Request DefaultFullHttpRequest(decodeResult: success, version: HTTP/1.1, content: EmptyByteBufBE)
GET /session/a60178bbb195dbb57b0f20e6a291077c/url HTTP/1.1
User-Agent: selenium/4.8.1 (java windows)
Cache-Control: no-cache
Content-Type: application/json; charset=utf-8
host: localhost:15174
accept: */*

Response DefaultHttpResponse(decodeResult: success, version: HTTP/1.1)
HTTP/1.1 200 OK
Content-Length: 42
Content-Type: application/json; charset=utf-8
cache-control: no-cache

22:29:44.917 [AsyncHttpClient-1-2] DEBUG org.asynchttpclient.netty.channel.ChannelManager - Adding key: http://localhost:15174 for channel [id: 0xa8345d67, L:/127.0.0.1:54443 - R:localhost/127.0.0.1:15174]
22:29:44.919 [Forwarding screenshot on session a60178bbb195dbb57b0f20e6a291077c to remote] DEBUG org.asynchttpclient.netty.request.NettyRequestSender - Using pooled Channel '[id: 0xa8345d67, L:/127.0.0.1:54443 - R:localhost/127.0.0.1:15174]' for 'GET' to 'http://localhost:15174/session/a60178bbb195dbb57b0f20e6a291077c/screenshot'
22:29:44.919 [Forwarding screenshot on session a60178bbb195dbb57b0f20e6a291077c to remote] DEBUG org.asynchttpclient.netty.request.NettyRequestSender - Using open Channel [id: 0xa8345d67, L:/127.0.0.1:54443 - R:localhost/127.0.0.1:15174] for GET '/session/a60178bbb195dbb57b0f20e6a291077c/screenshot'
22:29:45.180 [AsyncHttpClient-1-2] DEBUG org.asynchttpclient.netty.handler.HttpHandler - 

Request DefaultFullHttpRequest(decodeResult: success, version: HTTP/1.1, content: EmptyByteBufBE)
GET /session/a60178bbb195dbb57b0f20e6a291077c/screenshot HTTP/1.1
User-Agent: selenium/4.8.1 (java windows)
Cache-Control: no-cache
Content-Type: application/json; charset=utf-8
host: localhost:15174
accept: */*

Response DefaultHttpResponse(decodeResult: success, version: HTTP/1.1)
HTTP/1.1 200 OK
Content-Length: 255864
Content-Type: application/json; charset=utf-8
cache-control: no-cache

22:29:45.183 [AsyncHttpClient-1-2] DEBUG org.asynchttpclient.netty.channel.ChannelManager - Adding key: http://localhost:15174 for channel [id: 0xa8345d67, L:/127.0.0.1:54443 - R:localhost/127.0.0.1:15174]
22:29:45.194 [main] DEBUG net.serenitybdd.core.photography.Darkroom - Send negative for processing for target\site\serenity\385bcadc27da1b2c4766a46f92f1b5bdc4e85f5718254a7d06d292689290915e.png
22:29:45.197 [Forwarding getPageSource on session a60178bbb195dbb57b0f20e6a291077c to remote] DEBUG org.asynchttpclient.netty.request.NettyRequestSender - Using pooled Channel '[id: 0xa8345d67, L:/127.0.0.1:54443 - R:localhost/127.0.0.1:15174]' for 'POST' to 'http://localhost:15174/session/a60178bbb195dbb57b0f20e6a291077c/execute/sync'
22:29:45.197 [Forwarding getPageSource on session a60178bbb195dbb57b0f20e6a291077c to remote] DEBUG org.asynchttpclient.netty.request.NettyRequestSender - Using open Channel [id: 0xa8345d67, L:/127.0.0.1:54443 - R:localhost/127.0.0.1:15174] for POST '/session/a60178bbb195dbb57b0f20e6a291077c/execute/sync'
22:29:45.214 [AsyncHttpClient-1-2] DEBUG org.asynchttpclient.netty.handler.HttpHandler - 

Request DefaultHttpRequest(decodeResult: success, version: HTTP/1.1)
POST /session/a60178bbb195dbb57b0f20e6a291077c/execute/sync HTTP/1.1
User-Agent: selenium/4.8.1 (java windows)
Content-Length: 176
Content-Type: application/json; charset=utf-8
host: localhost:15174
accept: */*

Response DefaultHttpResponse(decodeResult: success, version: HTTP/1.1)
HTTP/1.1 200 OK
Content-Length: 96896
Content-Type: application/json; charset=utf-8
cache-control: no-cache

22:29:45.215 [AsyncHttpClient-1-2] DEBUG org.asynchttpclient.netty.channel.ChannelManager - Adding key: http://localhost:15174 for channel [id: 0xa8345d67, L:/127.0.0.1:54443 - R:localhost/127.0.0.1:15174]
22:29:45.231 [Forwarding getCurrentUrl on session a60178bbb195dbb57b0f20e6a291077c to remote] DEBUG org.asynchttpclient.netty.request.NettyRequestSender - Using pooled Channel '[id: 0xa8345d67, L:/127.0.0.1:54443 - R:localhost/127.0.0.1:15174]' for 'GET' to 'http://localhost:15174/session/a60178bbb195dbb57b0f20e6a291077c/url'
22:29:45.231 [Forwarding getCurrentUrl on session a60178bbb195dbb57b0f20e6a291077c to remote] DEBUG org.asynchttpclient.netty.request.NettyRequestSender - Using open Channel [id: 0xa8345d67, L:/127.0.0.1:54443 - R:localhost/127.0.0.1:15174] for GET '/session/a60178bbb195dbb57b0f20e6a291077c/url'
22:29:45.237 [AsyncHttpClient-1-2] DEBUG org.asynchttpclient.netty.handler.HttpHandler - 

Request DefaultFullHttpRequest(decodeResult: success, version: HTTP/1.1, content: EmptyByteBufBE)
GET /session/a60178bbb195dbb57b0f20e6a291077c/url HTTP/1.1
User-Agent: selenium/4.8.1 (java windows)
Cache-Control: no-cache
Content-Type: application/json; charset=utf-8
host: localhost:15174
accept: */*

Response DefaultHttpResponse(decodeResult: success, version: HTTP/1.1)
HTTP/1.1 200 OK
Content-Length: 42
Content-Type: application/json; charset=utf-8
cache-control: no-cache

22:29:45.237 [AsyncHttpClient-1-2] DEBUG org.asynchttpclient.netty.channel.ChannelManager - Adding key: http://localhost:15174 for channel [id: 0xa8345d67, L:/127.0.0.1:54443 - R:localhost/127.0.0.1:15174]
22:29:45.242 [main] DEBUG net.thucydides.core.steps.StepInterceptor - STARTING STEP: LoginSteps.inputEmail - inputEmail
22:29:45.251 [Forwarding findElement on session a60178bbb195dbb57b0f20e6a291077c to remote] DEBUG org.asynchttpclient.netty.request.NettyRequestSender - Using pooled Channel '[id: 0xa8345d67, L:/127.0.0.1:54443 - R:localhost/127.0.0.1:15174]' for 'POST' to 'http://localhost:15174/session/a60178bbb195dbb57b0f20e6a291077c/element'
22:29:45.251 [Forwarding findElement on session a60178bbb195dbb57b0f20e6a291077c to remote] DEBUG org.asynchttpclient.netty.request.NettyRequestSender - Using open Channel [id: 0xa8345d67, L:/127.0.0.1:54443 - R:localhost/127.0.0.1:15174] for POST '/session/a60178bbb195dbb57b0f20e6a291077c/element'
22:29:45.271 [AsyncHttpClient-1-2] DEBUG org.asynchttpclient.netty.handler.HttpHandler - 

Request DefaultHttpRequest(decodeResult: success, version: HTTP/1.1)
POST /session/a60178bbb195dbb57b0f20e6a291077c/element HTTP/1.1
User-Agent: selenium/4.8.1 (java windows)
Content-Length: 50
Content-Type: application/json; charset=utf-8
host: localhost:15174
accept: */*

Response DefaultHttpResponse(decodeResult: success, version: HTTP/1.1)
HTTP/1.1 200 OK
Content-Length: 88
Content-Type: application/json; charset=utf-8
cache-control: no-cache

22:29:45.271 [AsyncHttpClient-1-2] DEBUG org.asynchttpclient.netty.channel.ChannelManager - Adding key: http://localhost:15174 for channel [id: 0xa8345d67, L:/127.0.0.1:54443 - R:localhost/127.0.0.1:15174]
22:29:45.276 [Forwarding clearElement on session a60178bbb195dbb57b0f20e6a291077c to remote] DEBUG org.asynchttpclient.netty.request.NettyRequestSender - Using pooled Channel '[id: 0xa8345d67, L:/127.0.0.1:54443 - R:localhost/127.0.0.1:15174]' for 'POST' to 'http://localhost:15174/session/a60178bbb195dbb57b0f20e6a291077c/element/2e024e2c-ba04-4e9b-ba1f-acdb48ebef9c/clear'
22:29:45.276 [Forwarding clearElement on session a60178bbb195dbb57b0f20e6a291077c to remote] DEBUG org.asynchttpclient.netty.request.NettyRequestSender - Using open Channel [id: 0xa8345d67, L:/127.0.0.1:54443 - R:localhost/127.0.0.1:15174] for POST '/session/a60178bbb195dbb57b0f20e6a291077c/element/2e024e2c-ba04-4e9b-ba1f-acdb48ebef9c/clear'
22:29:45.401 [AsyncHttpClient-1-2] DEBUG org.asynchttpclient.netty.handler.HttpHandler - 

Request DefaultHttpRequest(decodeResult: success, version: HTTP/1.1)
POST /session/a60178bbb195dbb57b0f20e6a291077c/element/2e024e2c-ba04-4e9b-ba1f-acdb48ebef9c/clear HTTP/1.1
User-Agent: selenium/4.8.1 (java windows)
Content-Length: 50
Content-Type: application/json; charset=utf-8
host: localhost:15174
accept: */*

Response DefaultHttpResponse(decodeResult: success, version: HTTP/1.1)
HTTP/1.1 200 OK
Content-Length: 14
Content-Type: application/json; charset=utf-8
cache-control: no-cache

22:29:45.402 [AsyncHttpClient-1-2] DEBUG org.asynchttpclient.netty.channel.ChannelManager - Adding key: http://localhost:15174 for channel [id: 0xa8345d67, L:/127.0.0.1:54443 - R:localhost/127.0.0.1:15174]
22:29:45.414 [Forwarding sendKeysToElement on session a60178bbb195dbb57b0f20e6a291077c to remote] DEBUG org.asynchttpclient.netty.request.NettyRequestSender - Using pooled Channel '[id: 0xa8345d67, L:/127.0.0.1:54443 - R:localhost/127.0.0.1:15174]' for 'POST' to 'http://localhost:15174/session/a60178bbb195dbb57b0f20e6a291077c/element/2e024e2c-ba04-4e9b-ba1f-acdb48ebef9c/value'
22:29:45.414 [Forwarding sendKeysToElement on session a60178bbb195dbb57b0f20e6a291077c to remote] DEBUG org.asynchttpclient.netty.request.NettyRequestSender - Using open Channel [id: 0xa8345d67, L:/127.0.0.1:54443 - R:localhost/127.0.0.1:15174] for POST '/session/a60178bbb195dbb57b0f20e6a291077c/element/2e024e2c-ba04-4e9b-ba1f-acdb48ebef9c/value'
22:29:45.660 [AsyncHttpClient-1-2] DEBUG org.asynchttpclient.netty.handler.HttpHandler - 

Request DefaultHttpRequest(decodeResult: success, version: HTTP/1.1)
POST /session/a60178bbb195dbb57b0f20e6a291077c/element/2e024e2c-ba04-4e9b-ba1f-acdb48ebef9c/value HTTP/1.1
User-Agent: selenium/4.8.1 (java windows)
Content-Length: 351
Content-Type: application/json; charset=utf-8
host: localhost:15174
accept: */*

Response DefaultHttpResponse(decodeResult: success, version: HTTP/1.1)
HTTP/1.1 200 OK
Content-Length: 14
Content-Type: application/json; charset=utf-8
cache-control: no-cache

22:29:45.660 [AsyncHttpClient-1-2] DEBUG org.asynchttpclient.netty.channel.ChannelManager - Adding key: http://localhost:15174 for channel [id: 0xa8345d67, L:/127.0.0.1:54443 - R:localhost/127.0.0.1:15174]
22:29:45.673 [Forwarding getAlertText on session a60178bbb195dbb57b0f20e6a291077c to remote] DEBUG org.asynchttpclient.netty.request.NettyRequestSender - Using pooled Channel '[id: 0xa8345d67, L:/127.0.0.1:54443 - R:localhost/127.0.0.1:15174]' for 'GET' to 'http://localhost:15174/session/a60178bbb195dbb57b0f20e6a291077c/alert/text'
22:29:45.673 [Forwarding getAlertText on session a60178bbb195dbb57b0f20e6a291077c to remote] DEBUG org.asynchttpclient.netty.request.NettyRequestSender - Using open Channel [id: 0xa8345d67, L:/127.0.0.1:54443 - R:localhost/127.0.0.1:15174] for GET '/session/a60178bbb195dbb57b0f20e6a291077c/alert/text'
22:29:45.676 [AsyncHttpClient-1-2] DEBUG org.asynchttpclient.netty.handler.HttpHandler - 

Request DefaultFullHttpRequest(decodeResult: success, version: HTTP/1.1, content: EmptyByteBufBE)
GET /session/a60178bbb195dbb57b0f20e6a291077c/alert/text HTTP/1.1
User-Agent: selenium/4.8.1 (java windows)
Cache-Control: no-cache
Content-Type: application/json; charset=utf-8
host: localhost:15174
accept: */*

Response DefaultHttpResponse(decodeResult: success, version: HTTP/1.1)
HTTP/1.1 404 Not Found
Content-Length: 835
Content-Type: application/json; charset=utf-8
cache-control: no-cache

22:29:45.677 [AsyncHttpClient-1-2] DEBUG org.asynchttpclient.netty.channel.ChannelManager - Adding key: http://localhost:15174 for channel [id: 0xa8345d67, L:/127.0.0.1:54443 - R:localhost/127.0.0.1:15174]
22:29:45.680 [Forwarding getCurrentUrl on session a60178bbb195dbb57b0f20e6a291077c to remote] DEBUG org.asynchttpclient.netty.request.NettyRequestSender - Using pooled Channel '[id: 0xa8345d67, L:/127.0.0.1:54443 - R:localhost/127.0.0.1:15174]' for 'GET' to 'http://localhost:15174/session/a60178bbb195dbb57b0f20e6a291077c/url'
22:29:45.680 [AsyncHttpClient-1-1] DEBUG org.asynchttpclient.netty.channel.DefaultChannelPool - Entry count for : http://localhost:54445 : 1
22:29:45.680 [Forwarding getCurrentUrl on session a60178bbb195dbb57b0f20e6a291077c to remote] DEBUG org.asynchttpclient.netty.request.NettyRequestSender - Using open Channel [id: 0xa8345d67, L:/127.0.0.1:54443 - R:localhost/127.0.0.1:15174] for GET '/session/a60178bbb195dbb57b0f20e6a291077c/url'
22:29:45.686 [AsyncHttpClient-1-2] DEBUG org.asynchttpclient.netty.handler.HttpHandler - 

Request DefaultFullHttpRequest(decodeResult: success, version: HTTP/1.1, content: EmptyByteBufBE)
GET /session/a60178bbb195dbb57b0f20e6a291077c/url HTTP/1.1
User-Agent: selenium/4.8.1 (java windows)
Cache-Control: no-cache
Content-Type: application/json; charset=utf-8
host: localhost:15174
accept: */*

Response DefaultHttpResponse(decodeResult: success, version: HTTP/1.1)
HTTP/1.1 200 OK
Content-Length: 42
Content-Type: application/json; charset=utf-8
cache-control: no-cache

22:29:45.686 [AsyncHttpClient-1-2] DEBUG org.asynchttpclient.netty.channel.ChannelManager - Adding key: http://localhost:15174 for channel [id: 0xa8345d67, L:/127.0.0.1:54443 - R:localhost/127.0.0.1:15174]
22:29:45.688 [Forwarding screenshot on session a60178bbb195dbb57b0f20e6a291077c to remote] DEBUG org.asynchttpclient.netty.request.NettyRequestSender - Using pooled Channel '[id: 0xa8345d67, L:/127.0.0.1:54443 - R:localhost/127.0.0.1:15174]' for 'GET' to 'http://localhost:15174/session/a60178bbb195dbb57b0f20e6a291077c/screenshot'
22:29:45.688 [Forwarding screenshot on session a60178bbb195dbb57b0f20e6a291077c to remote] DEBUG org.asynchttpclient.netty.request.NettyRequestSender - Using open Channel [id: 0xa8345d67, L:/127.0.0.1:54443 - R:localhost/127.0.0.1:15174] for GET '/session/a60178bbb195dbb57b0f20e6a291077c/screenshot'
22:29:45.989 [AsyncHttpClient-1-2] DEBUG org.asynchttpclient.netty.handler.HttpHandler - 

Request DefaultFullHttpRequest(decodeResult: success, version: HTTP/1.1, content: EmptyByteBufBE)
GET /session/a60178bbb195dbb57b0f20e6a291077c/screenshot HTTP/1.1
User-Agent: selenium/4.8.1 (java windows)
Cache-Control: no-cache
Content-Type: application/json; charset=utf-8
host: localhost:15174
accept: */*

Response DefaultHttpResponse(decodeResult: success, version: HTTP/1.1)
HTTP/1.1 200 OK
Content-Length: 259768
Content-Type: application/json; charset=utf-8
cache-control: no-cache

22:29:45.992 [AsyncHttpClient-1-2] DEBUG org.asynchttpclient.netty.channel.ChannelManager - Adding key: http://localhost:15174 for channel [id: 0xa8345d67, L:/127.0.0.1:54443 - R:localhost/127.0.0.1:15174]
22:29:46.002 [main] DEBUG net.serenitybdd.core.photography.Darkroom - Send negative for processing for target\site\serenity\4dfead7844ac3e1e0db51b620b518cd4e36b37e417a797ba92c2bc9977975f6b.png
22:29:46.003 [main] DEBUG net.thucydides.core.steps.StepInterceptor - STEP DONE: inputEmail
  &amp#27;[32mAnd &amp#27;[0m&amp#27;[32mI enter correct email&amp#27;[0m                                   &amp#27;[90m# starter.stepdefintions.LoginSteps.inputEmail()&amp#27;[0m
22:29:46.004 [Darkroom Processing Line] DEBUG net.serenitybdd.core.photography.DarkroomProcessingLine - Processing screenshot image in /var/screenshots/screenshot-10646251196661298051
[...]
22:31:20.301 [Forwarding findElement on session 341bbeb16a338e90ac6fa37ece0c5a30 to remote] DEBUG org.asynchttpclient.netty.request.NettyRequestSender - Using open Channel [id: 0xe1ec0c31, L:/127.0.0.1:54665 - R:localhost/127.0.0.1:20054] for POST '/session/341bbeb16a338e90ac6fa37ece0c5a30/element'
22:31:21.384 [AsyncHttpClient-1-1] DEBUG org.asynchttpclient.netty.channel.DefaultChannelPool - Entry count for : http://localhost:54666 : 1
22:31:22.346 [AsyncHttpClient-1-17] DEBUG org.asynchttpclient.netty.handler.HttpHandler - 

Request DefaultHttpRequest(decodeResult: success, version: HTTP/1.1)
POST /session/341bbeb16a338e90ac6fa37ece0c5a30/element HTTP/1.1
User-Agent: selenium/4.8.1 (java windows)
Content-Length: 114
Content-Type: application/json; charset=utf-8
host: localhost:20054
accept: */*

Response DefaultHttpResponse(decodeResult: success, version: HTTP/1.1)
HTTP/1.1 404 Not Found
Content-Length: 992
Content-Type: application/json; charset=utf-8
cache-control: no-cache

22:31:22.346 [AsyncHttpClient-1-17] DEBUG org.asynchttpclient.netty.channel.ChannelManager - Adding key: http://localhost:20054 for channel [id: 0xe1ec0c31, L:/127.0.0.1:54665 - R:localhost/127.0.0.1:20054]
22:31:22.354 [Forwarding getAlertText on session 341bbeb16a338e90ac6fa37ece0c5a30 to remote] DEBUG org.asynchttpclient.netty.request.NettyRequestSender - Using pooled Channel '[id: 0xe1ec0c31, L:/127.0.0.1:54665 - R:localhost/127.0.0.1:20054]' for 'GET' to 'http://localhost:20054/session/341bbeb16a338e90ac6fa37ece0c5a30/alert/text'
22:31:22.354 [Forwarding getAlertText on session 341bbeb16a338e90ac6fa37ece0c5a30 to remote] DEBUG org.asynchttpclient.netty.request.NettyRequestSender - Using open Channel [id: 0xe1ec0c31, L:/127.0.0.1:54665 - R:localhost/127.0.0.1:20054] for GET '/session/341bbeb16a338e90ac6fa37ece0c5a30/alert/text'
22:31:22.357 [AsyncHttpClient-1-17] DEBUG org.asynchttpclient.netty.handler.HttpHandler - 

Request DefaultFullHttpRequest(decodeResult: success, version: HTTP/1.1, content: EmptyByteBufBE)
GET /session/341bbeb16a338e90ac6fa37ece0c5a30/alert/text HTTP/1.1
User-Agent: selenium/4.8.1 (java windows)
Cache-Control: no-cache
Content-Type: application/json; charset=utf-8
host: localhost:20054
accept: */*

Response DefaultHttpResponse(decodeResult: success, version: HTTP/1.1)
HTTP/1.1 404 Not Found
Content-Length: 835
Content-Type: application/json; charset=utf-8
cache-control: no-cache

22:31:22.357 [AsyncHttpClient-1-17] DEBUG org.asynchttpclient.netty.channel.ChannelManager - Adding key: http://localhost:20054 for channel [id: 0xe1ec0c31, L:/127.0.0.1:54665 - R:localhost/127.0.0.1:20054]
22:31:22.360 [Forwarding getCurrentUrl on session 341bbeb16a338e90ac6fa37ece0c5a30 to remote] DEBUG org.asynchttpclient.netty.request.NettyRequestSender - Using pooled Channel '[id: 0xe1ec0c31, L:/127.0.0.1:54665 - R:localhost/127.0.0.1:20054]' for 'GET' to 'http://localhost:20054/session/341bbeb16a338e90ac6fa37ece0c5a30/url'
22:31:22.360 [Forwarding getCurrentUrl on session 341bbeb16a338e90ac6fa37ece0c5a30 to remote] DEBUG org.asynchttpclient.netty.request.NettyRequestSender - Using open Channel [id: 0xe1ec0c31, L:/127.0.0.1:54665 - R:localhost/127.0.0.1:20054] for GET '/session/341bbeb16a338e90ac6fa37ece0c5a30/url'
22:31:22.378 [AsyncHttpClient-1-17] DEBUG org.asynchttpclient.netty.handler.HttpHandler - 

Request DefaultFullHttpRequest(decodeResult: success, version: HTTP/1.1, content: EmptyByteBufBE)
GET /session/341bbeb16a338e90ac6fa37ece0c5a30/url HTTP/1.1
User-Agent: selenium/4.8.1 (java windows)
Cache-Control: no-cache
Content-Type: application/json; charset=utf-8
host: localhost:20054
accept: */*

Response DefaultHttpResponse(decodeResult: success, version: HTTP/1.1)
HTTP/1.1 200 OK
Content-Length: 51
Content-Type: application/json; charset=utf-8
cache-control: no-cache

22:31:22.378 [AsyncHttpClient-1-17] DEBUG org.asynchttpclient.netty.channel.ChannelManager - Adding key: http://localhost:20054 for channel [id: 0xe1ec0c31, L:/127.0.0.1:54665 - R:localhost/127.0.0.1:20054]
22:31:22.379 [Forwarding screenshot on session 341bbeb16a338e90ac6fa37ece0c5a30 to remote] DEBUG org.asynchttpclient.netty.request.NettyRequestSender - Using pooled Channel '[id: 0xe1ec0c31, L:/127.0.0.1:54665 - R:localhost/127.0.0.1:20054]' for 'GET' to 'http://localhost:20054/session/341bbeb16a338e90ac6fa37ece0c5a30/screenshot'
22:31:22.380 [Forwarding screenshot on session 341bbeb16a338e90ac6fa37ece0c5a30 to remote] DEBUG org.asynchttpclient.netty.request.NettyRequestSender - Using open Channel [id: 0xe1ec0c31, L:/127.0.0.1:54665 - R:localhost/127.0.0.1:20054] for GET '/session/341bbeb16a338e90ac6fa37ece0c5a30/screenshot'
22:31:22.480 [AsyncHttpClient-1-1] DEBUG org.asynchttpclient.netty.channel.DefaultChannelPool - Entry count for : http://localhost:54666 : 1
22:31:22.642 [AsyncHttpClient-1-17] DEBUG org.asynchttpclient.netty.handler.HttpHandler - 

Request DefaultFullHttpRequest(decodeResult: success, version: HTTP/1.1, content: EmptyByteBufBE)
GET /session/341bbeb16a338e90ac6fa37ece0c5a30/screenshot HTTP/1.1
User-Agent: selenium/4.8.1 (java windows)
Cache-Control: no-cache
Content-Type: application/json; charset=utf-8
host: localhost:20054
accept: */*

Response DefaultHttpResponse(decodeResult: success, version: HTTP/1.1)
HTTP/1.1 200 OK
Content-Length: 169908
Content-Type: application/json; charset=utf-8
cache-control: no-cache

22:31:22.642 [AsyncHttpClient-1-17] DEBUG org.asynchttpclient.netty.channel.ChannelManager - Adding key: http://localhost:20054 for channel [id: 0xe1ec0c31, L:/127.0.0.1:54665 - R:localhost/127.0.0.1:20054]
22:31:22.648 [main] DEBUG net.serenitybdd.core.photography.Darkroom - Send negative for processing for target\site\serenity\9e7cc1fea3126e29a3a234c9d0c266f3741db156ebe9ad58be75b828700df4c0.png
22:31:22.649 [Darkroom Processing Line] DEBUG net.serenitybdd.core.photography.DarkroomProcessingLine - Processing screenshot image in /var/screenshots/screenshot-11293426492749078385
22:31:22.650 [Darkroom Processing Line] DEBUG net.serenitybdd.core.photography.DarkroomProcessingLine - Saving screenshot to target\site\serenity\9e7cc1fea3126e29a3a234c9d0c266f3741db156ebe9ad58be75b828700df4c0.png
22:31:22.651 [Forwarding getPageSource on session 341bbeb16a338e90ac6fa37ece0c5a30 to remote] DEBUG org.asynchttpclient.netty.request.NettyRequestSender - Using pooled Channel '[id: 0xe1ec0c31, L:/127.0.0.1:54665 - R:localhost/127.0.0.1:20054]' for 'POST' to 'http://localhost:20054/session/341bbeb16a338e90ac6fa37ece0c5a30/execute/sync'
22:31:22.651 [Forwarding getPageSource on session 341bbeb16a338e90ac6fa37ece0c5a30 to remote] DEBUG org.asynchttpclient.netty.request.NettyRequestSender - Using open Channel [id: 0xe1ec0c31, L:/127.0.0.1:54665 - R:localhost/127.0.0.1:20054] for POST '/session/341bbeb16a338e90ac6fa37ece0c5a30/execute/sync'
22:31:22.669 [AsyncHttpClient-1-17] DEBUG org.asynchttpclient.netty.handler.HttpHandler - 

Request DefaultHttpRequest(decodeResult: success, version: HTTP/1.1)
POST /session/341bbeb16a338e90ac6fa37ece0c5a30/execute/sync HTTP/1.1
User-Agent: selenium/4.8.1 (java windows)
Content-Length: 176
Content-Type: application/json; charset=utf-8
host: localhost:20054
accept: */*

Response DefaultHttpResponse(decodeResult: success, version: HTTP/1.1)
HTTP/1.1 200 OK
Content-Length: 99025
Content-Type: application/json; charset=utf-8
cache-control: no-cache

22:31:22.669 [AsyncHttpClient-1-17] DEBUG org.asynchttpclient.netty.channel.ChannelManager - Adding key: http://localhost:20054 for channel [id: 0xe1ec0c31, L:/127.0.0.1:54665 - R:localhost/127.0.0.1:20054]
22:31:22.677 [Forwarding getCurrentUrl on session 341bbeb16a338e90ac6fa37ece0c5a30 to remote] DEBUG org.asynchttpclient.netty.request.NettyRequestSender - Using pooled Channel '[id: 0xe1ec0c31, L:/127.0.0.1:54665 - R:localhost/127.0.0.1:20054]' for 'GET' to 'http://localhost:20054/session/341bbeb16a338e90ac6fa37ece0c5a30/url'
22:31:22.677 [Forwarding getCurrentUrl on session 341bbeb16a338e90ac6fa37ece0c5a30 to remote] DEBUG org.asynchttpclient.netty.request.NettyRequestSender - Using open Channel [id: 0xe1ec0c31, L:/127.0.0.1:54665 - R:localhost/127.0.0.1:20054] for GET '/session/341bbeb16a338e90ac6fa37ece0c5a30/url'
22:31:22.684 [AsyncHttpClient-1-17] DEBUG org.asynchttpclient.netty.handler.HttpHandler - 

Request DefaultFullHttpRequest(decodeResult: success, version: HTTP/1.1, content: EmptyByteBufBE)
GET /session/341bbeb16a338e90ac6fa37ece0c5a30/url HTTP/1.1
User-Agent: selenium/4.8.1 (java windows)
Cache-Control: no-cache
Content-Type: application/json; charset=utf-8
host: localhost:20054
accept: */*

Response DefaultHttpResponse(decodeResult: success, version: HTTP/1.1)
HTTP/1.1 200 OK
Content-Length: 51
Content-Type: application/json; charset=utf-8
cache-control: no-cache

22:31:22.684 [AsyncHttpClient-1-17] DEBUG org.asynchttpclient.netty.channel.ChannelManager - Adding key: http://localhost:20054 for channel [id: 0xe1ec0c31, L:/127.0.0.1:54665 - R:localhost/127.0.0.1:20054]
  &amp#27;[31mThen &amp#27;[0m&amp#27;[31mI should see the warning message&amp#27;[0m                           &amp#27;[90m# starter.stepdefintions.SelectProductSteps.validateWarningMessage()&amp#27;[0m
      &amp#27;[31morg.openqa.selenium.NoSuchElementException: no such element: Unable to locate element: {"method":"xpath","selector":"//p[contains(text(),'Nomor salah / terblokir / expired')]"}
  (Session info: chrome=112.0.5615.49)
For documentation on this error, please visit: https://selenium.dev/exceptions/#no_such_element
Build info: version: '4.8.1', revision: '8ebccac989'
System info: os.name: 'Windows 10', os.arch: 'amd64', os.version: '10.0', java.version: '15'
Driver info: org.openqa.selenium.chrome.ChromeDriver
Command: [341bbeb16a338e90ac6fa37ece0c5a30, findElement {using=xpath, value=//p[contains(text(),'Nomor salah / terblokir / expired')]}]
Capabilities {acceptInsecureCerts: false, browserName: chrome, browserVersion: 112.0.5615.49, chrome: {chromedriverVersion: 111.0.5563.64 (c710e93d5b63..., userDataDir: C:\Users\WINDOW~1\AppData\L...}, goog:chromeOptions: {debuggerAddress: localhost:54666}, networkConnectionEnabled: false, pageLoadStrategy: normal, platformName: WINDOWS, proxy: Proxy(), se:cdp: ws://localhost:54666/devtoo..., se:cdpVersion: 112.0.5615.49, setWindowRect: true, strictFileInteractability: false, timeouts: {implicit: 0, pageLoad: 300000, script: 30000}, unhandledPromptBehavior: dismiss and notify, webauthn:extension:credBlob: true, webauthn:extension:largeBlob: true, webauthn:extension:minPinLength: true, webauthn:extension:prf: true, webauthn:virtualAuthenticators: true}
Session ID: 341bbeb16a338e90ac6fa37ece0c5a30
	at java.base/jdk.internal.reflect.NativeConstructorAccessorImpl.newInstance0(Native Method)
	at java.base/jdk.internal.reflect.NativeConstructorAccessorImpl.newInstance(NativeConstructorAccessorImpl.java:64)
	at java.base/jdk.internal.reflect.DelegatingConstructorAccessorImpl.newInstance(DelegatingConstructorAccessorImpl.java:45)
	at java.base/java.lang.reflect.Constructor.newInstanceWithCaller(Constructor.java:500)
	at java.base/java.lang.reflect.Constructor.newInstance(Constructor.java:481)
	at org.openqa.selenium.remote.codec.w3c.W3CHttpResponseCodec.createException(W3CHttpResponseCodec.java:200)
	at org.openqa.selenium.remote.codec.w3c.W3CHttpResponseCodec.decode(W3CHttpResponseCodec.java:133)
	at org.openqa.selenium.remote.codec.w3c.W3CHttpResponseCodec.decode(W3CHttpResponseCodec.java:53)
	at org.openqa.selenium.remote.HttpCommandExecutor.execute(HttpCommandExecutor.java:184)
	at org.openqa.selenium.remote.service.DriverCommandExecutor.invokeExecute(DriverCommandExecutor.java:167)
	at org.openqa.selenium.remote.service.DriverCommandExecutor.execute(DriverCommandExecutor.java:142)
	at org.openqa.selenium.remote.RemoteWebDriver.execute(RemoteWebDriver.java:543)
	at org.openqa.selenium.remote.ElementLocation$ElementFinder$2.findElement(ElementLocation.java:162)
	at org.openqa.selenium.remote.ElementLocation.findElement(ElementLocation.java:60)
	at org.openqa.selenium.remote.RemoteWebDriver.findElement(RemoteWebDriver.java:352)
	at org.openqa.selenium.remote.RemoteWebDriver.findElement(RemoteWebDriver.java:344)
	at net.thucydides.core.webdriver.WebDriverFacade.findElement(WebDriverFacade.java:242)
	at net.serenitybdd.core.pages.WebElementResolverByLocator.resolveForDriver(WebElementResolverByLocator.java:25)
	at net.serenitybdd.core.pages.WebElementFacadeImpl.getResolvedElement(WebElementFacadeImpl.java:189)
	at net.serenitybdd.core.pages.WebElementFacadeImpl.getElement(WebElementFacadeImpl.java:184)
	at net.serenitybdd.core.pages.WebElementFacadeImpl.isDisplayed(WebElementFacadeImpl.java:1321)
	at alta@1.0-SNAPSHOT/starter.pages.ListrikplnPage.validateWarningMessage(ListrikplnPage.java:67)
	at alta@1.0-SNAPSHOT/starter.pages.ListrikplnPage$ByteBuddy$VV1UhdRM.validateWarningMessage$accessor$s6IN0Pc9(Unknown Source)
	at java.base/jdk.internal.reflect.NativeMethodAccessorImpl.invoke0(Native Method)
	at java.base/jdk.internal.reflect.NativeMethodAccessorImpl.invoke(NativeMethodAccessorImpl.java:64)
	at java.base/jdk.internal.reflect.DelegatingMethodAccessorImpl.invoke(DelegatingMethodAccessorImpl.java:43)
	at java.base/java.lang.reflect.Method.invoke(Method.java:564)
	at net.thucydides.core.steps.StepInterceptor.invokeMethod(StepInterceptor.java:518)
	at net.thucydides.core.steps.StepInterceptor.executeTestStepMethod(StepInterceptor.java:498)
	at net.thucydides.core.steps.StepInterceptor.runTestStep(StepInterceptor.java:472)
	at net.thucydides.core.steps.StepInterceptor.runOrSkipMethod(StepInterceptor.java:211)
	at net.thucydides.core.steps.StepInterceptor.testStepResult(StepInterceptor.java:198)
	at net.thucydides.core.steps.StepInterceptor.intercept(StepInterceptor.java:86)
	at net.thucydides.core.steps.ProxyConfiguration$InterceptorDispatcher.intercept(ProxyConfiguration.java:51)
	at alta@1.0-SNAPSHOT/starter.pages.ListrikplnPage$ByteBuddy$VV1UhdRM.validateWarningMessage(Unknown Source)
	at alta@1.0-SNAPSHOT/starter.stepdefintions.SelectProductSteps.validateWarningMessage(SelectProductSteps.java:63)
	at âœ½.I should see the warning message(file:///C:/Users/WINDOWS%2010/Documents/GitHub/QE_Andira_Ms/11_Web_Programming_&_Testing/Praktikum/Testing_with_Serenity/Prioritas2/alta/src/test/resources/features/SelectProduct.feature:17)
&amp#27;[0m
22:31:22.699 [main] ERROR  - 
  _____   ___   ___   _____     ___   ___   ___    ___    ___ 
 |_   _| | __| / __| |_   _|   | __| | _ \ | _ \  / _ \  | _ \
   | |   | _|  \__ \   | |     | _|  |   / |   / | (_) | |   /
   |_|   |___| |___/   |_|     |___| |_|_\ |_|_\  \___/  |_|_\

Input incorrect nomor meter and correct nomor handphone
---------------------------------------------------------------
22:31:22.699 [main] DEBUG  - RELATED ISSUES: 
22:31:22.699 [main] ERROR  -     Test failed at step: Validate warning message
22:31:22.700 [main] ERROR  -     no such element: Unable to locate element: {"method":"xpath","selector":"//p[contains(text(),'Nomor salah / terblokir / expired')]"}
22:31:22.703 [AsyncHttpClient-1-19] DEBUG org.asynchttpclient.netty.handler.WebSocketHandler - Channel Closed: [id: 0xc59116e5, L:/127.0.0.1:54673 ! R:localhost/127.0.0.1:54666] with attribute NettyResponseFuture{currentRetry=0,
	isDone=1,
	isCancelled=0,
	asyncHandler=org.asynchttpclient.ws.WebSocketUpgradeHandler@7c20f71,
	nettyRequest=org.asynchttpclient.netty.request.NettyRequest@42c081ed,
	future=java.util.concurrent.CompletableFuture@1c84ffd8[Completed normally],
	uri=ws://localhost:54666/devtools/browser/bcee37cc-6dae-4c7d-877a-f467055cdd80,
	keepAlive=true,
	redirectCount=0,
	timeoutsHolder=null,
	inAuth=0,
	touch=1680967872228}
22:31:22.703 [Driver Command Executor] DEBUG org.asynchttpclient.netty.request.NettyRequestSender - Using pooled Channel '[id: 0xe1ec0c31, L:/127.0.0.1:54665 - R:localhost/127.0.0.1:20054]' for 'DELETE' to 'http://localhost:20054/session/341bbeb16a338e90ac6fa37ece0c5a30'
22:31:22.703 [AsyncHttpClient-1-19] DEBUG org.asynchttpclient.netty.channel.ChannelManager - Closing Channel [id: 0xc59116e5, L:/127.0.0.1:54673 ! R:localhost/127.0.0.1:54666] 
22:31:22.703 [Driver Command Executor] DEBUG org.asynchttpclient.netty.request.NettyRequestSender - Using open Channel [id: 0xe1ec0c31, L:/127.0.0.1:54665 - R:localhost/127.0.0.1:20054] for DELETE '/session/341bbeb16a338e90ac6fa37ece0c5a30'
22:31:22.766 [AsyncHttpClient-1-18] DEBUG org.asynchttpclient.netty.handler.HttpHandler - Unexpected I/O exception on channel [id: 0x107ad68e, L:/127.0.0.1:54672 - R:localhost/127.0.0.1:54666]
java.net.SocketException: Connection reset
	at java.base/sun.nio.ch.SocketChannelImpl.throwConnectionReset(SocketChannelImpl.java:367)
	at java.base/sun.nio.ch.SocketChannelImpl.read(SocketChannelImpl.java:398)
	at io.netty.buffer.PooledByteBuf.setBytes(PooledByteBuf.java:259)
	at io.netty.buffer.AbstractByteBuf.writeBytes(AbstractByteBuf.java:1132)
	at io.netty.channel.socket.nio.NioSocketChannel.doReadBytes(NioSocketChannel.java:357)
	at io.netty.channel.nio.AbstractNioByteChannel$NioByteUnsafe.read(AbstractNioByteChannel.java:151)
	at io.netty.channel.nio.NioEventLoop.processSelectedKey(NioEventLoop.java:788)
	at io.netty.channel.nio.NioEventLoop.processSelectedKeysOptimized(NioEventLoop.java:724)
	at io.netty.channel.nio.NioEventLoop.processSelectedKeys(NioEventLoop.java:650)
	at io.netty.channel.nio.NioEventLoop.run(NioEventLoop.java:562)
	at io.netty.util.concurrent.SingleThreadEventExecutor$4.run(SingleThreadEventExecutor.java:997)
	at io.netty.util.internal.ThreadExecutorMap$2.run(ThreadExecutorMap.java:74)
	at io.netty.util.concurrent.FastThreadLocalRunnable.run(FastThreadLocalRunnable.java:30)
	at java.base/java.lang.Thread.run(Thread.java:832)
22:31:22.767 [AsyncHttpClient-1-18] DEBUG org.asynchttpclient.netty.channel.ChannelManager - Closing Channel [id: 0x107ad68e, L:/127.0.0.1:54672 - R:localhost/127.0.0.1:54666] 
22:31:22.767 [AsyncHttpClient-1-18] DEBUG org.asynchttpclient.netty.handler.HttpHandler - Channel Closed: [id: 0x107ad68e, L:/127.0.0.1:54672 ! R:localhost/127.0.0.1:54666] with attribute DISCARD
22:31:22.792 [AsyncHttpClient-1-17] DEBUG org.asynchttpclient.netty.handler.HttpHandler - 

Request DefaultFullHttpRequest(decodeResult: success, version: HTTP/1.1, content: EmptyByteBufBE)
DELETE /session/341bbeb16a338e90ac6fa37ece0c5a30 HTTP/1.1
User-Agent: selenium/4.8.1 (java windows)
Content-Type: application/json; charset=utf-8
host: localhost:20054
accept: */*

Response DefaultHttpResponse(decodeResult: success, version: HTTP/1.1)
HTTP/1.1 200 OK
Content-Length: 14
Content-Type: application/json; charset=utf-8
cache-control: no-cache

22:31:22.792 [AsyncHttpClient-1-17] DEBUG org.asynchttpclient.netty.channel.ChannelManager - Adding key: http://localhost:20054 for channel [id: 0xe1ec0c31, L:/127.0.0.1:54665 - R:localhost/127.0.0.1:20054]
22:31:23.058 [AsyncHttpClient-1-17] DEBUG org.asynchttpclient.netty.handler.HttpHandler - Channel Closed: [id: 0xe1ec0c31, L:/127.0.0.1:54665 ! R:localhost/127.0.0.1:20054] with attribute DISCARD
]]></system-out>
    <system-err><![CDATA[Starting ChromeDriver 111.0.5563.64 (c710e93d5b63b7095afe8c2c17df34408078439d-refs/branch-heads/5563@{#995}) on port 20054
Only local connections are allowed.
Please see https://chromedriver.chromium.org/security-considerations for suggestions on keeping ChromeDriver safe.
ChromeDriver was started successfully.
[1680967872.177][WARNING]: This version of ChromeDriver has not been tested with Chrome version 112.
Apr 08, 2023 10:31:12 PM org.openqa.selenium.devtools.CdpVersionFinder findNearestMatch
WARNING: Unable to find an exact match for CDP version 112, so returning the closest version found: 110
]]></system-err>
  </testcase>
</testsuite>