<?xml version="1.0" encoding="UTF-8"?>
<testsuite xmlns:xsi="http://www.w3.org/2001/XMLSchema-instance" xsi:noNamespaceSchemaLocation="https://maven.apache.org/surefire/maven-failsafe-plugin/xsd/failsafe-test-report-3.0.xsd" version="3.0" name="starter.CucumberTestSuite" time="33.838" tests="8" errors="0" skipped="0" failures="0">
  <properties>
[...]
</properties>
  <testcase name="View cart that id number is 1" classname="Cart" time="15.833">
    <system-out><![CDATA[11:48:15.572 [main] DEBUG net.thucydides.core.guice.Injectors - Created injector for module net.thucydides.core.guice.ThucydidesModule
11:48:15.840 [main] DEBUG io.cucumber.core.plugin.SerenityReporter - Running feature from file:///C:/Users/WINDOWS%2010/Documents/GitHub/QE_Andira_Ms/Code_Competence_02/alta/src/test/resources/features/Cart.feature
11:48:15.976 [main] DEBUG net.thucydides.core.guice.Injectors - Created injector for module net.thucydides.core.guice.webdriver.WebDriverModule
11:48:15.993 [main] INFO  - 

-------------------------------------------------------------------------------------
     _______. _______ .______       _______ .__   __.  __  .___________.____    ____ 
    /       ||   ____||   _  \     |   ____||  \ |  | |  | |           |\   \  /   / 
   |   (----`|  |__   |  |_)  |    |  |__   |   \|  | |  | `---|  |----` \   \/   /  
    \   \    |   __|  |      /     |   __|  |  . `  | |  |     |  |       \_    _/   
.----)   |   |  |____ |  |\  \----.|  |____ |  |\   | |  |     |  |         |  |     
|_______/    |_______|| _| `._____||_______||__| \__| |__|     |__|         |__|    
                                                                                     
 News and tutorials at http://www.serenity-bdd.info                                  
 Documentation at https://wakaleo.gitbooks.io/the-serenity-book/content/             
 Join the Serenity Community on Gitter: https://gitter.im/serenity-bdd/serenity-core 
 Serenity BDD Support and Training at http://serenity-bdd.info/#/trainingandsupport  
-------------------------------------------------------------------------------------

11:48:15.995 [main] DEBUG net.thucydides.core.steps.StepEventBus - Test suite started for story net.thucydides.core.model.Story@db962328
11:48:15.998 [main] INFO  - Test Suite Started: Cart
11:48:16.011 [main] DEBUG io.cucumber.core.plugin.SerenityReporter - Running feature from file:///C:/Users/WINDOWS%2010/Documents/GitHub/QE_Andira_Ms/Code_Competence_02/alta/src/test/resources/features/Login.feature
11:48:16.017 [main] DEBUG net.thucydides.core.steps.StepEventBus - Test suite started for story net.thucydides.core.model.Story@23282f08
11:48:16.018 [main] INFO  - Test Suite Started: Login
11:48:16.018 [main] DEBUG io.cucumber.core.plugin.SerenityReporter - Running feature from file:///C:/Users/WINDOWS%2010/Documents/GitHub/QE_Andira_Ms/Code_Competence_02/alta/src/test/resources/features/Products.feature
11:48:16.022 [main] DEBUG net.thucydides.core.steps.StepEventBus - Test suite started for story net.thucydides.core.model.Story@31b157a8
11:48:16.023 [main] INFO  - Test Suite Started: Products
11:48:16.023 [main] DEBUG io.cucumber.core.plugin.SerenityReporter - Running feature from file:///C:/Users/WINDOWS%2010/Documents/GitHub/QE_Andira_Ms/Code_Competence_02/alta/src/test/resources/features/User.feature
11:48:16.027 [main] DEBUG net.thucydides.core.steps.StepEventBus - Test suite started for story net.thucydides.core.model.Story@4eea5d88
11:48:16.028 [main] INFO  - Test Suite Started: User
11:48:16.028 [main] DEBUG io.cucumber.core.plugin.SerenityReporter - Running feature from file:///C:/Users/WINDOWS%2010/Documents/GitHub/QE_Andira_Ms/Code_Competence_02/alta/src/test/resources/features/Cart.feature
11:48:16.031 [main] DEBUG net.thucydides.core.steps.StepEventBus - Test suite started for story net.thucydides.core.model.Story@db962328
11:48:16.032 [main] INFO  - Test Suite Started: Cart

Scenario: View cart that id number is 1                 &amp#27;[90m# src/test/resources/features/Cart.feature:6&amp#27;[0m
11:48:16.124 [main] DEBUG io.cucumber.core.plugin.SerenityReporter - Running feature from file:///C:/Users/WINDOWS%2010/Documents/GitHub/QE_Andira_Ms/Code_Competence_02/alta/src/test/resources/features/Cart.feature
11:48:16.238 [main] INFO  - 
  _____   ___   ___   _____     ___   _____     _     ___   _____   ___   ___  
 |_   _| | __| / __| |_   _|   / __| |_   _|   /_\   | _ \ |_   _| | __| |   \ 
   | |   | _|  \__ \   | |     \__ \   | |    / _ \  |   /   | |   | _|  | |) |
   |_|   |___| |___/   |_|     |___/   |_|   /_/ \_\ |_|_\   |_|   |___| |___/ 

View cart that id number is 1(cart;view-cart-that-id-number-is-1)
--------------------------------------------------------------------------------
11:48:16.293 [main] DEBUG net.thucydides.core.requirements.model.cucumber.CucumberParser - Loading feature C:\Users\WINDOWS 10\Documents\GitHub\QE_Andira_Ms\Code_Competence_02\alta\src\test\resources\features\Cart.feature
11:48:16.315 [main] DEBUG net.thucydides.core.requirements.model.cucumber.CucumberParser - Loading feature C:\Users\WINDOWS 10\Documents\GitHub\QE_Andira_Ms\Code_Competence_02\alta\src\test\resources\features\Login.feature
11:48:16.320 [main] DEBUG net.thucydides.core.requirements.model.cucumber.CucumberParser - Loading feature C:\Users\WINDOWS 10\Documents\GitHub\QE_Andira_Ms\Code_Competence_02\alta\src\test\resources\features\Products.feature
11:48:16.327 [main] DEBUG net.thucydides.core.requirements.model.cucumber.CucumberParser - Loading feature C:\Users\WINDOWS 10\Documents\GitHub\QE_Andira_Ms\Code_Competence_02\alta\src\test\resources\features\User.feature
11:48:16.719 [main] DEBUG net.thucydides.core.steps.StepInterceptor - STARTING STEP: getCartSteps.setGetApiEndpoints - I set GET cart api endpoints
11:48:16.721 [main] DEBUG net.thucydides.core.steps.StepInterceptor - STEP DONE: I set GET cart api endpoints
  &amp#27;[32mGiven &amp#27;[0m&amp#27;[32mI set GET cart api endpoints&amp#27;[0m                    &amp#27;[90m# starter.stepdefinitions.getCartSteps.setGetApiEndpoints()&amp#27;[0m
11:48:16.730 [main] DEBUG net.thucydides.core.steps.StepInterceptor - STARTING STEP: getCartSteps.setGetHttpRequest - I send a GET request to the cart API endpoint
11:48:18.401 [main] DEBUG net.thucydides.core.steps.StepInterceptor - STARTING STEP: getCart.setGetHttpRequest - I set GET cart api endpoints
11:48:18.401 [main] DEBUG net.thucydides.core.steps.StepInterceptor - STEP DONE: I set GET cart api endpoints
11:48:19.070 [main] DEBUG org.apache.http.impl.conn.BasicClientConnectionManager - Get connection for route {s}->https://fakestoreapi.com:443
11:48:30.140 [main] DEBUG org.apache.http.impl.conn.DefaultClientConnectionOperator - Connecting to fakestoreapi.com:443
11:48:30.369 [main] DEBUG org.apache.http.client.protocol.RequestAddCookies - CookieSpec selected: ignoreCookies
11:48:30.370 [main] DEBUG org.apache.http.client.protocol.RequestAuthCache - Auth cache not set in the context
11:48:30.370 [main] DEBUG org.apache.http.client.protocol.RequestTargetAuthentication - Target auth state: UNCHALLENGED
11:48:30.371 [main] DEBUG org.apache.http.client.protocol.RequestProxyAuthentication - Proxy auth state: UNCHALLENGED
11:48:30.371 [main] DEBUG org.apache.http.impl.client.DefaultHttpClient - Attempt 1 to execute request
11:48:30.371 [main] DEBUG org.apache.http.impl.conn.DefaultClientConnection - Sending request: GET /carts/1 HTTP/1.1
11:48:30.371 [main] DEBUG org.apache.http.wire -  >> "GET /carts/1 HTTP/1.1[\r][\n]"
11:48:30.372 [main] DEBUG org.apache.http.wire -  >> "Accept: */*[\r][\n]"
11:48:30.372 [main] DEBUG org.apache.http.wire -  >> "Host: fakestoreapi.com[\r][\n]"
11:48:30.373 [main] DEBUG org.apache.http.wire -  >> "Connection: Keep-Alive[\r][\n]"
11:48:30.373 [main] DEBUG org.apache.http.wire -  >> "User-Agent: Apache-HttpClient/4.5.13 (Java/15)[\r][\n]"
11:48:30.373 [main] DEBUG org.apache.http.wire -  >> "Accept-Encoding: gzip,deflate[\r][\n]"
11:48:30.373 [main] DEBUG org.apache.http.wire -  >> "[\r][\n]"
11:48:30.373 [main] DEBUG org.apache.http.headers - >> GET /carts/1 HTTP/1.1
11:48:30.373 [main] DEBUG org.apache.http.headers - >> Accept: */*
11:48:30.373 [main] DEBUG org.apache.http.headers - >> Host: fakestoreapi.com
11:48:30.373 [main] DEBUG org.apache.http.headers - >> Connection: Keep-Alive
11:48:30.373 [main] DEBUG org.apache.http.headers - >> User-Agent: Apache-HttpClient/4.5.13 (Java/15)
11:48:30.373 [main] DEBUG org.apache.http.headers - >> Accept-Encoding: gzip,deflate
11:48:31.215 [main] DEBUG org.apache.http.wire -  << "HTTP/1.1 200 OK[\r][\n]"
11:48:31.216 [main] DEBUG org.apache.http.wire -  << "Date: Sun, 16 Apr 2023 04:48:33 GMT[\r][\n]"
11:48:31.217 [main] DEBUG org.apache.http.wire -  << "Content-Type: application/json; charset=utf-8[\r][\n]"
11:48:31.217 [main] DEBUG org.apache.http.wire -  << "Transfer-Encoding: chunked[\r][\n]"
11:48:31.217 [main] DEBUG org.apache.http.wire -  << "Connection: keep-alive[\r][\n]"
11:48:31.217 [main] DEBUG org.apache.http.wire -  << "Access-Control-Allow-Origin: *[\r][\n]"
11:48:31.217 [main] DEBUG org.apache.http.wire -  << "Etag: W/"a1-wvAyaNKAHffOoZd5/I4wHuNFvSs"[\r][\n]"
11:48:31.217 [main] DEBUG org.apache.http.wire -  << "X-Powered-By: Express[\r][\n]"
11:48:31.217 [main] DEBUG org.apache.http.wire -  << "CF-Cache-Status: DYNAMIC[\r][\n]"
11:48:31.217 [main] DEBUG org.apache.http.wire -  << "Report-To: {"endpoints":[{"url":"https:\/\/a.nel.cloudflare.com\/report\/v3?s=fBHa%2FwOP09uuK%2BcPTekRfmqo4ZscGovFLpF8ElroFcmSpBoWKBiREy4Lv68jwaRTclgQKbSIbtRVq%2Ff523tdvCzsVp2BIU5lQPMUtuQYs3eDPJN0Vjsu%2FFQkUdH%2FsjMxLRpG"}],"group":"cf-nel","max_age":604800}[\r][\n]"
11:48:31.217 [main] DEBUG org.apache.http.wire -  << "NEL: {"success_fraction":0,"report_to":"cf-nel","max_age":604800}[\r][\n]"
11:48:31.217 [main] DEBUG org.apache.http.wire -  << "Server: cloudflare[\r][\n]"
11:48:31.217 [main] DEBUG org.apache.http.wire -  << "CF-RAY: 7b89cbeed84444b4-SIN[\r][\n]"
11:48:31.217 [main] DEBUG org.apache.http.wire -  << "Content-Encoding: gzip[\r][\n]"
11:48:31.217 [main] DEBUG org.apache.http.wire -  << "alt-svc: h3=":443"; ma=86400, h3-29=":443"; ma=86400[\r][\n]"
11:48:31.217 [main] DEBUG org.apache.http.wire -  << "[\r][\n]"
11:48:31.218 [main] DEBUG org.apache.http.impl.conn.DefaultClientConnection - Receiving response: HTTP/1.1 200 OK
11:48:31.218 [main] DEBUG org.apache.http.headers - << HTTP/1.1 200 OK
11:48:31.218 [main] DEBUG org.apache.http.headers - << Date: Sun, 16 Apr 2023 04:48:33 GMT
11:48:31.218 [main] DEBUG org.apache.http.headers - << Content-Type: application/json; charset=utf-8
11:48:31.218 [main] DEBUG org.apache.http.headers - << Transfer-Encoding: chunked
11:48:31.218 [main] DEBUG org.apache.http.headers - << Connection: keep-alive
11:48:31.218 [main] DEBUG org.apache.http.headers - << Access-Control-Allow-Origin: *
11:48:31.218 [main] DEBUG org.apache.http.headers - << Etag: W/"a1-wvAyaNKAHffOoZd5/I4wHuNFvSs"
11:48:31.218 [main] DEBUG org.apache.http.headers - << X-Powered-By: Express
11:48:31.218 [main] DEBUG org.apache.http.headers - << CF-Cache-Status: DYNAMIC
11:48:31.218 [main] DEBUG org.apache.http.headers - << Report-To: {"endpoints":[{"url":"https:\/\/a.nel.cloudflare.com\/report\/v3?s=fBHa%2FwOP09uuK%2BcPTekRfmqo4ZscGovFLpF8ElroFcmSpBoWKBiREy4Lv68jwaRTclgQKbSIbtRVq%2Ff523tdvCzsVp2BIU5lQPMUtuQYs3eDPJN0Vjsu%2FFQkUdH%2FsjMxLRpG"}],"group":"cf-nel","max_age":604800}
11:48:31.218 [main] DEBUG org.apache.http.headers - << NEL: {"success_fraction":0,"report_to":"cf-nel","max_age":604800}
11:48:31.218 [main] DEBUG org.apache.http.headers - << Server: cloudflare
11:48:31.218 [main] DEBUG org.apache.http.headers - << CF-RAY: 7b89cbeed84444b4-SIN
11:48:31.218 [main] DEBUG org.apache.http.headers - << Content-Encoding: gzip
11:48:31.218 [main] DEBUG org.apache.http.headers - << alt-svc: h3=":443"; ma=86400, h3-29=":443"; ma=86400
11:48:31.222 [main] DEBUG org.apache.http.impl.client.DefaultHttpClient - Connection can be kept alive indefinitely
11:48:31.225 [main] DEBUG io.restassured.internal.RestAssuredHttpBuilder - Parsing response as: application/json; charset=utf-8
11:48:31.226 [main] DEBUG org.apache.http.wire -  << "7c[\r][\n]"
11:48:31.226 [main] DEBUG org.apache.http.wire -  << "[0x1f][0x8b][0x8][0x0][0x0][0x0][0x0][0x0][0x0][0x3][0xaa]V[0xca]LQ[0xb2]2[0xd4]Q*-N-[0xf2][0x84]0S[0x12]KR[0x95][0xac][0x94][0x8c][0xc][0x8c][0xc]t[\r][0x8c]u[\r][0x8c]B[0xc][0xc][0xac][0xc0]H[0xcf][0xc0][0xc0] JIG[0xa9][0xa0](?[0xa5]4[0xb9][0xa4]X[0xc9]*[0xba][0x1a][0xc6][0x81]j.,M[0xcc]+[0xc9],[0xa9]T[0xb2]2[0xa9][0xd5]A[0x91]4B[0x96]4D[0x93]4F[0x96]4[0xab][0x8d][0xd5]Q[0x8a][0x8f]/S[0xb2]2[0xa8][0x5][0x0][0x0][0x0][0xff][0xff][0x3][0x0][0x8][0xed][0xd1][0xed][0xa1][0x0][0x0][0x0]"
11:48:31.226 [main] DEBUG org.apache.http.wire -  << "[\r][\n]"
11:48:31.226 [main] DEBUG org.apache.http.wire -  << "0[\r][\n]"
11:48:31.226 [main] DEBUG org.apache.http.wire -  << "[\r][\n]"
11:48:31.227 [main] DEBUG io.restassured.internal.RestAssuredHttpBuilder - Parsed data to instance of: class org.apache.http.conn.EofSensorInputStream
11:48:31.264 [main] DEBUG org.apache.http.impl.conn.BasicClientConnectionManager - Releasing connection org.apache.http.impl.conn.ManagedClientConnectionImpl@f44d033
11:48:31.264 [main] DEBUG org.apache.http.impl.conn.BasicClientConnectionManager - Connection can be kept alive indefinitely
11:48:31.287 [main] DEBUG net.thucydides.core.steps.StepInterceptor - STEP DONE: I send a GET request to the cart API endpoint
  &amp#27;[32mWhen &amp#27;[0m&amp#27;[32mI send a GET request to the cart API endpoint&amp#27;[0m    &amp#27;[90m# starter.stepdefinitions.getCartSteps.setGetHttpRequest()&amp#27;[0m
11:48:31.292 [main] DEBUG net.thucydides.core.steps.StepInterceptor - STARTING STEP: getCartSteps.receiveValidHttp200 - I receive valid HTTP response code 200
11:48:31.313 [main] DEBUG net.thucydides.core.steps.StepInterceptor - STEP DONE: I receive valid HTTP response code 200
  &amp#27;[32mThen &amp#27;[0m&amp#27;[32mI should receive a response with status code 200&amp#27;[0m &amp#27;[90m# starter.stepdefinitions.getCartSteps.receiveValidHttp200()&amp#27;[0m
11:48:31.317 [main] DEBUG net.thucydides.core.steps.StepInterceptor - STARTING STEP: getCartSteps.receiveValidDataForDetailCart - I receive valid data of the cart
11:48:31.857 [main] DEBUG net.thucydides.core.steps.StepInterceptor - STEP DONE: I receive valid data of the cart
  &amp#27;[32mAnd &amp#27;[0m&amp#27;[32mI receive valid data of the cart&amp#27;[0m                  &amp#27;[90m# starter.stepdefinitions.getCartSteps.receiveValidDataForDetailCart()&amp#27;[0m
11:48:31.863 [main] INFO  - 
  _____   ___   ___   _____     ___     _     ___   ___   ___   ___  
 |_   _| | __| / __| |_   _|   | _ \   /_\   / __| / __| | __| |   \ 
   | |   | _|  \__ \   | |     |  _/  / _ \  \__ \ \__ \ | _|  | |) |
   |_|   |___| |___/   |_|     |_|   /_/ \_\ |___/ |___/ |___| |___/ 

View cart that id number is 1
----------------------------------------------------------------------
]]></system-out>
  </testcase>
  <testcase name="View cart with invalid API endpoint" classname="Cart" time="1.03">
    <system-out><![CDATA[
Scenario: View cart with invalid API endpoint               &amp#27;[90m# src/test/resources/features/Cart.feature:12&amp#27;[0m
11:48:31.880 [main] DEBUG io.cucumber.core.plugin.SerenityReporter - Running feature from file:///C:/Users/WINDOWS%2010/Documents/GitHub/QE_Andira_Ms/Code_Competence_02/alta/src/test/resources/features/Cart.feature
11:48:31.885 [main] INFO  - 
  _____   ___   ___   _____     ___   _____     _     ___   _____   ___   ___  
 |_   _| | __| / __| |_   _|   / __| |_   _|   /_\   | _ \ |_   _| | __| |   \ 
   | |   | _|  \__ \   | |     \__ \   | |    / _ \  |   /   | |   | _|  | |) |
   |_|   |___| |___/   |_|     |___/   |_|   /_/ \_\ |_|_\   |_|   |___| |___/ 

View cart with invalid API endpoint(cart;view-cart-with-invalid-api-endpoint)
--------------------------------------------------------------------------------
11:48:31.902 [main] DEBUG net.thucydides.core.steps.StepInterceptor - STARTING STEP: getCartSteps.setInvaliApiEndpoints - I set invalid GET cart api endpoints
11:48:31.903 [main] DEBUG net.thucydides.core.steps.StepInterceptor - STEP DONE: I set invalid GET cart api endpoints
  &amp#27;[32mGiven &amp#27;[0m&amp#27;[32mI set invalid GET cart api endpoints&amp#27;[0m                &amp#27;[90m# starter.stepdefinitions.getCartSteps.setInvaliApiEndpoints()&amp#27;[0m
11:48:31.909 [main] DEBUG net.thucydides.core.steps.StepInterceptor - STARTING STEP: getCartSteps.setInvalidGetCartHttpRequest - I send a GET cart request to an invalid API endpoint
11:48:31.911 [main] DEBUG net.thucydides.core.steps.StepInterceptor - STARTING STEP: getCart.setInvalidGetCartHttpRequest - I set invalid GET cart api endpoints
11:48:31.911 [main] DEBUG net.thucydides.core.steps.StepInterceptor - STEP DONE: I set invalid GET cart api endpoints
11:48:31.931 [main] DEBUG org.apache.http.impl.conn.BasicClientConnectionManager - Get connection for route {s}->https://fakestoreapi.com:443
11:48:31.932 [main] DEBUG org.apache.http.impl.conn.DefaultClientConnectionOperator - Connecting to fakestoreapi.com:443
11:48:32.010 [main] DEBUG org.apache.http.client.protocol.RequestAddCookies - CookieSpec selected: ignoreCookies
11:48:32.010 [main] DEBUG org.apache.http.client.protocol.RequestAuthCache - Auth cache not set in the context
11:48:32.010 [main] DEBUG org.apache.http.client.protocol.RequestTargetAuthentication - Target auth state: UNCHALLENGED
11:48:32.010 [main] DEBUG org.apache.http.client.protocol.RequestProxyAuthentication - Proxy auth state: UNCHALLENGED
11:48:32.010 [main] DEBUG org.apache.http.impl.client.DefaultHttpClient - Attempt 1 to execute request
11:48:32.010 [main] DEBUG org.apache.http.impl.conn.DefaultClientConnection - Sending request: GET /carts/8 HTTP/1.1
11:48:32.010 [main] DEBUG org.apache.http.wire -  >> "GET /carts/8 HTTP/1.1[\r][\n]"
11:48:32.010 [main] DEBUG org.apache.http.wire -  >> "Accept: */*[\r][\n]"
11:48:32.010 [main] DEBUG org.apache.http.wire -  >> "Host: fakestoreapi.com[\r][\n]"
11:48:32.010 [main] DEBUG org.apache.http.wire -  >> "Connection: Keep-Alive[\r][\n]"
11:48:32.010 [main] DEBUG org.apache.http.wire -  >> "User-Agent: Apache-HttpClient/4.5.13 (Java/15)[\r][\n]"
11:48:32.010 [main] DEBUG org.apache.http.wire -  >> "Accept-Encoding: gzip,deflate[\r][\n]"
11:48:32.010 [main] DEBUG org.apache.http.wire -  >> "[\r][\n]"
11:48:32.010 [main] DEBUG org.apache.http.headers - >> GET /carts/8 HTTP/1.1
11:48:32.011 [main] DEBUG org.apache.http.headers - >> Accept: */*
11:48:32.011 [main] DEBUG org.apache.http.headers - >> Host: fakestoreapi.com
11:48:32.011 [main] DEBUG org.apache.http.headers - >> Connection: Keep-Alive
11:48:32.011 [main] DEBUG org.apache.http.headers - >> User-Agent: Apache-HttpClient/4.5.13 (Java/15)
11:48:32.011 [main] DEBUG org.apache.http.headers - >> Accept-Encoding: gzip,deflate
11:48:32.858 [main] DEBUG org.apache.http.wire -  << "HTTP/1.1 200 OK[\r][\n]"
11:48:32.858 [main] DEBUG org.apache.http.wire -  << "Date: Sun, 16 Apr 2023 04:48:35 GMT[\r][\n]"
11:48:32.858 [main] DEBUG org.apache.http.wire -  << "Content-Type: application/json; charset=utf-8[\r][\n]"
11:48:32.858 [main] DEBUG org.apache.http.wire -  << "Content-Length: 4[\r][\n]"
11:48:32.858 [main] DEBUG org.apache.http.wire -  << "Connection: keep-alive[\r][\n]"
11:48:32.858 [main] DEBUG org.apache.http.wire -  << "Access-Control-Allow-Origin: *[\r][\n]"
11:48:32.858 [main] DEBUG org.apache.http.wire -  << "Etag: W/"4-K+iMpCQsduglOsYkdIUQZQMtaDM"[\r][\n]"
11:48:32.858 [main] DEBUG org.apache.http.wire -  << "X-Powered-By: Express[\r][\n]"
11:48:32.858 [main] DEBUG org.apache.http.wire -  << "CF-Cache-Status: DYNAMIC[\r][\n]"
11:48:32.858 [main] DEBUG org.apache.http.wire -  << "Report-To: {"endpoints":[{"url":"https:\/\/a.nel.cloudflare.com\/report\/v3?s=iIBIhw1NwaZX25tJDXV%2FOojO1vH6WhCPQJh%2BWlrcG7p0PozkKNpVQ08NIXzZmqflJcSBk2R%2Bu37hLeCF1Ybvh%2FclRPG3U60ofRE595OmdEAZSFLwSJ50zNiTwZOsTN3ruHEh"}],"group":"cf-nel","max_age":604800}[\r][\n]"
11:48:32.858 [main] DEBUG org.apache.http.wire -  << "NEL: {"success_fraction":0,"report_to":"cf-nel","max_age":604800}[\r][\n]"
11:48:32.858 [main] DEBUG org.apache.http.wire -  << "Server: cloudflare[\r][\n]"
11:48:32.858 [main] DEBUG org.apache.http.wire -  << "CF-RAY: 7b89cbf91a0d4709-SIN[\r][\n]"
11:48:32.858 [main] DEBUG org.apache.http.wire -  << "alt-svc: h3=":443"; ma=86400, h3-29=":443"; ma=86400[\r][\n]"
11:48:32.858 [main] DEBUG org.apache.http.wire -  << "[\r][\n]"
11:48:32.858 [main] DEBUG org.apache.http.impl.conn.DefaultClientConnection - Receiving response: HTTP/1.1 200 OK
11:48:32.858 [main] DEBUG org.apache.http.headers - << HTTP/1.1 200 OK
11:48:32.858 [main] DEBUG org.apache.http.headers - << Date: Sun, 16 Apr 2023 04:48:35 GMT
11:48:32.858 [main] DEBUG org.apache.http.headers - << Content-Type: application/json; charset=utf-8
11:48:32.858 [main] DEBUG org.apache.http.headers - << Content-Length: 4
11:48:32.858 [main] DEBUG org.apache.http.headers - << Connection: keep-alive
11:48:32.858 [main] DEBUG org.apache.http.headers - << Access-Control-Allow-Origin: *
11:48:32.858 [main] DEBUG org.apache.http.headers - << Etag: W/"4-K+iMpCQsduglOsYkdIUQZQMtaDM"
11:48:32.859 [main] DEBUG org.apache.http.headers - << X-Powered-By: Express
11:48:32.859 [main] DEBUG org.apache.http.headers - << CF-Cache-Status: DYNAMIC
11:48:32.859 [main] DEBUG org.apache.http.headers - << Report-To: {"endpoints":[{"url":"https:\/\/a.nel.cloudflare.com\/report\/v3?s=iIBIhw1NwaZX25tJDXV%2FOojO1vH6WhCPQJh%2BWlrcG7p0PozkKNpVQ08NIXzZmqflJcSBk2R%2Bu37hLeCF1Ybvh%2FclRPG3U60ofRE595OmdEAZSFLwSJ50zNiTwZOsTN3ruHEh"}],"group":"cf-nel","max_age":604800}
11:48:32.859 [main] DEBUG org.apache.http.headers - << NEL: {"success_fraction":0,"report_to":"cf-nel","max_age":604800}
11:48:32.859 [main] DEBUG org.apache.http.headers - << Server: cloudflare
11:48:32.859 [main] DEBUG org.apache.http.headers - << CF-RAY: 7b89cbf91a0d4709-SIN
11:48:32.859 [main] DEBUG org.apache.http.headers - << alt-svc: h3=":443"; ma=86400, h3-29=":443"; ma=86400
11:48:32.859 [main] DEBUG org.apache.http.impl.client.DefaultHttpClient - Connection can be kept alive indefinitely
11:48:32.859 [main] DEBUG io.restassured.internal.RestAssuredHttpBuilder - Parsing response as: application/json; charset=utf-8
11:48:32.859 [main] DEBUG io.restassured.internal.RestAssuredHttpBuilder - Parsed data to instance of: class org.apache.http.conn.EofSensorInputStream
11:48:32.860 [main] DEBUG org.apache.http.wire -  << "null"
11:48:32.860 [main] DEBUG org.apache.http.impl.conn.BasicClientConnectionManager - Releasing connection org.apache.http.impl.conn.ManagedClientConnectionImpl@61246109
11:48:32.860 [main] DEBUG org.apache.http.impl.conn.BasicClientConnectionManager - Connection can be kept alive indefinitely
11:48:32.861 [main] DEBUG net.thucydides.core.steps.StepInterceptor - STEP DONE: I send a GET cart request to an invalid API endpoint
  &amp#27;[32mWhen &amp#27;[0m&amp#27;[32mI send a GET cart request to an invalid API endpoint&amp#27;[0m &amp#27;[90m# starter.stepdefinitions.getCartSteps.setInvalidGetCartHttpRequest()&amp#27;[0m
11:48:32.875 [main] DEBUG net.thucydides.core.steps.StepInterceptor - STARTING STEP: LoginSteps.receiveValidHttp200 - I receive valid HTTP response code 200
11:48:32.876 [main] DEBUG net.thucydides.core.steps.StepInterceptor - STEP DONE: I receive valid HTTP response code 200
  &amp#27;[32mThen &amp#27;[0m&amp#27;[32mI receive valid HTTP response code 200&amp#27;[0m               &amp#27;[90m# starter.stepdefinitions.LoginSteps.receiveValidHttp200()&amp#27;[0m
11:48:32.892 [main] DEBUG net.thucydides.core.steps.StepInterceptor - STARTING STEP: getProductSteps.receiveNothing - I receive empty content
11:48:32.893 [main] DEBUG net.thucydides.core.steps.StepInterceptor - STEP DONE: I receive empty content
  &amp#27;[32mAnd &amp#27;[0m&amp#27;[32mI receive empty content&amp#27;[0m                               &amp#27;[90m# starter.stepdefinitions.getProductSteps.receiveNothing()&amp#27;[0m
11:48:32.897 [main] INFO  - 
  _____   ___   ___   _____     ___     _     ___   ___   ___   ___  
 |_   _| | __| / __| |_   _|   | _ \   /_\   / __| / __| | __| |   \ 
   | |   | _|  \__ \   | |     |  _/  / _ \  \__ \ \__ \ | _|  | |) |
   |_|   |___| |___/   |_|     |_|   /_/ \_\ |___/ |___/ |___| |___/ 

View cart with invalid API endpoint
----------------------------------------------------------------------
]]></system-out>
  </testcase>
  <testcase name="Successful login with valid credentials" classname="Login" time="1.091">
    <system-out><![CDATA[11:48:32.900 [main] DEBUG io.cucumber.core.plugin.SerenityReporter - Running feature from file:///C:/Users/WINDOWS%2010/Documents/GitHub/QE_Andira_Ms/Code_Competence_02/alta/src/test/resources/features/Login.feature
11:48:32.907 [main] DEBUG net.thucydides.core.steps.StepEventBus - Test suite started for story net.thucydides.core.model.Story@23282f08
11:48:32.909 [main] INFO  - Test Suite Started: Login

Scenario: Successful login with valid credentials &amp#27;[90m# src/test/resources/features/Login.feature:6&amp#27;[0m
11:48:32.918 [main] DEBUG io.cucumber.core.plugin.SerenityReporter - Running feature from file:///C:/Users/WINDOWS%2010/Documents/GitHub/QE_Andira_Ms/Code_Competence_02/alta/src/test/resources/features/Login.feature
11:48:32.924 [main] INFO  - 
  _____   ___   ___   _____     ___   _____     _     ___   _____   ___   ___  
 |_   _| | __| / __| |_   _|   / __| |_   _|   /_\   | _ \ |_   _| | __| |   \ 
   | |   | _|  \__ \   | |     \__ \   | |    / _ \  |   /   | |   | _|  | |) |
   |_|   |___| |___/   |_|     |___/   |_|   /_/ \_\ |_|_\   |_|   |___| |___/ 

Successful login with valid credentials(login;successful-login-with-valid-credentials)
--------------------------------------------------------------------------------
11:48:32.946 [main] DEBUG net.thucydides.core.steps.StepInterceptor - STARTING STEP: LoginSteps.setPostApiEndpoints - I set valid POST api endpoints
11:48:32.946 [main] DEBUG net.thucydides.core.steps.StepInterceptor - STEP DONE: I set valid POST api endpoints
  &amp#27;[32mGiven &amp#27;[0m&amp#27;[32mI set valid POST api endpoints&amp#27;[0m            &amp#27;[90m# starter.stepdefinitions.LoginSteps.setPostApiEndpoints()&amp#27;[0m
11:48:32.953 [main] DEBUG net.thucydides.core.steps.StepInterceptor - STARTING STEP: LoginSteps.sendPostHttpRequest - I send POST HTTP request
11:48:32.965 [main] DEBUG net.thucydides.core.steps.StepInterceptor - STARTING STEP: Login.sendPostHttpRequest - I set valid POST api endpoints
11:48:32.966 [main] DEBUG net.thucydides.core.steps.StepInterceptor - STEP DONE: I set valid POST api endpoints
11:48:33.017 [main] DEBUG org.apache.http.impl.conn.BasicClientConnectionManager - Get connection for route {s}->https://fakestoreapi.com:443
11:48:33.017 [main] DEBUG org.apache.http.impl.conn.DefaultClientConnectionOperator - Connecting to fakestoreapi.com:443
11:48:33.106 [main] DEBUG org.apache.http.client.protocol.RequestAddCookies - CookieSpec selected: ignoreCookies
11:48:33.106 [main] DEBUG org.apache.http.client.protocol.RequestAuthCache - Auth cache not set in the context
11:48:33.106 [main] DEBUG org.apache.http.client.protocol.RequestTargetAuthentication - Target auth state: UNCHALLENGED
11:48:33.106 [main] DEBUG org.apache.http.client.protocol.RequestProxyAuthentication - Proxy auth state: UNCHALLENGED
11:48:33.106 [main] DEBUG org.apache.http.impl.client.DefaultHttpClient - Attempt 1 to execute request
11:48:33.106 [main] DEBUG org.apache.http.impl.conn.DefaultClientConnection - Sending request: POST /auth/login HTTP/1.1
11:48:33.106 [main] DEBUG org.apache.http.wire -  >> "POST /auth/login HTTP/1.1[\r][\n]"
11:48:33.106 [main] DEBUG org.apache.http.wire -  >> "Accept: */*[\r][\n]"
11:48:33.106 [main] DEBUG org.apache.http.wire -  >> "Content-Type: application/json[\r][\n]"
11:48:33.106 [main] DEBUG org.apache.http.wire -  >> "Content-Length: 43[\r][\n]"
11:48:33.106 [main] DEBUG org.apache.http.wire -  >> "Host: fakestoreapi.com[\r][\n]"
11:48:33.106 [main] DEBUG org.apache.http.wire -  >> "Connection: Keep-Alive[\r][\n]"
11:48:33.106 [main] DEBUG org.apache.http.wire -  >> "User-Agent: Apache-HttpClient/4.5.13 (Java/15)[\r][\n]"
11:48:33.106 [main] DEBUG org.apache.http.wire -  >> "Accept-Encoding: gzip,deflate[\r][\n]"
11:48:33.106 [main] DEBUG org.apache.http.wire -  >> "[\r][\n]"
11:48:33.106 [main] DEBUG org.apache.http.headers - >> POST /auth/login HTTP/1.1
11:48:33.106 [main] DEBUG org.apache.http.headers - >> Accept: */*
11:48:33.106 [main] DEBUG org.apache.http.headers - >> Content-Type: application/json
11:48:33.106 [main] DEBUG org.apache.http.headers - >> Content-Length: 43
11:48:33.106 [main] DEBUG org.apache.http.headers - >> Host: fakestoreapi.com
11:48:33.106 [main] DEBUG org.apache.http.headers - >> Connection: Keep-Alive
11:48:33.106 [main] DEBUG org.apache.http.headers - >> User-Agent: Apache-HttpClient/4.5.13 (Java/15)
11:48:33.106 [main] DEBUG org.apache.http.headers - >> Accept-Encoding: gzip,deflate
11:48:33.106 [main] DEBUG org.apache.http.wire -  >> "{"password":"83r5^_","username":"mor_2314"}"
11:48:33.989 [main] DEBUG org.apache.http.wire -  << "HTTP/1.1 200 OK[\r][\n]"
11:48:33.989 [main] DEBUG org.apache.http.wire -  << "Date: Sun, 16 Apr 2023 04:48:36 GMT[\r][\n]"
11:48:33.989 [main] DEBUG org.apache.http.wire -  << "Content-Type: application/json; charset=utf-8[\r][\n]"
11:48:33.989 [main] DEBUG org.apache.http.wire -  << "Transfer-Encoding: chunked[\r][\n]"
11:48:33.989 [main] DEBUG org.apache.http.wire -  << "Connection: keep-alive[\r][\n]"
11:48:33.989 [main] DEBUG org.apache.http.wire -  << "Access-Control-Allow-Origin: *[\r][\n]"
11:48:33.989 [main] DEBUG org.apache.http.wire -  << "Etag: W/"98-SBwhg9dK4L7SLtyoQhtwV7DqQ7I"[\r][\n]"
11:48:33.989 [main] DEBUG org.apache.http.wire -  << "X-Powered-By: Express[\r][\n]"
11:48:33.989 [main] DEBUG org.apache.http.wire -  << "CF-Cache-Status: DYNAMIC[\r][\n]"
11:48:33.989 [main] DEBUG org.apache.http.wire -  << "Report-To: {"endpoints":[{"url":"https:\/\/a.nel.cloudflare.com\/report\/v3?s=d0yPWIE%2FFyJjcedqVxayfB77jQLhOsRgsEjX1uXLSdhkQofRP7jxHaUT3g3Jd8v%2FneNftkMtDRS0J4p5HPQc5bxdlx1ON5Lmrp5GkpAnXgH8IRN2hYQydzwbuEitZpUhXwo%2F"}],"group":"cf-nel","max_age":604800}[\r][\n]"
11:48:33.989 [main] DEBUG org.apache.http.wire -  << "NEL: {"success_fraction":0,"report_to":"cf-nel","max_age":604800}[\r][\n]"
11:48:33.990 [main] DEBUG org.apache.http.wire -  << "Server: cloudflare[\r][\n]"
11:48:33.990 [main] DEBUG org.apache.http.wire -  << "CF-RAY: 7b89cbffe82e3e19-SIN[\r][\n]"
11:48:33.990 [main] DEBUG org.apache.http.wire -  << "Content-Encoding: gzip[\r][\n]"
11:48:33.990 [main] DEBUG org.apache.http.wire -  << "alt-svc: h3=":443"; ma=86400, h3-29=":443"; ma=86400[\r][\n]"
11:48:33.990 [main] DEBUG org.apache.http.wire -  << "[\r][\n]"
11:48:33.990 [main] DEBUG org.apache.http.impl.conn.DefaultClientConnection - Receiving response: HTTP/1.1 200 OK
11:48:33.990 [main] DEBUG org.apache.http.headers - << HTTP/1.1 200 OK
11:48:33.990 [main] DEBUG org.apache.http.headers - << Date: Sun, 16 Apr 2023 04:48:36 GMT
11:48:33.990 [main] DEBUG org.apache.http.headers - << Content-Type: application/json; charset=utf-8
11:48:33.990 [main] DEBUG org.apache.http.headers - << Transfer-Encoding: chunked
11:48:33.990 [main] DEBUG org.apache.http.headers - << Connection: keep-alive
11:48:33.990 [main] DEBUG org.apache.http.headers - << Access-Control-Allow-Origin: *
11:48:33.990 [main] DEBUG org.apache.http.headers - << Etag: W/"98-SBwhg9dK4L7SLtyoQhtwV7DqQ7I"
11:48:33.990 [main] DEBUG org.apache.http.headers - << X-Powered-By: Express
11:48:33.990 [main] DEBUG org.apache.http.headers - << CF-Cache-Status: DYNAMIC
11:48:33.990 [main] DEBUG org.apache.http.headers - << Report-To: {"endpoints":[{"url":"https:\/\/a.nel.cloudflare.com\/report\/v3?s=d0yPWIE%2FFyJjcedqVxayfB77jQLhOsRgsEjX1uXLSdhkQofRP7jxHaUT3g3Jd8v%2FneNftkMtDRS0J4p5HPQc5bxdlx1ON5Lmrp5GkpAnXgH8IRN2hYQydzwbuEitZpUhXwo%2F"}],"group":"cf-nel","max_age":604800}
11:48:33.990 [main] DEBUG org.apache.http.headers - << NEL: {"success_fraction":0,"report_to":"cf-nel","max_age":604800}
11:48:33.990 [main] DEBUG org.apache.http.headers - << Server: cloudflare
11:48:33.990 [main] DEBUG org.apache.http.headers - << CF-RAY: 7b89cbffe82e3e19-SIN
11:48:33.990 [main] DEBUG org.apache.http.headers - << Content-Encoding: gzip
11:48:33.990 [main] DEBUG org.apache.http.headers - << alt-svc: h3=":443"; ma=86400, h3-29=":443"; ma=86400
11:48:33.990 [main] DEBUG org.apache.http.impl.client.DefaultHttpClient - Connection can be kept alive indefinitely
11:48:33.990 [main] DEBUG io.restassured.internal.RestAssuredHttpBuilder - Parsing response as: application/json; charset=utf-8
11:48:33.990 [main] DEBUG org.apache.http.wire -  << "a8[\r][\n]"
11:48:33.990 [main] DEBUG org.apache.http.wire -  << "[0x1f][0x8b][0x8][0x0][0x0][0x0][0x0][0x0][0x0][0x3][0x14][0xcb]K[0xe][0x82]0[0x14][0x0][0xc0][0xbb]t/AP[0xfc][0xec]L[0x15][0xf3][0xaa]-[0x11][0xa1][0x2]K[0xa0][0x84][0x82]@[0x13]P[0xa1][0xc6][0xbb][0x1b][0xd6][0x93][0xf9][0xa2][0xa1][0xab]E[0x8b][0xf6]HL[0xa4]L[0xcf][0x99][0xf4]$[0x81]P[0xc3][0x92]I[0xe8][0xa1][0xf5][0xd7][0x19][0x6][0x7]j[0x15]qLv[0x86][0x98][0x88][0xce][0x1f] [0xbd]jF[0xae][0x93][0x8][0xe6]0[0xa4]6)hEG[0x86][0xa1][0x87][0xe6]Y[0xe6][0x18][0x1c][0x1a][0xc4]+[0x1a][0xc4][0x13]=[0x86]#kMCq[0x8e][0x87][0xd4][0xbd]-[0xa2][0xcd][0xa9][0xe9][0xde][0xae][0x93][0xb]a[0x15][0x9a][0xdd]_[0xf8]p[0xfd]X[0x89]J[0xfc][0xfc]bo[0xd5]h[0x9b][0xe8][0xf7][0x7][0x0][0x0][0xff][0xff][0x3][0x0][0x99][0xe3]h8[0x98][0x0][0x0][0x0]"
11:48:33.990 [main] DEBUG org.apache.http.wire -  << "[\r][\n]"
11:48:33.990 [main] DEBUG org.apache.http.wire -  << "0[\r][\n]"
11:48:33.990 [main] DEBUG org.apache.http.wire -  << "[\r][\n]"
11:48:33.990 [main] DEBUG io.restassured.internal.RestAssuredHttpBuilder - Parsed data to instance of: class org.apache.http.conn.EofSensorInputStream
11:48:33.992 [main] DEBUG org.apache.http.impl.conn.BasicClientConnectionManager - Releasing connection org.apache.http.impl.conn.ManagedClientConnectionImpl@1d40f597
11:48:33.992 [main] DEBUG org.apache.http.impl.conn.BasicClientConnectionManager - Connection can be kept alive indefinitely
11:48:33.993 [main] DEBUG net.thucydides.core.steps.StepInterceptor - STEP DONE: I send POST HTTP request
  &amp#27;[32mWhen &amp#27;[0m&amp#27;[32mI send POST HTTP request&amp#27;[0m                   &amp#27;[90m# starter.stepdefinitions.LoginSteps.sendPostHttpRequest()&amp#27;[0m
11:48:33.997 [main] DEBUG net.thucydides.core.steps.StepInterceptor - STARTING STEP: LoginSteps.receiveValidHttp200 - I receive valid HTTP response code 200
11:48:33.998 [main] DEBUG net.thucydides.core.steps.StepInterceptor - STEP DONE: I receive valid HTTP response code 200
  &amp#27;[32mThen &amp#27;[0m&amp#27;[32mI receive valid HTTP response code 200&amp#27;[0m     &amp#27;[90m# starter.stepdefinitions.LoginSteps.receiveValidHttp200()&amp#27;[0m
11:48:34.001 [main] INFO  - 
  _____   ___   ___   _____     ___     _     ___   ___   ___   ___  
 |_   _| | __| / __| |_   _|   | _ \   /_\   / __| / __| | __| |   \ 
   | |   | _|  \__ \   | |     |  _/  / _ \  \__ \ \__ \ | _|  | |) |
   |_|   |___| |___/   |_|     |_|   /_/ \_\ |___/ |___/ |___| |___/ 

Successful login with valid credentials
----------------------------------------------------------------------
]]></system-out>
  </testcase>
  <testcase name="Failed to login with invalid credentials" classname="Login" time="1.115">
    <system-out><![CDATA[
Scenario: Failed to login with invalid credentials &amp#27;[90m# src/test/resources/features/Login.feature:11&amp#27;[0m
11:48:34.020 [Finalizer] DEBUG org.apache.http.impl.conn.DefaultClientConnection - Connection 0.0.0.0:57057<->104.21.3.149:443 closed
11:48:34.020 [main] DEBUG io.cucumber.core.plugin.SerenityReporter - Running feature from file:///C:/Users/WINDOWS%2010/Documents/GitHub/QE_Andira_Ms/Code_Competence_02/alta/src/test/resources/features/Login.feature
11:48:34.025 [main] INFO  - 
  _____   ___   ___   _____     ___   _____     _     ___   _____   ___   ___  
 |_   _| | __| / __| |_   _|   / __| |_   _|   /_\   | _ \ |_   _| | __| |   \ 
   | |   | _|  \__ \   | |     \__ \   | |    / _ \  |   /   | |   | _|  | |) |
   |_|   |___| |___/   |_|     |___/   |_|   /_/ \_\ |_|_\   |_|   |___| |___/ 

Failed to login with invalid credentials(login;failed-to-login-with-invalid-credentials)
--------------------------------------------------------------------------------
11:48:34.045 [main] DEBUG net.thucydides.core.steps.StepInterceptor - STARTING STEP: LoginSteps.setPostApiEndpoints - I set valid POST api endpoints
11:48:34.045 [main] DEBUG net.thucydides.core.steps.StepInterceptor - STEP DONE: I set valid POST api endpoints
  &amp#27;[32mGiven &amp#27;[0m&amp#27;[32mI set valid POST api endpoints&amp#27;[0m             &amp#27;[90m# starter.stepdefinitions.LoginSteps.setPostApiEndpoints()&amp#27;[0m
11:48:34.053 [main] DEBUG net.thucydides.core.steps.StepInterceptor - STARTING STEP: LoginSteps.sendInvalidPostHttpRequest - I send invalid password POST HTTP request
11:48:34.056 [main] DEBUG net.thucydides.core.steps.StepInterceptor - STARTING STEP: Login.sendInvalidPostHttpRequest - I set valid POST api endpoints
11:48:34.057 [main] DEBUG net.thucydides.core.steps.StepInterceptor - STEP DONE: I set valid POST api endpoints
11:48:34.090 [main] DEBUG org.apache.http.impl.conn.BasicClientConnectionManager - Get connection for route {s}->https://fakestoreapi.com:443
11:48:34.090 [main] DEBUG org.apache.http.impl.conn.DefaultClientConnectionOperator - Connecting to fakestoreapi.com:443
11:48:34.164 [main] DEBUG org.apache.http.client.protocol.RequestAddCookies - CookieSpec selected: ignoreCookies
11:48:34.164 [main] DEBUG org.apache.http.client.protocol.RequestAuthCache - Auth cache not set in the context
11:48:34.164 [main] DEBUG org.apache.http.client.protocol.RequestTargetAuthentication - Target auth state: UNCHALLENGED
11:48:34.165 [main] DEBUG org.apache.http.client.protocol.RequestProxyAuthentication - Proxy auth state: UNCHALLENGED
11:48:34.165 [main] DEBUG org.apache.http.impl.client.DefaultHttpClient - Attempt 1 to execute request
11:48:34.165 [main] DEBUG org.apache.http.impl.conn.DefaultClientConnection - Sending request: POST /auth/login HTTP/1.1
11:48:34.165 [main] DEBUG org.apache.http.wire -  >> "POST /auth/login HTTP/1.1[\r][\n]"
11:48:34.165 [main] DEBUG org.apache.http.wire -  >> "Accept: */*[\r][\n]"
11:48:34.165 [main] DEBUG org.apache.http.wire -  >> "Content-Type: application/json[\r][\n]"
11:48:34.165 [main] DEBUG org.apache.http.wire -  >> "Content-Length: 42[\r][\n]"
11:48:34.165 [main] DEBUG org.apache.http.wire -  >> "Host: fakestoreapi.com[\r][\n]"
11:48:34.165 [main] DEBUG org.apache.http.wire -  >> "Connection: Keep-Alive[\r][\n]"
11:48:34.165 [main] DEBUG org.apache.http.wire -  >> "User-Agent: Apache-HttpClient/4.5.13 (Java/15)[\r][\n]"
11:48:34.165 [main] DEBUG org.apache.http.wire -  >> "Accept-Encoding: gzip,deflate[\r][\n]"
11:48:34.165 [main] DEBUG org.apache.http.wire -  >> "[\r][\n]"
11:48:34.165 [main] DEBUG org.apache.http.headers - >> POST /auth/login HTTP/1.1
11:48:34.165 [main] DEBUG org.apache.http.headers - >> Accept: */*
11:48:34.165 [main] DEBUG org.apache.http.headers - >> Content-Type: application/json
11:48:34.165 [main] DEBUG org.apache.http.headers - >> Content-Length: 42
11:48:34.165 [main] DEBUG org.apache.http.headers - >> Host: fakestoreapi.com
11:48:34.165 [main] DEBUG org.apache.http.headers - >> Connection: Keep-Alive
11:48:34.165 [main] DEBUG org.apache.http.headers - >> User-Agent: Apache-HttpClient/4.5.13 (Java/15)
11:48:34.165 [main] DEBUG org.apache.http.headers - >> Accept-Encoding: gzip,deflate
11:48:34.165 [main] DEBUG org.apache.http.wire -  >> "{"password":"83r5^","username":"mor_2314"}"
11:48:34.977 [main] DEBUG org.apache.http.wire -  << "HTTP/1.1 401 Unauthorized[\r][\n]"
11:48:34.977 [main] DEBUG org.apache.http.wire -  << "Date: Sun, 16 Apr 2023 04:48:37 GMT[\r][\n]"
11:48:34.977 [main] DEBUG org.apache.http.wire -  << "Content-Type: text/html; charset=utf-8[\r][\n]"
11:48:34.977 [main] DEBUG org.apache.http.wire -  << "Transfer-Encoding: chunked[\r][\n]"
11:48:34.977 [main] DEBUG org.apache.http.wire -  << "Connection: keep-alive[\r][\n]"
11:48:34.977 [main] DEBUG org.apache.http.wire -  << "Access-Control-Allow-Origin: *[\r][\n]"
11:48:34.977 [main] DEBUG org.apache.http.wire -  << "X-Powered-By: Express[\r][\n]"
11:48:34.977 [main] DEBUG org.apache.http.wire -  << "CF-Cache-Status: DYNAMIC[\r][\n]"
11:48:34.977 [main] DEBUG org.apache.http.wire -  << "Report-To: {"endpoints":[{"url":"https:\/\/a.nel.cloudflare.com\/report\/v3?s=67OsRmF1HcFRQSy8osjnpnRrmeTujdum1bjdFQDL%2FcQNrHfoYtgeO9svZvuE14D9oE26Pe%2Bne7okKgr06Qb%2BCmtnIs7qMii1j6TyidjEhe6yCuyATxsQKaOnJcHtxgPkjoCI"}],"group":"cf-nel","max_age":604800}[\r][\n]"
11:48:34.978 [main] DEBUG org.apache.http.wire -  << "NEL: {"success_fraction":0,"report_to":"cf-nel","max_age":604800}[\r][\n]"
11:48:34.978 [main] DEBUG org.apache.http.wire -  << "Server: cloudflare[\r][\n]"
11:48:34.978 [main] DEBUG org.apache.http.wire -  << "CF-RAY: 7b89cc068822467f-SIN[\r][\n]"
11:48:34.978 [main] DEBUG org.apache.http.wire -  << "alt-svc: h3=":443"; ma=86400, h3-29=":443"; ma=86400[\r][\n]"
11:48:34.978 [main] DEBUG org.apache.http.wire -  << "[\r][\n]"
11:48:34.978 [main] DEBUG org.apache.http.impl.conn.DefaultClientConnection - Receiving response: HTTP/1.1 401 Unauthorized
11:48:34.978 [main] DEBUG org.apache.http.headers - << HTTP/1.1 401 Unauthorized
11:48:34.978 [main] DEBUG org.apache.http.headers - << Date: Sun, 16 Apr 2023 04:48:37 GMT
11:48:34.978 [main] DEBUG org.apache.http.headers - << Content-Type: text/html; charset=utf-8
11:48:34.978 [main] DEBUG org.apache.http.headers - << Transfer-Encoding: chunked
11:48:34.978 [main] DEBUG org.apache.http.headers - << Connection: keep-alive
11:48:34.978 [main] DEBUG org.apache.http.headers - << Access-Control-Allow-Origin: *
11:48:34.978 [main] DEBUG org.apache.http.headers - << X-Powered-By: Express
11:48:34.978 [main] DEBUG org.apache.http.headers - << CF-Cache-Status: DYNAMIC
11:48:34.978 [main] DEBUG org.apache.http.headers - << Report-To: {"endpoints":[{"url":"https:\/\/a.nel.cloudflare.com\/report\/v3?s=67OsRmF1HcFRQSy8osjnpnRrmeTujdum1bjdFQDL%2FcQNrHfoYtgeO9svZvuE14D9oE26Pe%2Bne7okKgr06Qb%2BCmtnIs7qMii1j6TyidjEhe6yCuyATxsQKaOnJcHtxgPkjoCI"}],"group":"cf-nel","max_age":604800}
11:48:34.978 [main] DEBUG org.apache.http.headers - << NEL: {"success_fraction":0,"report_to":"cf-nel","max_age":604800}
11:48:34.978 [main] DEBUG org.apache.http.headers - << Server: cloudflare
11:48:34.978 [main] DEBUG org.apache.http.headers - << CF-RAY: 7b89cc068822467f-SIN
11:48:34.978 [main] DEBUG org.apache.http.headers - << alt-svc: h3=":443"; ma=86400, h3-29=":443"; ma=86400
11:48:34.978 [main] DEBUG org.apache.http.impl.client.DefaultHttpClient - Connection can be kept alive indefinitely
11:48:34.978 [main] DEBUG org.apache.http.impl.client.DefaultHttpClient - Authentication required
11:48:34.978 [main] DEBUG org.apache.http.impl.client.DefaultHttpClient - fakestoreapi.com:443 requested authentication
11:48:34.978 [main] DEBUG org.apache.http.impl.client.DefaultHttpClient - Response contains no authentication challenges
11:48:34.978 [main] DEBUG io.restassured.internal.RestAssuredHttpBuilder - Parsing response as: text/html; charset=utf-8
11:48:34.978 [main] DEBUG io.restassured.internal.RestAssuredHttpBuilder - Parsed data to instance of: class org.apache.http.conn.EofSensorInputStream
11:48:34.979 [main] DEBUG org.apache.http.wire -  << "21[\r][\n]"
11:48:34.979 [main] DEBUG org.apache.http.wire -  << "username or password is incorrect"
11:48:34.979 [main] DEBUG org.apache.http.wire -  << "[\r][\n]"
11:48:34.979 [main] DEBUG org.apache.http.wire -  << "0[\r][\n]"
11:48:34.979 [main] DEBUG org.apache.http.wire -  << "[\r][\n]"
11:48:34.979 [main] DEBUG org.apache.http.impl.conn.BasicClientConnectionManager - Releasing connection org.apache.http.impl.conn.ManagedClientConnectionImpl@5847010
11:48:34.979 [main] DEBUG org.apache.http.impl.conn.BasicClientConnectionManager - Connection can be kept alive indefinitely
11:48:35.107 [main] DEBUG net.thucydides.core.steps.StepInterceptor - STEP DONE: I send invalid password POST HTTP request
  &amp#27;[32mWhen &amp#27;[0m&amp#27;[32mI send invalid password POST HTTP request&amp#27;[0m   &amp#27;[90m# starter.stepdefinitions.LoginSteps.sendInvalidPostHttpRequest()&amp#27;[0m
11:48:35.112 [main] DEBUG net.thucydides.core.steps.StepInterceptor - STARTING STEP: LoginSteps.validateHttpResponseCode401 - I receive invalid HTTP response code 401
11:48:35.113 [main] DEBUG net.thucydides.core.steps.StepInterceptor - STEP DONE: I receive invalid HTTP response code 401
  &amp#27;[32mThen &amp#27;[0m&amp#27;[32mI receive invalid HTTP response code 401&amp#27;[0m    &amp#27;[90m# starter.stepdefinitions.LoginSteps.validateHttpResponseCode401()&amp#27;[0m
11:48:35.116 [main] INFO  - 
  _____   ___   ___   _____     ___     _     ___   ___   ___   ___  
 |_   _| | __| / __| |_   _|   | _ \   /_\   / __| / __| | __| |   \ 
   | |   | _|  \__ \   | |     |  _/  / _ \  \__ \ \__ \ | _|  | |) |
   |_|   |___| |___/   |_|     |_|   /_/ \_\ |___/ |___/ |___| |___/ 

Failed to login with invalid credentials
----------------------------------------------------------------------
]]></system-out>
  </testcase>
  <testcase name="View product that id number is 1" classname="Products" time="1.174">
    <system-out><![CDATA[11:48:35.118 [main] DEBUG io.cucumber.core.plugin.SerenityReporter - Running feature from file:///C:/Users/WINDOWS%2010/Documents/GitHub/QE_Andira_Ms/Code_Competence_02/alta/src/test/resources/features/Products.feature
11:48:35.124 [main] DEBUG net.thucydides.core.steps.StepEventBus - Test suite started for story net.thucydides.core.model.Story@31b157a8
11:48:35.125 [main] INFO  - Test Suite Started: Products

Scenario: View product that id number is 1               &amp#27;[90m# src/test/resources/features/Products.feature:6&amp#27;[0m
11:48:35.134 [main] DEBUG io.cucumber.core.plugin.SerenityReporter - Running feature from file:///C:/Users/WINDOWS%2010/Documents/GitHub/QE_Andira_Ms/Code_Competence_02/alta/src/test/resources/features/Products.feature
11:48:35.141 [main] INFO  - 
  _____   ___   ___   _____     ___   _____     _     ___   _____   ___   ___  
 |_   _| | __| / __| |_   _|   / __| |_   _|   /_\   | _ \ |_   _| | __| |   \ 
   | |   | _|  \__ \   | |     \__ \   | |    / _ \  |   /   | |   | _|  | |) |
   |_|   |___| |___/   |_|     |___/   |_|   /_/ \_\ |_|_\   |_|   |___| |___/ 

View product that id number is 1(products;view-product-that-id-number-is-1)
--------------------------------------------------------------------------------
11:48:35.161 [main] DEBUG net.thucydides.core.steps.StepInterceptor - STARTING STEP: getProductSteps.setGetApiEndpoints - I set GET products api endpoints
11:48:35.161 [main] DEBUG net.thucydides.core.steps.StepInterceptor - STEP DONE: I set GET products api endpoints
  &amp#27;[32mGiven &amp#27;[0m&amp#27;[32mI set GET products api endpoints&amp#27;[0m                 &amp#27;[90m# starter.stepdefinitions.getProductSteps.setGetApiEndpoints()&amp#27;[0m
11:48:35.167 [main] DEBUG net.thucydides.core.steps.StepInterceptor - STARTING STEP: getProductSteps.setGetHttpRequest - I send a GET request to the products API endpoint
11:48:35.170 [main] DEBUG net.thucydides.core.steps.StepInterceptor - STARTING STEP: getProduct.setGetHttpRequest - I set GET products api endpoints
11:48:35.171 [main] DEBUG net.thucydides.core.steps.StepInterceptor - STEP DONE: I set GET products api endpoints
11:48:35.189 [main] DEBUG org.apache.http.impl.conn.BasicClientConnectionManager - Get connection for route {s}->https://fakestoreapi.com:443
11:48:35.190 [main] DEBUG org.apache.http.impl.conn.DefaultClientConnectionOperator - Connecting to fakestoreapi.com:443
11:48:35.557 [main] DEBUG org.apache.http.client.protocol.RequestAddCookies - CookieSpec selected: ignoreCookies
11:48:35.557 [main] DEBUG org.apache.http.client.protocol.RequestAuthCache - Auth cache not set in the context
11:48:35.557 [main] DEBUG org.apache.http.client.protocol.RequestTargetAuthentication - Target auth state: UNCHALLENGED
11:48:35.557 [main] DEBUG org.apache.http.client.protocol.RequestProxyAuthentication - Proxy auth state: UNCHALLENGED
11:48:35.557 [main] DEBUG org.apache.http.impl.client.DefaultHttpClient - Attempt 1 to execute request
11:48:35.557 [main] DEBUG org.apache.http.impl.conn.DefaultClientConnection - Sending request: GET /products/1 HTTP/1.1
11:48:35.557 [main] DEBUG org.apache.http.wire -  >> "GET /products/1 HTTP/1.1[\r][\n]"
11:48:35.557 [main] DEBUG org.apache.http.wire -  >> "Accept: */*[\r][\n]"
11:48:35.557 [main] DEBUG org.apache.http.wire -  >> "Host: fakestoreapi.com[\r][\n]"
11:48:35.557 [main] DEBUG org.apache.http.wire -  >> "Connection: Keep-Alive[\r][\n]"
11:48:35.557 [main] DEBUG org.apache.http.wire -  >> "User-Agent: Apache-HttpClient/4.5.13 (Java/15)[\r][\n]"
11:48:35.557 [main] DEBUG org.apache.http.wire -  >> "Accept-Encoding: gzip,deflate[\r][\n]"
11:48:35.557 [main] DEBUG org.apache.http.wire -  >> "[\r][\n]"
11:48:35.557 [main] DEBUG org.apache.http.headers - >> GET /products/1 HTTP/1.1
11:48:35.557 [main] DEBUG org.apache.http.headers - >> Accept: */*
11:48:35.557 [main] DEBUG org.apache.http.headers - >> Host: fakestoreapi.com
11:48:35.557 [main] DEBUG org.apache.http.headers - >> Connection: Keep-Alive
11:48:35.557 [main] DEBUG org.apache.http.headers - >> User-Agent: Apache-HttpClient/4.5.13 (Java/15)
11:48:35.557 [main] DEBUG org.apache.http.headers - >> Accept-Encoding: gzip,deflate
11:48:36.246 [main] DEBUG org.apache.http.wire -  << "HTTP/1.1 200 OK[\r][\n]"
11:48:36.246 [main] DEBUG org.apache.http.wire -  << "Date: Sun, 16 Apr 2023 04:48:38 GMT[\r][\n]"
11:48:36.246 [main] DEBUG org.apache.http.wire -  << "Content-Type: application/json; charset=utf-8[\r][\n]"
11:48:36.246 [main] DEBUG org.apache.http.wire -  << "Transfer-Encoding: chunked[\r][\n]"
11:48:36.246 [main] DEBUG org.apache.http.wire -  << "Connection: keep-alive[\r][\n]"
11:48:36.246 [main] DEBUG org.apache.http.wire -  << "Access-Control-Allow-Origin: *[\r][\n]"
11:48:36.246 [main] DEBUG org.apache.http.wire -  << "Etag: W/"16c-MMdrqY6N0sTiefLdsgtBej9eunY"[\r][\n]"
11:48:36.246 [main] DEBUG org.apache.http.wire -  << "X-Powered-By: Express[\r][\n]"
11:48:36.246 [main] DEBUG org.apache.http.wire -  << "CF-Cache-Status: DYNAMIC[\r][\n]"
11:48:36.246 [main] DEBUG org.apache.http.wire -  << "Report-To: {"endpoints":[{"url":"https:\/\/a.nel.cloudflare.com\/report\/v3?s=1AdJYjq4RfRyzqb67Cj4msJ%2FuMv3bghlHdXneR7VGdRerlXQd7HXm0H3JCKEIY5CY7v0uTZe0KZsqwTjyPKYTbGfEjW%2BQquuJWoR3QlphYeFDO%2BX0%2B68SSS8zfTOajpmfaAC"}],"group":"cf-nel","max_age":604800}[\r][\n]"
11:48:36.246 [main] DEBUG org.apache.http.wire -  << "NEL: {"success_fraction":0,"report_to":"cf-nel","max_age":604800}[\r][\n]"
11:48:36.246 [main] DEBUG org.apache.http.wire -  << "Server: cloudflare[\r][\n]"
11:48:36.246 [main] DEBUG org.apache.http.wire -  << "CF-RAY: 7b89cc0f3f5f4005-SIN[\r][\n]"
11:48:36.246 [main] DEBUG org.apache.http.wire -  << "Content-Encoding: gzip[\r][\n]"
11:48:36.246 [main] DEBUG org.apache.http.wire -  << "alt-svc: h3=":443"; ma=86400, h3-29=":443"; ma=86400[\r][\n]"
11:48:36.246 [main] DEBUG org.apache.http.wire -  << "[\r][\n]"
11:48:36.246 [main] DEBUG org.apache.http.impl.conn.DefaultClientConnection - Receiving response: HTTP/1.1 200 OK
11:48:36.247 [main] DEBUG org.apache.http.headers - << HTTP/1.1 200 OK
11:48:36.247 [main] DEBUG org.apache.http.headers - << Date: Sun, 16 Apr 2023 04:48:38 GMT
11:48:36.247 [main] DEBUG org.apache.http.headers - << Content-Type: application/json; charset=utf-8
11:48:36.247 [main] DEBUG org.apache.http.headers - << Transfer-Encoding: chunked
11:48:36.247 [main] DEBUG org.apache.http.headers - << Connection: keep-alive
11:48:36.247 [main] DEBUG org.apache.http.headers - << Access-Control-Allow-Origin: *
11:48:36.247 [main] DEBUG org.apache.http.headers - << Etag: W/"16c-MMdrqY6N0sTiefLdsgtBej9eunY"
11:48:36.247 [main] DEBUG org.apache.http.headers - << X-Powered-By: Express
11:48:36.247 [main] DEBUG org.apache.http.headers - << CF-Cache-Status: DYNAMIC
11:48:36.247 [main] DEBUG org.apache.http.headers - << Report-To: {"endpoints":[{"url":"https:\/\/a.nel.cloudflare.com\/report\/v3?s=1AdJYjq4RfRyzqb67Cj4msJ%2FuMv3bghlHdXneR7VGdRerlXQd7HXm0H3JCKEIY5CY7v0uTZe0KZsqwTjyPKYTbGfEjW%2BQquuJWoR3QlphYeFDO%2BX0%2B68SSS8zfTOajpmfaAC"}],"group":"cf-nel","max_age":604800}
11:48:36.247 [main] DEBUG org.apache.http.headers - << NEL: {"success_fraction":0,"report_to":"cf-nel","max_age":604800}
11:48:36.247 [main] DEBUG org.apache.http.headers - << Server: cloudflare
11:48:36.247 [main] DEBUG org.apache.http.headers - << CF-RAY: 7b89cc0f3f5f4005-SIN
11:48:36.247 [main] DEBUG org.apache.http.headers - << Content-Encoding: gzip
11:48:36.247 [main] DEBUG org.apache.http.headers - << alt-svc: h3=":443"; ma=86400, h3-29=":443"; ma=86400
11:48:36.247 [main] DEBUG org.apache.http.impl.client.DefaultHttpClient - Connection can be kept alive indefinitely
11:48:36.247 [main] DEBUG io.restassured.internal.RestAssuredHttpBuilder - Parsing response as: application/json; charset=utf-8
11:48:36.247 [main] DEBUG org.apache.http.wire -  << "124[\r][\n]"
11:48:36.247 [main] DEBUG org.apache.http.wire -  << "[0x1f][0x8b][0x8][0x0][0x0][0x0][0x0][0x0][0x0][0x3]4[0x8f]Mk[0xc3]0[0x10]D[0xff][0xca][0xb2][0x97][0xb6][0xa0][0xf8]#%[0xd0][0xe8][0x96][0x16]ri([0x85][0x9c]r[\n]"
11:48:36.247 [main] DEBUG org.apache.http.wire -  << "BZ[0xdb][0x8a]eIH[0xeb][0x14][0x13][0xf2][0xdf][0x8b]Zr[0x9b][0xc3][0xcc]{[0xcc][\r][0xad]A[0xd9][\n]"
11:48:36.247 [main] DEBUG org.apache.http.wire -  << "d[0xcb][0x8e]P[0xe2][0xfe][0xa2][0x9c]K[0xea]J[0x1e]V[0xb0][0xf][0xce]d[0xa5]G[0xf8][\n]"
11:48:36.248 [main] DEBUG org.apache.http.wire -  << "[0x15][0xb4][0xf0][0xae][0xf4][0x18][0x95][0x1e][0x5][0xec]-gh7pP[0x91]C[0xcc](0&[0xab][0x9]e[0xdb]l[0xab][0xed]F[0xa0][0xa1][0xac][0x93][0x8d]l[0x83]G[0x89][0xa7]0'[0x88][0x94]:[0xd2][0xc][0x85][0x0]]H@WJ[0x8b]Q[0xb][0xcc][0x99]@y[0x3]?[0xca][0x8d][0x19][0xac][0x7][0x1e][0xa8]4(s[0x5]GVy[0x80][0xa5][0x10][0xdc][0x9f][\r][0x9e][0xe7][0x8][0x1c][0x8a][0xde]z=P~yL[0xa2]2[0x86][0xc]dGt%[0xf1][0xbf]yHP[0xa0]VL}H[0xb]J[0x9c][0xc8]?e[0xd0].[0xf0]`}[0x8f][0x2][0xed][0xa4][0xfa]r`[0x8e]Y[0xd6]u[0xa7]F[0xca][0x1c][0x12][0xa9]h+[0x1d][0xa6][0xda]N}[0xfd][0xd6]v[0xdf][0x9f]f[0xb5][0xde][0x9d][0xe][0xd5]y[0xf7]q>[0x1e][0xda]M[0xd3][0x9c][0xab]K,[0x88][0xa4][0xb8][0xb0][0xe4][0xad]$B[0xf9]Zm[0x5][0xea]0{F[0xd9][0xae][0x9b][0xfb][0xfd][0x17][0x0][0x0][0xff][0xff][0x3][0x0]hW[0xe2][0x13]l[0x1][0x0][0x0]"
11:48:36.248 [main] DEBUG org.apache.http.wire -  << "[\r][\n]"
11:48:36.248 [main] DEBUG org.apache.http.wire -  << "0[\r][\n]"
11:48:36.248 [main] DEBUG org.apache.http.wire -  << "[\r][\n]"
11:48:36.248 [main] DEBUG io.restassured.internal.RestAssuredHttpBuilder - Parsed data to instance of: class org.apache.http.conn.EofSensorInputStream
11:48:36.250 [main] DEBUG org.apache.http.impl.conn.BasicClientConnectionManager - Releasing connection org.apache.http.impl.conn.ManagedClientConnectionImpl@6ad26381
11:48:36.250 [main] DEBUG org.apache.http.impl.conn.BasicClientConnectionManager - Connection can be kept alive indefinitely
11:48:36.251 [main] DEBUG net.thucydides.core.steps.StepInterceptor - STEP DONE: I send a GET request to the products API endpoint
  &amp#27;[32mWhen &amp#27;[0m&amp#27;[32mI send a GET request to the products API endpoint&amp#27;[0m &amp#27;[90m# starter.stepdefinitions.getProductSteps.setGetHttpRequest()&amp#27;[0m
11:48:36.258 [main] DEBUG net.thucydides.core.steps.StepInterceptor - STARTING STEP: LoginSteps.receiveValidHttp200 - I receive valid HTTP response code 200
11:48:36.258 [main] DEBUG net.thucydides.core.steps.StepInterceptor - STEP DONE: I receive valid HTTP response code 200
  &amp#27;[32mThen &amp#27;[0m&amp#27;[32mI receive valid HTTP response code 200&amp#27;[0m            &amp#27;[90m# starter.stepdefinitions.LoginSteps.receiveValidHttp200()&amp#27;[0m
11:48:36.261 [main] DEBUG net.thucydides.core.steps.StepInterceptor - STARTING STEP: getProductSteps.receiveValidDataForDetailPost - I receive valid data of the post
11:48:36.296 [main] DEBUG net.thucydides.core.steps.StepInterceptor - STEP DONE: I receive valid data of the post
  &amp#27;[32mAnd &amp#27;[0m&amp#27;[32mI receive valid data of the post&amp#27;[0m                   &amp#27;[90m# starter.stepdefinitions.getProductSteps.receiveValidDataForDetailPost()&amp#27;[0m
11:48:36.299 [main] INFO  - 
  _____   ___   ___   _____     ___     _     ___   ___   ___   ___  
 |_   _| | __| / __| |_   _|   | _ \   /_\   / __| / __| | __| |   \ 
   | |   | _|  \__ \   | |     |  _/  / _ \  \__ \ \__ \ | _|  | |) |
   |_|   |___| |___/   |_|     |_|   /_/ \_\ |___/ |___/ |___| |___/ 

View product that id number is 1
----------------------------------------------------------------------
]]></system-out>
  </testcase>
  <testcase name="View products with invalid API endpoint" classname="Products" time="0.832">
    <system-out><![CDATA[
Scenario: View products with invalid API endpoint      &amp#27;[90m# src/test/resources/features/Products.feature:12&amp#27;[0m
11:48:36.304 [main] DEBUG io.cucumber.core.plugin.SerenityReporter - Running feature from file:///C:/Users/WINDOWS%2010/Documents/GitHub/QE_Andira_Ms/Code_Competence_02/alta/src/test/resources/features/Products.feature
11:48:36.309 [main] INFO  - 
  _____   ___   ___   _____     ___   _____     _     ___   _____   ___   ___  
 |_   _| | __| / __| |_   _|   / __| |_   _|   /_\   | _ \ |_   _| | __| |   \ 
   | |   | _|  \__ \   | |     \__ \   | |    / _ \  |   /   | |   | _|  | |) |
   |_|   |___| |___/   |_|     |___/   |_|   /_/ \_\ |_|_\   |_|   |___| |___/ 

View products with invalid API endpoint(products;view-products-with-invalid-api-endpoint)
--------------------------------------------------------------------------------
11:48:36.326 [main] DEBUG net.thucydides.core.steps.StepInterceptor - STARTING STEP: getProductSteps.setInvaliApiEndpoints - I set invalid GET products api endpoints
11:48:36.326 [main] DEBUG net.thucydides.core.steps.StepInterceptor - STEP DONE: I set invalid GET products api endpoints
  &amp#27;[32mGiven &amp#27;[0m&amp#27;[32mI set invalid GET products api endpoints&amp#27;[0m       &amp#27;[90m# starter.stepdefinitions.getProductSteps.setInvaliApiEndpoints()&amp#27;[0m
11:48:36.330 [main] DEBUG net.thucydides.core.steps.StepInterceptor - STARTING STEP: getProductSteps.setInvalidGetHttpRequest - I send a GET request to an invalid API endpoint
11:48:36.331 [main] DEBUG net.thucydides.core.steps.StepInterceptor - STARTING STEP: getProduct.setInvalidGetHttpRequest - I set invalid GET products api endpoints
11:48:36.331 [main] DEBUG net.thucydides.core.steps.StepInterceptor - STEP DONE: I set invalid GET products api endpoints
11:48:36.343 [main] DEBUG org.apache.http.impl.conn.BasicClientConnectionManager - Get connection for route {s}->https://fakestoreapi.com:443
11:48:36.344 [main] DEBUG org.apache.http.impl.conn.DefaultClientConnectionOperator - Connecting to fakestoreapi.com:443
11:48:36.445 [main] DEBUG org.apache.http.client.protocol.RequestAddCookies - CookieSpec selected: ignoreCookies
11:48:36.445 [main] DEBUG org.apache.http.client.protocol.RequestAuthCache - Auth cache not set in the context
11:48:36.445 [main] DEBUG org.apache.http.client.protocol.RequestTargetAuthentication - Target auth state: UNCHALLENGED
11:48:36.445 [main] DEBUG org.apache.http.client.protocol.RequestProxyAuthentication - Proxy auth state: UNCHALLENGED
11:48:36.445 [main] DEBUG org.apache.http.impl.client.DefaultHttpClient - Attempt 1 to execute request
11:48:36.445 [main] DEBUG org.apache.http.impl.conn.DefaultClientConnection - Sending request: GET /products/21 HTTP/1.1
11:48:36.445 [main] DEBUG org.apache.http.wire -  >> "GET /products/21 HTTP/1.1[\r][\n]"
11:48:36.445 [main] DEBUG org.apache.http.wire -  >> "Accept: */*[\r][\n]"
11:48:36.445 [main] DEBUG org.apache.http.wire -  >> "Host: fakestoreapi.com[\r][\n]"
11:48:36.445 [main] DEBUG org.apache.http.wire -  >> "Connection: Keep-Alive[\r][\n]"
11:48:36.445 [main] DEBUG org.apache.http.wire -  >> "User-Agent: Apache-HttpClient/4.5.13 (Java/15)[\r][\n]"
11:48:36.445 [main] DEBUG org.apache.http.wire -  >> "Accept-Encoding: gzip,deflate[\r][\n]"
11:48:36.445 [main] DEBUG org.apache.http.wire -  >> "[\r][\n]"
11:48:36.445 [main] DEBUG org.apache.http.headers - >> GET /products/21 HTTP/1.1
11:48:36.445 [main] DEBUG org.apache.http.headers - >> Accept: */*
11:48:36.445 [main] DEBUG org.apache.http.headers - >> Host: fakestoreapi.com
11:48:36.445 [main] DEBUG org.apache.http.headers - >> Connection: Keep-Alive
11:48:36.445 [main] DEBUG org.apache.http.headers - >> User-Agent: Apache-HttpClient/4.5.13 (Java/15)
11:48:36.445 [main] DEBUG org.apache.http.headers - >> Accept-Encoding: gzip,deflate
11:48:37.115 [main] DEBUG org.apache.http.wire -  << "HTTP/1.1 200 OK[\r][\n]"
11:48:37.115 [main] DEBUG org.apache.http.wire -  << "Date: Sun, 16 Apr 2023 04:48:39 GMT[\r][\n]"
11:48:37.116 [main] DEBUG org.apache.http.wire -  << "Content-Type: application/json; charset=utf-8[\r][\n]"
11:48:37.116 [main] DEBUG org.apache.http.wire -  << "Content-Length: 0[\r][\n]"
11:48:37.116 [main] DEBUG org.apache.http.wire -  << "Connection: keep-alive[\r][\n]"
11:48:37.116 [main] DEBUG org.apache.http.wire -  << "Access-Control-Allow-Origin: *[\r][\n]"
11:48:37.116 [main] DEBUG org.apache.http.wire -  << "X-Powered-By: Express[\r][\n]"
11:48:37.116 [main] DEBUG org.apache.http.wire -  << "CF-Cache-Status: DYNAMIC[\r][\n]"
11:48:37.116 [main] DEBUG org.apache.http.wire -  << "Report-To: {"endpoints":[{"url":"https:\/\/a.nel.cloudflare.com\/report\/v3?s=uRMrn7g3QtRqzokAqW28%2FL2JzJiE7Zk9mrnlmygA9fm3DWbSRgisgVnkuBZk5%2Fe6FSYv4w1nOU9uOC2f0P3NSFTWgFqLIKQA5t7tnhrk7ai6KLjXSYY2GW3RivMdh%2FnwA0AL"}],"group":"cf-nel","max_age":604800}[\r][\n]"
11:48:37.116 [main] DEBUG org.apache.http.wire -  << "NEL: {"success_fraction":0,"report_to":"cf-nel","max_age":604800}[\r][\n]"
11:48:37.116 [main] DEBUG org.apache.http.wire -  << "Server: cloudflare[\r][\n]"
11:48:37.116 [main] DEBUG org.apache.http.wire -  << "CF-RAY: 7b89cc14df6f01d1-SIN[\r][\n]"
11:48:37.116 [main] DEBUG org.apache.http.wire -  << "alt-svc: h3=":443"; ma=86400, h3-29=":443"; ma=86400[\r][\n]"
11:48:37.116 [main] DEBUG org.apache.http.wire -  << "[\r][\n]"
11:48:37.116 [main] DEBUG org.apache.http.impl.conn.DefaultClientConnection - Receiving response: HTTP/1.1 200 OK
11:48:37.116 [main] DEBUG org.apache.http.headers - << HTTP/1.1 200 OK
11:48:37.116 [main] DEBUG org.apache.http.headers - << Date: Sun, 16 Apr 2023 04:48:39 GMT
11:48:37.116 [main] DEBUG org.apache.http.headers - << Content-Type: application/json; charset=utf-8
11:48:37.116 [main] DEBUG org.apache.http.headers - << Content-Length: 0
11:48:37.116 [main] DEBUG org.apache.http.headers - << Connection: keep-alive
11:48:37.116 [main] DEBUG org.apache.http.headers - << Access-Control-Allow-Origin: *
11:48:37.116 [main] DEBUG org.apache.http.headers - << X-Powered-By: Express
11:48:37.116 [main] DEBUG org.apache.http.headers - << CF-Cache-Status: DYNAMIC
11:48:37.116 [main] DEBUG org.apache.http.headers - << Report-To: {"endpoints":[{"url":"https:\/\/a.nel.cloudflare.com\/report\/v3?s=uRMrn7g3QtRqzokAqW28%2FL2JzJiE7Zk9mrnlmygA9fm3DWbSRgisgVnkuBZk5%2Fe6FSYv4w1nOU9uOC2f0P3NSFTWgFqLIKQA5t7tnhrk7ai6KLjXSYY2GW3RivMdh%2FnwA0AL"}],"group":"cf-nel","max_age":604800}
11:48:37.116 [main] DEBUG org.apache.http.headers - << NEL: {"success_fraction":0,"report_to":"cf-nel","max_age":604800}
11:48:37.116 [main] DEBUG org.apache.http.headers - << Server: cloudflare
11:48:37.116 [main] DEBUG org.apache.http.headers - << CF-RAY: 7b89cc14df6f01d1-SIN
11:48:37.116 [main] DEBUG org.apache.http.headers - << alt-svc: h3=":443"; ma=86400, h3-29=":443"; ma=86400
11:48:37.116 [main] DEBUG org.apache.http.impl.client.DefaultHttpClient - Connection can be kept alive indefinitely
11:48:37.117 [main] DEBUG net.thucydides.core.steps.StepInterceptor - STEP DONE: I send a GET request to an invalid API endpoint
  &amp#27;[32mWhen &amp#27;[0m&amp#27;[32mI send a GET request to an invalid API endpoint&amp#27;[0m &amp#27;[90m# starter.stepdefinitions.getProductSteps.setInvalidGetHttpRequest()&amp#27;[0m
11:48:37.124 [main] DEBUG net.thucydides.core.steps.StepInterceptor - STARTING STEP: LoginSteps.receiveValidHttp200 - I receive valid HTTP response code 200
11:48:37.125 [main] DEBUG net.thucydides.core.steps.StepInterceptor - STEP DONE: I receive valid HTTP response code 200
  &amp#27;[32mThen &amp#27;[0m&amp#27;[32mI receive valid HTTP response code 200&amp#27;[0m          &amp#27;[90m# starter.stepdefinitions.LoginSteps.receiveValidHttp200()&amp#27;[0m
11:48:37.129 [main] DEBUG net.thucydides.core.steps.StepInterceptor - STARTING STEP: getProductSteps.receiveNothing - I receive empty content
11:48:37.129 [main] DEBUG net.thucydides.core.steps.StepInterceptor - STEP DONE: I receive empty content
  &amp#27;[32mAnd &amp#27;[0m&amp#27;[32mI receive empty content&amp#27;[0m                          &amp#27;[90m# starter.stepdefinitions.getProductSteps.receiveNothing()&amp#27;[0m
11:48:37.131 [main] INFO  - 
  _____   ___   ___   _____     ___     _     ___   ___   ___   ___  
 |_   _| | __| / __| |_   _|   | _ \   /_\   / __| / __| | __| |   \ 
   | |   | _|  \__ \   | |     |  _/  / _ \  \__ \ \__ \ | _|  | |) |
   |_|   |___| |___/   |_|     |_|   /_/ \_\ |___/ |___/ |___| |___/ 

View products with invalid API endpoint
----------------------------------------------------------------------
]]></system-out>
  </testcase>
  <testcase name="View number 1 user information" classname="User" time="1.189">
    <system-out><![CDATA[11:48:37.132 [main] DEBUG io.cucumber.core.plugin.SerenityReporter - Running feature from file:///C:/Users/WINDOWS%2010/Documents/GitHub/QE_Andira_Ms/Code_Competence_02/alta/src/test/resources/features/User.feature
11:48:37.144 [Finalizer] DEBUG org.apache.http.impl.conn.DefaultClientConnection - Connection 0.0.0.0:57068<->104.21.3.149:443 closed
11:48:37.145 [Finalizer] DEBUG org.apache.http.impl.conn.DefaultClientConnection - Connection 0.0.0.0:57064<->104.21.3.149:443 closed
11:48:37.146 [Finalizer] DEBUG org.apache.http.impl.conn.DefaultClientConnection - Connection 0.0.0.0:57061<->104.21.3.149:443 closed
11:48:37.146 [main] DEBUG net.thucydides.core.steps.StepEventBus - Test suite started for story net.thucydides.core.model.Story@4eea5d88
11:48:37.147 [main] INFO  - Test Suite Started: User

Scenario: View number 1 user information             &amp#27;[90m# src/test/resources/features/User.feature:6&amp#27;[0m
11:48:37.153 [main] DEBUG io.cucumber.core.plugin.SerenityReporter - Running feature from file:///C:/Users/WINDOWS%2010/Documents/GitHub/QE_Andira_Ms/Code_Competence_02/alta/src/test/resources/features/User.feature
11:48:37.159 [main] INFO  - 
  _____   ___   ___   _____     ___   _____     _     ___   _____   ___   ___  
 |_   _| | __| / __| |_   _|   / __| |_   _|   /_\   | _ \ |_   _| | __| |   \ 
   | |   | _|  \__ \   | |     \__ \   | |    / _ \  |   /   | |   | _|  | |) |
   |_|   |___| |___/   |_|     |___/   |_|   /_/ \_\ |_|_\   |_|   |___| |___/ 

View number 1 user information(user;view-number-1-user-information)
--------------------------------------------------------------------------------
11:48:37.188 [main] DEBUG net.thucydides.core.steps.StepInterceptor - STARTING STEP: getUserSteps.setGetApiEndpoints - I set GET user api endpoints
11:48:37.188 [main] DEBUG net.thucydides.core.steps.StepInterceptor - STEP DONE: I set GET user api endpoints
  &amp#27;[32mGiven &amp#27;[0m&amp#27;[32mI set GET user api endpoints&amp#27;[0m                 &amp#27;[90m# starter.stepdefinitions.getUserSteps.setGetApiEndpoints()&amp#27;[0m
11:48:37.194 [main] DEBUG net.thucydides.core.steps.StepInterceptor - STARTING STEP: getUserSteps.setGetHttpRequest - I send a GET request to the user API endpoint
11:48:37.199 [main] DEBUG net.thucydides.core.steps.StepInterceptor - STARTING STEP: getUser.setGetHttpRequest - I set GET user api endpoints
11:48:37.199 [main] DEBUG net.thucydides.core.steps.StepInterceptor - STEP DONE: I set GET user api endpoints
11:48:37.228 [main] DEBUG org.apache.http.impl.conn.BasicClientConnectionManager - Get connection for route {s}->https://fakestoreapi.com:443
11:48:37.228 [main] DEBUG org.apache.http.impl.conn.DefaultClientConnectionOperator - Connecting to fakestoreapi.com:443
11:48:37.351 [main] DEBUG org.apache.http.client.protocol.RequestAddCookies - CookieSpec selected: ignoreCookies
11:48:37.352 [main] DEBUG org.apache.http.client.protocol.RequestAuthCache - Auth cache not set in the context
11:48:37.352 [main] DEBUG org.apache.http.client.protocol.RequestTargetAuthentication - Target auth state: UNCHALLENGED
11:48:37.352 [main] DEBUG org.apache.http.client.protocol.RequestProxyAuthentication - Proxy auth state: UNCHALLENGED
11:48:37.352 [main] DEBUG org.apache.http.impl.client.DefaultHttpClient - Attempt 1 to execute request
11:48:37.352 [main] DEBUG org.apache.http.impl.conn.DefaultClientConnection - Sending request: GET /users/1 HTTP/1.1
11:48:37.352 [main] DEBUG org.apache.http.wire -  >> "GET /users/1 HTTP/1.1[\r][\n]"
11:48:37.352 [main] DEBUG org.apache.http.wire -  >> "Accept: */*[\r][\n]"
11:48:37.352 [main] DEBUG org.apache.http.wire -  >> "Host: fakestoreapi.com[\r][\n]"
11:48:37.352 [main] DEBUG org.apache.http.wire -  >> "Connection: Keep-Alive[\r][\n]"
11:48:37.352 [main] DEBUG org.apache.http.wire -  >> "User-Agent: Apache-HttpClient/4.5.13 (Java/15)[\r][\n]"
11:48:37.352 [main] DEBUG org.apache.http.wire -  >> "Accept-Encoding: gzip,deflate[\r][\n]"
11:48:37.352 [main] DEBUG org.apache.http.wire -  >> "[\r][\n]"
11:48:37.352 [main] DEBUG org.apache.http.headers - >> GET /users/1 HTTP/1.1
11:48:37.352 [main] DEBUG org.apache.http.headers - >> Accept: */*
11:48:37.352 [main] DEBUG org.apache.http.headers - >> Host: fakestoreapi.com
11:48:37.352 [main] DEBUG org.apache.http.headers - >> Connection: Keep-Alive
11:48:37.352 [main] DEBUG org.apache.http.headers - >> User-Agent: Apache-HttpClient/4.5.13 (Java/15)
11:48:37.352 [main] DEBUG org.apache.http.headers - >> Accept-Encoding: gzip,deflate
11:48:38.278 [main] DEBUG org.apache.http.wire -  << "HTTP/1.1 200 OK[\r][\n]"
11:48:38.278 [main] DEBUG org.apache.http.wire -  << "Date: Sun, 16 Apr 2023 04:48:40 GMT[\r][\n]"
11:48:38.278 [main] DEBUG org.apache.http.wire -  << "Content-Type: application/json; charset=utf-8[\r][\n]"
11:48:38.278 [main] DEBUG org.apache.http.wire -  << "Transfer-Encoding: chunked[\r][\n]"
11:48:38.278 [main] DEBUG org.apache.http.wire -  << "Connection: keep-alive[\r][\n]"
11:48:38.278 [main] DEBUG org.apache.http.wire -  << "Access-Control-Allow-Origin: *[\r][\n]"
11:48:38.278 [main] DEBUG org.apache.http.wire -  << "Etag: W/"120-HNMhv14aQeBJetA9fBvavCZ+gdk"[\r][\n]"
11:48:38.278 [main] DEBUG org.apache.http.wire -  << "X-Powered-By: Express[\r][\n]"
11:48:38.278 [main] DEBUG org.apache.http.wire -  << "CF-Cache-Status: DYNAMIC[\r][\n]"
11:48:38.278 [main] DEBUG org.apache.http.wire -  << "Report-To: {"endpoints":[{"url":"https:\/\/a.nel.cloudflare.com\/report\/v3?s=sDSeVttCE0ssd9zuzsAfSOC8U8OMOzlKECNgbHTG8Izuh52R2hoPp9xfON2mllSPf2SmV5jjPQL%2F5a%2BTIlQYgULuAE%2BlRiccWzUm5bMbNhO0iWHNbDsFFd2Yel4hVQC8fuEF"}],"group":"cf-nel","max_age":604800}[\r][\n]"
11:48:38.278 [main] DEBUG org.apache.http.wire -  << "NEL: {"success_fraction":0,"report_to":"cf-nel","max_age":604800}[\r][\n]"
11:48:38.278 [main] DEBUG org.apache.http.wire -  << "Server: cloudflare[\r][\n]"
11:48:38.278 [main] DEBUG org.apache.http.wire -  << "CF-RAY: 7b89cc1adc14401d-SIN[\r][\n]"
11:48:38.278 [main] DEBUG org.apache.http.wire -  << "Content-Encoding: gzip[\r][\n]"
11:48:38.278 [main] DEBUG org.apache.http.wire -  << "alt-svc: h3=":443"; ma=86400, h3-29=":443"; ma=86400[\r][\n]"
11:48:38.278 [main] DEBUG org.apache.http.wire -  << "[\r][\n]"
11:48:38.278 [main] DEBUG org.apache.http.impl.conn.DefaultClientConnection - Receiving response: HTTP/1.1 200 OK
11:48:38.278 [main] DEBUG org.apache.http.headers - << HTTP/1.1 200 OK
11:48:38.278 [main] DEBUG org.apache.http.headers - << Date: Sun, 16 Apr 2023 04:48:40 GMT
11:48:38.278 [main] DEBUG org.apache.http.headers - << Content-Type: application/json; charset=utf-8
11:48:38.278 [main] DEBUG org.apache.http.headers - << Transfer-Encoding: chunked
11:48:38.278 [main] DEBUG org.apache.http.headers - << Connection: keep-alive
11:48:38.278 [main] DEBUG org.apache.http.headers - << Access-Control-Allow-Origin: *
11:48:38.278 [main] DEBUG org.apache.http.headers - << Etag: W/"120-HNMhv14aQeBJetA9fBvavCZ+gdk"
11:48:38.278 [main] DEBUG org.apache.http.headers - << X-Powered-By: Express
11:48:38.278 [main] DEBUG org.apache.http.headers - << CF-Cache-Status: DYNAMIC
11:48:38.278 [main] DEBUG org.apache.http.headers - << Report-To: {"endpoints":[{"url":"https:\/\/a.nel.cloudflare.com\/report\/v3?s=sDSeVttCE0ssd9zuzsAfSOC8U8OMOzlKECNgbHTG8Izuh52R2hoPp9xfON2mllSPf2SmV5jjPQL%2F5a%2BTIlQYgULuAE%2BlRiccWzUm5bMbNhO0iWHNbDsFFd2Yel4hVQC8fuEF"}],"group":"cf-nel","max_age":604800}
11:48:38.278 [main] DEBUG org.apache.http.headers - << NEL: {"success_fraction":0,"report_to":"cf-nel","max_age":604800}
11:48:38.278 [main] DEBUG org.apache.http.headers - << Server: cloudflare
11:48:38.278 [main] DEBUG org.apache.http.headers - << CF-RAY: 7b89cc1adc14401d-SIN
11:48:38.278 [main] DEBUG org.apache.http.headers - << Content-Encoding: gzip
11:48:38.278 [main] DEBUG org.apache.http.headers - << alt-svc: h3=":443"; ma=86400, h3-29=":443"; ma=86400
11:48:38.278 [main] DEBUG org.apache.http.impl.client.DefaultHttpClient - Connection can be kept alive indefinitely
11:48:38.278 [main] DEBUG io.restassured.internal.RestAssuredHttpBuilder - Parsing response as: application/json; charset=utf-8
11:48:38.278 [main] DEBUG org.apache.http.wire -  << "e3[\r][\n]"
11:48:38.278 [main] DEBUG org.apache.http.wire -  << "[0x1f][0x8b][0x8][0x0][0x0][0x0][0x0][0x0][0x0][0x3]LO[0xcb]N[0xc3]0[0x10][0xfc][0x15]4[0xe2][0xe8]DI[0xdc][0xc6][0x89]O=[0xf1][0x1b][0x95][0x89][0x97][0xd4]`{#[0xdb][0xa5][0x82][0xa8][0xff][0x8e]\![0xc4]qvv^;[0x8c][0xb5][0x89]r[0x86][0xde][0xb1][0x12]{^Lq[0x1c]+[0xf4][0xa6]@[0xa3][0x91][0xaa][0x95][0xfd]q[0x86][0x80][0xe7][0xb8]Bc[0xea][0xdb][0xfe]0[0x8f][0xb8][0xb],[0xae]|A[0xe3][0xc3][0xf9][0x85][0xd9][0x13][0x4]rIDU[0x17][0xe9][0xf6][0x94][0xd8]X[0x8][0xc4]kx[0xa5][0x4][0xad][0xc6]i[0x10][0xf8]v[0xdb][0xc2][0x96][0xa0][0xd1][0xf][0xf3]06rR[0x87][0xea][0xe5],t/@[0xc1]8[0xf][0x8d]w[0xbe][0xc4][0xd3]ZA[0xbb]p[0x80][0xc0]5S[0x8a]&[0xd0]/W[0x8d]7[0x93][0xf3][0x8d][0x93][0x85]F[0x90]S[\n]"
11:48:38.278 [main] DEBUG org.apache.http.wire -  << "/[0xcf]5[0xed][0xf1][0xb3][0xe3][0xcd][0xa5]\[0xfe][0x9][0xea][0x0][0xf3]w[0xb1]L5t[0xbb]p|Ti[0x8e][0xaa]k[0x6]96[0xaa][0x93][0x12][0x2][0xe7][0xf3]'tw[0xff][0x1][0x0][0x0][0xff][0xff][0x3][0x0][0xee][0xd7][0xb6][0xa6] [0x1][0x0][0x0]"
11:48:38.278 [main] DEBUG org.apache.http.wire -  << "[\r][\n]"
11:48:38.280 [main] DEBUG org.apache.http.wire -  << "0[\r][\n]"
11:48:38.280 [main] DEBUG org.apache.http.wire -  << "[\r][\n]"
11:48:38.280 [main] DEBUG io.restassured.internal.RestAssuredHttpBuilder - Parsed data to instance of: class org.apache.http.conn.EofSensorInputStream
11:48:38.281 [main] DEBUG org.apache.http.impl.conn.BasicClientConnectionManager - Releasing connection org.apache.http.impl.conn.ManagedClientConnectionImpl@7f9e6167
11:48:38.281 [main] DEBUG org.apache.http.impl.conn.BasicClientConnectionManager - Connection can be kept alive indefinitely
11:48:38.282 [main] DEBUG net.thucydides.core.steps.StepInterceptor - STEP DONE: I send a GET request to the user API endpoint
  &amp#27;[32mWhen &amp#27;[0m&amp#27;[32mI send a GET request to the user API endpoint&amp#27;[0m &amp#27;[90m# starter.stepdefinitions.getUserSteps.setGetHttpRequest()&amp#27;[0m
11:48:38.289 [main] DEBUG net.thucydides.core.steps.StepInterceptor - STARTING STEP: LoginSteps.receiveValidHttp200 - I receive valid HTTP response code 200
11:48:38.289 [main] DEBUG net.thucydides.core.steps.StepInterceptor - STEP DONE: I receive valid HTTP response code 200
  &amp#27;[32mThen &amp#27;[0m&amp#27;[32mI receive valid HTTP response code 200&amp#27;[0m        &amp#27;[90m# starter.stepdefinitions.LoginSteps.receiveValidHttp200()&amp#27;[0m
11:48:38.292 [main] DEBUG net.thucydides.core.steps.StepInterceptor - STARTING STEP: getUserSteps.receiveValidDataForDetailUser - I receive valid data of the user
11:48:38.333 [main] DEBUG net.thucydides.core.steps.StepInterceptor - STEP DONE: I receive valid data of the user
  &amp#27;[32mAnd &amp#27;[0m&amp#27;[32mI receive valid data of the user&amp#27;[0m               &amp#27;[90m# starter.stepdefinitions.getUserSteps.receiveValidDataForDetailUser()&amp#27;[0m
11:48:38.336 [main] INFO  - 
  _____   ___   ___   _____     ___     _     ___   ___   ___   ___  
 |_   _| | __| / __| |_   _|   | _ \   /_\   / __| / __| | __| |   \ 
   | |   | _|  \__ \   | |     |  _/  / _ \  \__ \ \__ \ | _|  | |) |
   |_|   |___| |___/   |_|     |_|   /_/ \_\ |___/ |___/ |___| |___/ 

View number 1 user information
----------------------------------------------------------------------
]]></system-out>
  </testcase>
  <testcase name="View user with invalid API endpoint" classname="User" time="0.684">
    <system-out><![CDATA[
Scenario: View user with invalid API endpoint               &amp#27;[90m# src/test/resources/features/User.feature:12&amp#27;[0m
11:48:38.341 [main] DEBUG io.cucumber.core.plugin.SerenityReporter - Running feature from file:///C:/Users/WINDOWS%2010/Documents/GitHub/QE_Andira_Ms/Code_Competence_02/alta/src/test/resources/features/User.feature
11:48:38.345 [main] INFO  - 
  _____   ___   ___   _____     ___   _____     _     ___   _____   ___   ___  
 |_   _| | __| / __| |_   _|   / __| |_   _|   /_\   | _ \ |_   _| | __| |   \ 
   | |   | _|  \__ \   | |     \__ \   | |    / _ \  |   /   | |   | _|  | |) |
   |_|   |___| |___/   |_|     |___/   |_|   /_/ \_\ |_|_\   |_|   |___| |___/ 

View user with invalid API endpoint(user;view-user-with-invalid-api-endpoint)
--------------------------------------------------------------------------------
11:48:38.360 [main] DEBUG net.thucydides.core.steps.StepInterceptor - STARTING STEP: getUserSteps.setInvaliApiEndpoints - I set invalid GET user api endpoints
11:48:38.361 [main] DEBUG net.thucydides.core.steps.StepInterceptor - STEP DONE: I set invalid GET user api endpoints
  &amp#27;[32mGiven &amp#27;[0m&amp#27;[32mI set invalid GET user api endpoints&amp#27;[0m                &amp#27;[90m# starter.stepdefinitions.getUserSteps.setInvaliApiEndpoints()&amp#27;[0m
11:48:38.365 [main] DEBUG net.thucydides.core.steps.StepInterceptor - STARTING STEP: getUserSteps.setInvalidGetUserHttpRequest - I send a GET user request to an invalid API endpoint
11:48:38.366 [main] DEBUG net.thucydides.core.steps.StepInterceptor - STARTING STEP: getUser.setInvalidGetUserHttpRequest - I set invalid GET user api endpoints
11:48:38.367 [main] DEBUG net.thucydides.core.steps.StepInterceptor - STEP DONE: I set invalid GET user api endpoints
11:48:38.381 [main] DEBUG org.apache.http.impl.conn.BasicClientConnectionManager - Get connection for route {s}->https://fakestoreapi.com:443
11:48:38.381 [main] DEBUG org.apache.http.impl.conn.DefaultClientConnectionOperator - Connecting to fakestoreapi.com:443
11:48:38.470 [main] DEBUG org.apache.http.client.protocol.RequestAddCookies - CookieSpec selected: ignoreCookies
11:48:38.470 [main] DEBUG org.apache.http.client.protocol.RequestAuthCache - Auth cache not set in the context
11:48:38.470 [main] DEBUG org.apache.http.client.protocol.RequestTargetAuthentication - Target auth state: UNCHALLENGED
11:48:38.470 [main] DEBUG org.apache.http.client.protocol.RequestProxyAuthentication - Proxy auth state: UNCHALLENGED
11:48:38.470 [main] DEBUG org.apache.http.impl.client.DefaultHttpClient - Attempt 1 to execute request
11:48:38.470 [main] DEBUG org.apache.http.impl.conn.DefaultClientConnection - Sending request: GET /users/11 HTTP/1.1
11:48:38.470 [main] DEBUG org.apache.http.wire -  >> "GET /users/11 HTTP/1.1[\r][\n]"
11:48:38.470 [main] DEBUG org.apache.http.wire -  >> "Accept: */*[\r][\n]"
11:48:38.470 [main] DEBUG org.apache.http.wire -  >> "Host: fakestoreapi.com[\r][\n]"
11:48:38.470 [main] DEBUG org.apache.http.wire -  >> "Connection: Keep-Alive[\r][\n]"
11:48:38.470 [main] DEBUG org.apache.http.wire -  >> "User-Agent: Apache-HttpClient/4.5.13 (Java/15)[\r][\n]"
11:48:38.470 [main] DEBUG org.apache.http.wire -  >> "Accept-Encoding: gzip,deflate[\r][\n]"
11:48:38.470 [main] DEBUG org.apache.http.wire -  >> "[\r][\n]"
11:48:38.470 [main] DEBUG org.apache.http.headers - >> GET /users/11 HTTP/1.1
11:48:38.470 [main] DEBUG org.apache.http.headers - >> Accept: */*
11:48:38.470 [main] DEBUG org.apache.http.headers - >> Host: fakestoreapi.com
11:48:38.470 [main] DEBUG org.apache.http.headers - >> Connection: Keep-Alive
11:48:38.470 [main] DEBUG org.apache.http.headers - >> User-Agent: Apache-HttpClient/4.5.13 (Java/15)
11:48:38.470 [main] DEBUG org.apache.http.headers - >> Accept-Encoding: gzip,deflate
11:48:39.005 [main] DEBUG org.apache.http.wire -  << "HTTP/1.1 200 OK[\r][\n]"
11:48:39.005 [main] DEBUG org.apache.http.wire -  << "Date: Sun, 16 Apr 2023 04:48:41 GMT[\r][\n]"
11:48:39.005 [main] DEBUG org.apache.http.wire -  << "Content-Type: application/json; charset=utf-8[\r][\n]"
11:48:39.005 [main] DEBUG org.apache.http.wire -  << "Content-Length: 4[\r][\n]"
11:48:39.005 [main] DEBUG org.apache.http.wire -  << "Connection: keep-alive[\r][\n]"
11:48:39.005 [main] DEBUG org.apache.http.wire -  << "Access-Control-Allow-Origin: *[\r][\n]"
11:48:39.005 [main] DEBUG org.apache.http.wire -  << "Etag: W/"4-K+iMpCQsduglOsYkdIUQZQMtaDM"[\r][\n]"
11:48:39.005 [main] DEBUG org.apache.http.wire -  << "X-Powered-By: Express[\r][\n]"
11:48:39.005 [main] DEBUG org.apache.http.wire -  << "CF-Cache-Status: DYNAMIC[\r][\n]"
11:48:39.005 [main] DEBUG org.apache.http.wire -  << "Report-To: {"endpoints":[{"url":"https:\/\/a.nel.cloudflare.com\/report\/v3?s=NmTlmM2X38VxzmWq7YiPT8Asm5lvxpTlYaLZV0ysdYXHGNxNzA2GFcFRoXxDZHg5TTn7n5xZwTorMHMPc%2BYxf4vxNgNCzkuXVGU4xVWDJBcX9AEqS1nG6GY2jhteDfZrKBgj"}],"group":"cf-nel","max_age":604800}[\r][\n]"
11:48:39.005 [main] DEBUG org.apache.http.wire -  << "NEL: {"success_fraction":0,"report_to":"cf-nel","max_age":604800}[\r][\n]"
11:48:39.005 [main] DEBUG org.apache.http.wire -  << "Server: cloudflare[\r][\n]"
11:48:39.005 [main] DEBUG org.apache.http.wire -  << "CF-RAY: 7b89cc217fe740f0-SIN[\r][\n]"
11:48:39.005 [main] DEBUG org.apache.http.wire -  << "alt-svc: h3=":443"; ma=86400, h3-29=":443"; ma=86400[\r][\n]"
11:48:39.005 [main] DEBUG org.apache.http.wire -  << "[\r][\n]"
11:48:39.005 [main] DEBUG org.apache.http.impl.conn.DefaultClientConnection - Receiving response: HTTP/1.1 200 OK
11:48:39.005 [main] DEBUG org.apache.http.headers - << HTTP/1.1 200 OK
11:48:39.005 [main] DEBUG org.apache.http.headers - << Date: Sun, 16 Apr 2023 04:48:41 GMT
11:48:39.005 [main] DEBUG org.apache.http.headers - << Content-Type: application/json; charset=utf-8
11:48:39.005 [main] DEBUG org.apache.http.headers - << Content-Length: 4
11:48:39.005 [main] DEBUG org.apache.http.headers - << Connection: keep-alive
11:48:39.005 [main] DEBUG org.apache.http.headers - << Access-Control-Allow-Origin: *
11:48:39.005 [main] DEBUG org.apache.http.headers - << Etag: W/"4-K+iMpCQsduglOsYkdIUQZQMtaDM"
11:48:39.005 [main] DEBUG org.apache.http.headers - << X-Powered-By: Express
11:48:39.005 [main] DEBUG org.apache.http.headers - << CF-Cache-Status: DYNAMIC
11:48:39.005 [main] DEBUG org.apache.http.headers - << Report-To: {"endpoints":[{"url":"https:\/\/a.nel.cloudflare.com\/report\/v3?s=NmTlmM2X38VxzmWq7YiPT8Asm5lvxpTlYaLZV0ysdYXHGNxNzA2GFcFRoXxDZHg5TTn7n5xZwTorMHMPc%2BYxf4vxNgNCzkuXVGU4xVWDJBcX9AEqS1nG6GY2jhteDfZrKBgj"}],"group":"cf-nel","max_age":604800}
11:48:39.005 [main] DEBUG org.apache.http.headers - << NEL: {"success_fraction":0,"report_to":"cf-nel","max_age":604800}
11:48:39.005 [main] DEBUG org.apache.http.headers - << Server: cloudflare
11:48:39.005 [main] DEBUG org.apache.http.headers - << CF-RAY: 7b89cc217fe740f0-SIN
11:48:39.005 [main] DEBUG org.apache.http.headers - << alt-svc: h3=":443"; ma=86400, h3-29=":443"; ma=86400
11:48:39.005 [main] DEBUG org.apache.http.impl.client.DefaultHttpClient - Connection can be kept alive indefinitely
11:48:39.006 [main] DEBUG io.restassured.internal.RestAssuredHttpBuilder - Parsing response as: application/json; charset=utf-8
11:48:39.006 [main] DEBUG io.restassured.internal.RestAssuredHttpBuilder - Parsed data to instance of: class org.apache.http.conn.EofSensorInputStream
11:48:39.007 [main] DEBUG org.apache.http.wire -  << "null"
11:48:39.007 [main] DEBUG org.apache.http.impl.conn.BasicClientConnectionManager - Releasing connection org.apache.http.impl.conn.ManagedClientConnectionImpl@4e3a6c83
11:48:39.007 [main] DEBUG org.apache.http.impl.conn.BasicClientConnectionManager - Connection can be kept alive indefinitely
11:48:39.008 [main] DEBUG net.thucydides.core.steps.StepInterceptor - STEP DONE: I send a GET user request to an invalid API endpoint
  &amp#27;[32mWhen &amp#27;[0m&amp#27;[32mI send a GET user request to an invalid API endpoint&amp#27;[0m &amp#27;[90m# starter.stepdefinitions.getUserSteps.setInvalidGetUserHttpRequest()&amp#27;[0m
11:48:39.012 [main] DEBUG net.thucydides.core.steps.StepInterceptor - STARTING STEP: LoginSteps.receiveValidHttp200 - I receive valid HTTP response code 200
11:48:39.013 [main] DEBUG net.thucydides.core.steps.StepInterceptor - STEP DONE: I receive valid HTTP response code 200
  &amp#27;[32mThen &amp#27;[0m&amp#27;[32mI receive valid HTTP response code 200&amp#27;[0m               &amp#27;[90m# starter.stepdefinitions.LoginSteps.receiveValidHttp200()&amp#27;[0m
11:48:39.018 [main] DEBUG net.thucydides.core.steps.StepInterceptor - STARTING STEP: getProductSteps.receiveNothing - I receive empty content
11:48:39.018 [main] DEBUG net.thucydides.core.steps.StepInterceptor - STEP DONE: I receive empty content
  &amp#27;[32mAnd &amp#27;[0m&amp#27;[32mI receive empty content&amp#27;[0m                               &amp#27;[90m# starter.stepdefinitions.getProductSteps.receiveNothing()&amp#27;[0m
11:48:39.020 [main] INFO  - 
  _____   ___   ___   _____     ___     _     ___   ___   ___   ___  
 |_   _| | __| / __| |_   _|   | _ \   /_\   / __| / __| | __| |   \ 
   | |   | _|  \__ \   | |     |  _/  / _ \  \__ \ \__ \ | _|  | |) |
   |_|   |___| |___/   |_|     |_|   /_/ \_\ |___/ |___/ |___| |___/ 

View user with invalid API endpoint
----------------------------------------------------------------------
]]></system-out>
  </testcase>
</testsuite>